Title,URL,Root Cause of Flakiness,Root Cause Category,Tests/Code Affected (to Reproduce),Testing Environment/Runner,Manifestation Category,How Fixed in Code,Fix Category,Link to Pull Request (if needed),,,,,,,,
Web,,,,,,,,,,,,,,,,,
[core] Ignore a few flaky visual tests (#19226),https://github.com/mui-org/material-ui/commit/341d0f3d2aa837cbfe890a6695293180f2164f41,Image load may fail,Network Resource Loading,https://github.com/mui-org/material-ui/blob/341d0f3d2aa837cbfe890a6695293180f2164f41/test/regressions/index.js,CircleCi,Unspecified,Added images to blacklist,Blacklist Test,https://github.com/mui-org/material-ui/pull/19226,,,,,,,,
[docs] Batch small changes (#16951)\n\n* [docs] Remove Localize backer\r\n\r\nWe should have removed it last month but forgotten\r\n\r\n* [docs] Document safer path import\r\n\r\n* [docs] Remove double space\r\n\r\n* [docs] Remove redundant prop\r\n\r\n* [docs] Focus on v4.x releases now\r\n\r\n* [docs] Sort demos by popularity\r\n\r\n* [test] Disable flaky tests\r\n\r\n* [docs] Increase the likeness to get backlinks\r\n\r\nThe copyright approach is more valuable for our users than the made with love.\r\n\r\n* [blog] Add v1 link so we can change the canonical url on Medium\r\n\r\n* green build,https://github.com/mui-org/material-ui/commit/0b299e12a27156a7176a801b472a5bf773915bec,Image load issue,Network Resource Loading,https://github.com/oliviertassinari/material-ui/blob/642969f69ecd38cca8e9aa279f65393f0e00138b/test/regressions/index.js,,Unspecified,Added images to blacklist,Blacklist Test,https://github.com/mui-org/material-ui/pull/16951/commits/642969f69ecd38cca8e9aa279f65393f0e00138b,,,,,,,,
"Batch small changes (#16883)\n\n* [test] Disable flaky CustomizedTreeView.png\r\n\r\n* [docs] The outline is no always blue\r\n\r\n* [docs] Remove dead icon\r\n\r\n* [docs] Use the same favicon everywhere\r\n\r\n* [docs] Real life use case\r\n\r\n* [docs] Copy JSFiddle wordings\r\n\r\n* [docs] Migrate TypeScript demos\r\n\r\n* [docs] Rename themes -> theming\r\n\r\nAvoid keyword conflict, reproduce Bootstrap wording\r\n\r\n* [docs] Improve datepicker demos\r\n\r\n* Kristoffer review\r\n\r\n* Matt review\r\n\r\n* minimize diff\r\n\r\n* Matt reivew",https://github.com/mui-org/material-ui/commit/42a2bf354140987dbc7f4a4817a4b6b044e87320,Image load issue,Network Resource Loading,https://github.com/mui-org/material-ui/blob/42a2bf354140987dbc7f4a4817a4b6b044e87320/test/regressions/index.js,,Unspecified,Disabled falsy test,Remove Test,https://github.com/mui-org/material-ui/pull/16883,,,,,,,,
"[test] Fix a flaky test (#15445)\n\n* [test] Fix a flaky test\r\n\r\n* Onepixel is closing remove it\r\n\r\n* remove styles warning in test env\r\n\r\n* migration guide JSS v10 vs v9\r\n\r\n* Fix a few accessibility errors reported by Wave\r\n\r\n* font-awesome flakyness, reject when inactive, investigate",https://github.com/mui-org/material-ui/commit/004bb030ae626dd85bec84d19d367cb02c75fd2c,Improper waiting for elements,Resource Rendering,https://github.com/oliviertassinari/material-ui/blob/f75bd499b1ac1a31ee9625692f249ff279821b00/packages/material-ui-lab/src/SpeedDial/SpeedDial.test.js,,Rerun Multiple Times,Increase timeout,Add/Increase Delay,https://github.com/mui-org/material-ui/pull/15445,,,,,,,,
[test] Fix Argos-CI flakyness (#12142),https://github.com/mui-org/material-ui/commit/734023dc423b7b1792efbc6a4d3f1e77007c3c84,Wait for Font Awesome to be loaded.,Network Resource Loading,https://github.com/oliviertassinari/material-ui/blob/192f7d7386a49f10bfc0c3f53c79d13ee8021d0c/test/regressions/index.js,,Unspecified,Added Font Awesome to be waiting for load,Fix Await Mechanism,https://github.com/mui-org/material-ui/pull/12142,,,,,,,,
[test] The size limit is flaky :o,https://github.com/mui-org/material-ui/commit/7d66bcee86dc0bf3bbb4cf43621400f07027d8dd,"[test] The size limit is flaky(90.71KB, changed to 90.72KB for fixing)",Network Resource Loading,https://github.com/mui-org/material-ui/blob/7d66bcee86dc0bf3bbb4cf43621400f07027d8dd/.size-limit,,Unspecified,Changed the size limit,Refactor Logic Implementation,,,,,,,,,
[test] Fix flaky popper.js test (#9168),https://github.com/mui-org/material-ui/commit/9d1c2f0ab014c76ddc042dea58a6a9384fc108f4,popper.js issue(get NaN for some computed styles),Incorrect Test Runner Interaction,https://github.com/the-noob/material-ui/blob/032d7ad3cde100d8d7b3223b71198e3fe6b8735f/src/Tooltip/Tooltip.spec.js https://github.com/the-noob/material-ui/blob/032d7ad3cde100d8d7b3223b71198e3fe6b8735f/src/Tooltip/Tooltip.js,,Unspecified,Changed div element and change `getChildren()` => `getPopperChildren()`,Fix Incorrect/Change API Access,https://github.com/mui-org/material-ui/pull/9168,,,,,,,,
Build: Fix flaky story (#8459)\n\nBuild: Fix flaky story\r\n\r\nCo-authored-by: Michael Shilman <shilman@users.noreply.github.com>,https://github.com/storybookjs/storybook/commit/fd7193abe02c4b6f8cf1a2527f322bd5ab687df6,Layout issue when run in Chromatic,Layout Difference,https://github.com/storybookjs/storybook/blob/fd7193abe02c4b6f8cf1a2527f322bd5ab687df6/lib/ui/src/components/layout/layout.stories.js https://github.com/storybookjs/storybook/blob/fd7193abe02c4b6f8cf1a2527f322bd5ab687df6/lib/ui/src/components/layout/persist.js,"CircleCi, Chromatic",Forcibly Clear Data,REMOVE the relevant localstorage on every story render in chromatic and set default layout,Refactor Logic Implementation,https://github.com/storybookjs/storybook/pull/8459,,,,,,,,
FIX flaky story,https://github.com/storybookjs/storybook/commit/8d135069690f5552ad62aa33c21c1662706f1cc7,"1 story has been flaky, this makes it deterministic",Layout Difference,https://github.com/storybookjs/storybook/blob/8d135069690f5552ad62aa33c21c1662706f1cc7/lib/ui/src/components/layout/layout.stories.js,CircleCi,Forcibly Clear Data,Changed default layout sizing and remove relevant localstorage ,Refactor Logic Implementation,https://github.com/storybookjs/storybook/pull/8459,,,,,,,,
Introduce dynamic(() => import()) (#5249)\n\n* Add failing tests\r\n\r\n* Upgrade wd module\r\n\r\n* Pass dynamic import webpack ids to the client side\r\n\r\n* Pass through webpack ids to initalializer and only use those\r\n\r\n* Compile dynamic(import()) to dynamic(() => import())\r\n\r\n* Default dynamicIds\r\n\r\n* Use forked hard-source-plugin\r\n\r\n* Possibly fix test\r\n\r\n* Make tests fail less intermittently\r\n\r\n* Temporarily disable hard-source in production\r\n\r\n* Make sure dynamic import chunks are unique\r\n\r\n* Disable hard-source\r\n\r\n* Log html if error is thrown\r\n\r\n* Fix test,https://github.com/zeit/next.js/commit/42736c061ad0e5610522de2517c928b2b8af0ed4,"Time Delays not long enough, Components not rendered in time",Resource Rendering,https://github.com/zeit/next.js/blob/42736c061ad0e5610522de2517c928b2b8af0ed4/test/integration/basic/test/error-recovery.js,"Webdriver,Jest",Unspecified,Changed wait time from 3 seconds to 10 seconds,Add/Increase Delay,https://github.com/zeit/next.js/pull/5249,,,,,,,,
"chore: update minor updates in packages except react, babel and eslint (#16942)\n\n* chore: update minor updates in packages except react, babel and eslint\n\n* Update snapshots\n\n* Bump up timeout for a flaky test",https://github.com/gatsbyjs/gatsby/commit/05e90da29ff965ec00ea9b8c226e081408903e9c,Time delay not long enough,Resource Rendering,https://github.com/gatsbyjs/gatsby/blob/05e90da29ff965ec00ea9b8c226e081408903e9c/e2e-tests/production-runtime/cypress/integration/accessibility.js,Cypress,Unspecified,Changed wait time from 5s to 10s,Add/Increase Delay,https://github.com/gatsbyjs/gatsby/pull/16942,,,,,,,,
Fix failing tests on IE11 and add flag for flakey tests (#2220)\n\n* fix renderer tests by using sinon global\r\n\r\n* temp test IE11 (remove this when verified)\r\n\r\n* add polyfills\r\n\r\n* conditionally skip some tests in IE11\r\n\r\n* refactor to skipped tests instead\r\n\r\n* correct typo\r\n\r\n* use DISABLE_FLAKEY\r\n\r\n* disable saucelabs again\r\n\r\n* rearrange browsers to see if this affects coverage or if cov takes lowest amount\r\n\r\n* assert correctly\r\n\r\n* use xit instead of it.skip\r\n\r\n* arrange correctly\r\n\r\n* try getting FLAKY from process.env\r\n\r\n* add flakey logging\r\n\r\n* revert some changes\r\n\r\n* add flakey to travis script\r\n\r\n* add one more flakey test\r\n\r\n* try some logging to see if we can derive the browser we're in\r\n\r\n* revert sauceLabs = true\r\n\r\nCo-authored-by: Marvin Hagemeister <marvin@marvinhagemeister.de>,https://github.com/preactjs/preact/commit/6fcf76b1da6bb28705a9d1513be550063ce09d50,Flaky rendering in CI,Resource Rendering,https://github.com/preactjs/preact/blob/6fcf76b1da6bb28705a9d1513be550063ce09d50/debug/test/browser/devtools/renderer.test.js,"Travis, Karma",Run on Specific Platform,Added flaky tags to tests,Mark Test as Flaky,https://github.com/preactjs/preact/pull/2220,,,,,,,,
fix flakey test in firefox,https://github.com/preactjs/preact/commit/f71089747102e50b2dc3bbdeefcabee1432ce9a9,Ordering differences in attributes in different browsers,Unordered Collections,https://github.com/preactjs/preact/blob/f71089747102e50b2dc3bbdeefcabee1432ce9a9/test/browser/render.js,"Travis, Karma",Unspecified,Added sorting to attribute list before testing list,Refactor Logic Implementation,,,,,,,,,
Fix flakey test relying on attribute ordering in `innerHTML` serialization (Firefox 45 I'm looking at you),https://github.com/preactjs/preact/commit/ba48cd3741bb1266dab6418db19783aa151c182b,Ordering differences in attributes in different browsers,Unordered Collections,https://github.com/preactjs/preact/blob/ba48cd3741bb1266dab6418db19783aa151c182b/test/browser/components.js,"Travis, Karma",Run on Specific Platform,Added sorting to attribute list before testing list,Refactor Logic Implementation,,,,,,,,,
Fix two flakey tests,https://github.com/preactjs/preact/commit/0efa8e8bffd8d72b38618d6e00c3058cf129cce0,Ordering differences in attributes in different browsers,Unordered Collections,https://github.com/preactjs/preact/blob/0efa8e8bffd8d72b38618d6e00c3058cf129cce0/test/browser/components.js,"Travis, Karma",Unspecified,Added sorting to attribute list before testing list,Refactor Logic Implementation,,,,,,,,,
Fix flakey test logic,https://github.com/preactjs/preact/commit/945afe30c537abce36482821ed12e2df5fd98560,Flaky lifecycle methods in CI,Resource Rendering,https://github.com/preactjs/preact/blob/945afe30c537abce36482821ed12e2df5fd98560/test/browser/lifecycle.js,"Travis, Karma",Unspecified,Added flaky tags to tests,Mark Test as Flaky,,,,,,,,,
Add flakey test bypass for travis,https://github.com/preactjs/preact/commit/76b7c9a1d84682a9975dfac11bebb510e307f7d3,Flaky lifecycle methods in CI,Resource Rendering,https://github.com/preactjs/preact/blob/76b7c9a1d84682a9975dfac11bebb510e307f7d3/test/browser/lifecycle.js,"Travis, Karma",Run in CI,"Added FLAKEY flag to travis, flaky tags to tests",Mark Test as Flaky,,,,,,,,,
fix(specs): Fix intermittent async error and max event listener leak\n\nAn absolute ContactStore spec was causing the listener leak by\nre-initializing the store and not cleaning it up.\n\nIntermittent theme manager failing spec might be caused due to timing of\nthe theme activation,https://github.com/nylas/nylas-mail/commit/b0b0c14d037c38ac0d74079b8a544d9c9d0e9b6c,timing of the theme activation,Resource Rendering,https://github.com/nylas/nylas-mail/blob/b0b0c14d037c38ac0d74079b8a544d9c9d0e9b6c/spec/theme-manager-spec.coffee,,Unspecified,added then to the active function,Fix Await Mechanism,,,,,,,,,
"fix(config): Apply config change from Atom, process locking\n\nSummary:\nhttps://github.com/atom/atom/commit/d1c44dcb54994eb733eff0bfde69c8454aeff22c\n\nAlso lock config across processes to prevent the user from being logged out when the main process reads config before it's finished writing. This is what is causing the login window to appear.\n\nTest Plan: Rapidly tap between the two display modes. Note that it no longer reverts to the wrong one intermittently.\n\nReviewers: evan\n\nReviewed By: evan\n\nDifferential Revision: https://phab.nylas.com/D1931",https://github.com/nylas/nylas-mail/commit/6c407f2f1c2f72d1b4ccd5c1697485fb320ff82a,the main process reads config before it's finished writing.,Test Order Dependency,https://github.com/nylas/nylas-mail/blob/6c407f2f1c2f72d1b4ccd5c1697485fb320ff82a/spec/config-spec.coffee,,Provide Steps,Added lock,Fix Await Mechanism,,,,,,,,,
Making a flaky test less flaky,https://github.com/mobxjs/mobx/commit/8d63071ad2a7bba7f74aefccc57513ba7ed6f079,Waiting time varies,Resource Rendering,https://github.com/mobxjs/mobx/blob/8d63071ad2a7bba7f74aefccc57513ba7ed6f079/test/base/reaction.js,CircleCi,Unspecified,Changed the timeout/ delay duration,Add/Increase Delay,,,,,,,,,
Fixed flaky strict mode test,https://github.com/mobxjs/mobx/commit/03a087452ad7d6c1b5e2b13239bba5d95a0d7768,reset issue,Test Order Dependency,https://github.com/mobxjs/mobx/blob/03a087452ad7d6c1b5e2b13239bba5d95a0d7768/test/extras.js,CircleCi,Unspecified,Added resetGlobalState,Refactor Logic Implementation,,,,,,,,,
[Tests] comment out flaky `useEffect` test,https://github.com/enzymejs/enzyme/commit/b8289d02355882c57bf334ce001307807a674661,Perhaps unmount of useEffect is async,Resource Rendering,https://github.com/enzymejs/enzyme/blob/b8289d02355882c57bf334ce001307807a674661/packages/enzyme-test-suite/test/shared/hooks/useEffect.jsx,Sinon,Unspecified,Comment out,Remove Test,,,,,,,,,
Zs flakeyexplorertest16587 (#16676)\n\n* fix(test): flaky explorerer test round 1\r\n\r\n* fix(test): flaky explorerer test round 1\r\n\r\n* fix(test): flaky explorerer test round 1\r\n\r\n* fix(test): flaky explorerer test round 1,https://github.com/influxdata/influxdb/commit/e0165303ed2d62d751222940dcde431b41895ca9,Should be visible,Incorrect Test Runner Interaction,https://github.com/influxdata/influxdb/blob/e0165303ed2d62d751222940dcde431b41895ca9/ui/cypress/e2e/explorer.test.ts,Cypress,Unspecified,Added be.visable requirement,Refactor Logic Implementation,https://github.com/influxdata/influxdb/pull/16676,,,,,,,,
Merge pull request #16589 from influxdata/zs-flakeyonboardinge2e16446\n\nfix(test): Fixing flakey e2e onboarding test in cypress,https://github.com/influxdata/influxdb/commit/5d4248e06517791510a515bf805570cb5e49785b,Maybe waiting time not enough,Resource Rendering,https://github.com/influxdata/influxdb/blob/5d4248e06517791510a515bf805570cb5e49785b/ui/cypress/e2e/onboarding.test.ts,Cypress,Rerun Multiple Times,Added wait,Fix Await Mechanism,https://github.com/influxdata/influxdb/pull/16589,,,,,,,,
test: fix flaky explorer tests by targeting .CodeMirror and not force typing,https://github.com/influxdata/influxdb/commit/138caab0a2a9175763be47e6b37d8ddc53eb4ae4,DOM element targeting,Incorrect Test Runner Interaction,https://github.com/influxdata/influxdb/blob/138caab0a2a9175763be47e6b37d8ddc53eb4ae4/ui/cypress/e2e/explorer.test.ts,Cypress,Unspecified,targeting .CodeMirror and not force typing,Refactor Logic Implementation,https://github.com/influxdata/influxdb/pull/16392,,,,,,,,
fix(ui): fixed flakey tests (#16268)\n\nfix(ui): fixed flakey tests,https://github.com/influxdata/influxdb/commit/63b81291887f87e821ba6e8c250f1efaf920d57b,flush & signin would flake if called multiple times in the same test suite,Test Order Dependency,https://github.com/influxdata/influxdb/blob/63b81291887f87e821ba6e8c250f1efaf920d57b/ui/cypress/e2e/explorer.test.ts,Cypress,Selectively Run Test,consolidated the logic that needed to be retrieved from signing in into the first beforeEach call and removed the multiple usages of cy.flush and cy.signin since the test suite was logging in successfully and was flaking when we would flush the credentials and sign in again due to idiosyncrasies in the way the tests were running,Refactor Logic Implementation,https://github.com/influxdata/influxdb/pull/16268,,,,,,,,
"fix(ui): front end sorting for numeric values now being handled correctly (#16237)\n\nfix(ui): front end table sort now works for numbers, skipping test until flake is resolved",https://github.com/influxdata/influxdb/commit/bba04e20b44dd0f8fd049d80f270424eb266533f,Test logic depended on signin logic in other test,Test Order Dependency,https://github.com/influxdata/influxdb/blob/bba04e20b44dd0f8fd049d80f270424eb266533f/ui/cypress/e2e/explorer.test.ts,cypress,Selectively Run Test,skip it,Remove Test,https://github.com/influxdata/influxdb/pull/16237,,,,,,,,
fix(e2e): fix race conditions (#16173)\n\n* fix(e2e): flakey query builder test\r\n\r\n* test(e2e): run test 50 times\r\n\r\n* test(e2e): run update label test 50 times\r\n\r\n* fix(e2e): visit page after creation\r\n\r\n* chore(e2e): run test once\r\n\r\n* fix(e2e): run update label test once,https://github.com/influxdata/influxdb/commit/4f5ff962d69a84f7a6970b02f9e79b09dbad21fe,A race condition exists between saving the cell's updated name and re-opening the cell. Will replace this with a cy.wait(@updateCell) when Cypress supports waiting on window.fetch responses,Network Resource Loading,https://github.com/influxdata/influxdb/blob/4f5ff962d69a84f7a6970b02f9e79b09dbad21fe/ui/cypress/e2e/labels.test.ts; https://github.com/influxdata/influxdb/blob/4f5ff962d69a84f7a6970b02f9e79b09dbad21fe/ui/cypress/e2e/queryBuilder.test.ts,,Rerun Multiple Times,Added then,Fix Await Mechanism,https://github.com/influxdata/influxdb/pull/16173,,,,,,,,
fix(flakey-test): refactored getSortedBucketNames for more consistency and predictability. Finished DWP API functionality (#15802)\n\n* fix(flakey-test): refactored getSortedBucketNames for more consistency and predictability. Finished DWP API functionality\r\n\r\n* fix(FilterRow): removed unnecessary FeatureFlag from component\r\n\r\n* chore: updated yml and tests to reflect API changes,https://github.com/influxdata/influxdb/commit/5ba9142f2f3dfef7731e95a12b6cc93dac9c34b7,inconsistent behavior in the test,Unordered Collections,https://github.com/influxdata/influxdb/blob/5ba9142f2f3dfef7731e95a12b6cc93dac9c34b7/ui/src/buckets/selectors/index.test.ts,CircleCi,Run on Specific Platform,refactored getSortedBucketNames for more consistency and predictability. Finished DWP API functionality; Connected the datatypes.ComparisonNotEqual to the influxdb.NotEqual case in predicate/tag_rule,Refactor Logic Implementation,https://github.com/influxdata/influxdb/pull/15802,,,,,,,,
fix(ui): Fixing the sort by seconds\n\nFixing flakey test,https://github.com/influxdata/influxdb/commit/f37ea3bfb8684ebdfa066ddf4d1cc1663a1e64cc,Randomness of forever means this can not work with two forever buckets. So we delete the cookie bucket to remove this problem,Randomness,https://github.com/influxdata/influxdb/blob/f37ea3bfb8684ebdfa066ddf4d1cc1663a1e64cc/ui/cypress/e2e/buckets.test.ts,Cypress,Provide Steps,Remove one forever bucket,Use Workaround,https://github.com/influxdata/influxdb/issues/14923,,,,,,,,
test(ui): make tasks e2e test a little less flaky,https://github.com/influxdata/influxdb/commit/bd98a198925c4824c952787f86e924c879e286d5,Leftover state from previous tests,Test Order Dependency,https://github.com/influxdata/influxdb/blob/bd98a198925c4824c952787f86e924c879e286d5/ui/cypress/e2e/tasks.test.ts,Cypress,Selectively Run Test,Added then,Fix Await Mechanism,https://github.com/influxdata/influxdb/pull/15709,,,,,,,,
test(ui): rejigger the collector tests to be less flaky,https://github.com/influxdata/influxdb/commit/dc8904928fb0c7e126e50804507e77fcd5e5e0f0,No async,Incorrect Resource Load Order,https://github.com/influxdata/influxdb/blob/dc8904928fb0c7e126e50804507e77fcd5e5e0f0/ui/cypress/e2e/collectors.test.ts,Cypress,Unspecified,Added then,Fix Await Mechanism,https://github.com/influxdata/influxdb/pull/15709,,,,,,,,
test(ui): Fix flaky tasks and dashboard tests,https://github.com/influxdata/influxdb/commit/3b5d0a443e8c7302cfd5c31f1cefd1f16e950e6e,No async,Incorrect Resource Load Order,https://github.com/influxdata/influxdb/blob/3b5d0a443e8c7302cfd5c31f1cefd1f16e950e6e/ui/cypress/e2e/dashboardsIndex.test.ts,Cypress,Unspecified,Added then,Fix Await Mechanism,https://github.com/influxdata/influxdb/pull/15693,,,,,,,,
fix: Replace requestIdleCallback with requestAnimationFrame for a more consistent DOM write cycle. (#307)\n\n* fix: Replace requestIdleCallback with requestAnimationFrame for a more consistent DOM write cycle.\r\n\r\n* fix: Update export\r\n\r\n* chore: skip flaky test,https://github.com/nfl/react-helmet/commit/a2323add50c15bf6a1047b5d99753cce6db07fd6,React Dom Render,Resource Rendering,https://github.com/nfl/react-helmet/blob/a2323add50c15bf6a1047b5d99753cce6db07fd6/test/HelmetDeclarativeTest.js,Travis Ci,Run on Specific Platform,Skip it,Remove Test,https://github.com/nfl/react-helmet/pull/307,,,,,,,,
fix flaky tests\n\nfix settings test\n\nminor changes\n\nmake sure the created user is the first row of the list\n\nfix oauth2 tests\n\nminor changes\n\nfix oauth2 tests\n\nminor changes\n\nupdate utils import in entity spec\n\ntry to move to Jasmine because of timeouts with mocha+chai\n\nfix no i18n message\n\ncome back to mocha+chai\n\nminor change\n\ntry splitting actions more\n\nremove describe for user management\n\ntry to fix the failing test\n\nremove arg from navbarpage constructor\n\ntry to split more\n\ntry to fix timeout by splitting more\n\ntest react e2e in travis multiple times\n\nchange travis config\n\nsome changes\n\nfix user management loading\n\nrestore travis config\n\nmodify e2e tests according to new user registration process\n\nwait for modified date sort button to be clickable\n\nadd some async/await\n\nwait for deactivated button to be clickable\n\nremove unused functions with oauth2,https://github.com/jhipster/generator-jhipster/commit/5068452382f00ef2444858bc827630d1a1a7dc23,Proper waiting missing in click,Incorrect Resource Load Order,https://github.com/jhipster/generator-jhipster/blob/5068452382f00ef2444858bc827630d1a1a7dc23/generators/client/templates/react/src/test/javascript/e2e/modules/administration/administration.spec.ts.ejs,Azure Pipelines,Run on Specific Platform,Added async statements,Fix Await Mechanism,https://github.com/jhipster/generator-jhipster/issues/7694,,,,,,,,
test(vrt): reduce flakiness (#2728)\n\n* test(vrt): add jest retry\r\n\r\n* test(vrt): remove retry\r\n\r\n* test(vrt): remove waitFor\r\n\r\n* test(vrt): add targeted wait to dropdown\r\n\r\n* test(vrt): same same\r\n\r\n* test: add 1s timeout so interactions dont spill\r\n\r\n* test: try visible\r\n\r\n* fix: remove timeout\r\n\r\n* fix: add visible for datepicker too\r\n\r\n* fix: add more visibles :+1:\r\n\r\n* feat: try something crazy\r\n\r\n* refactor: clean up\r\n\r\n* refactor: try to snap timeouts and errors for debugging\r\n\r\n* test: add padding and only test phone-input\r\n\r\n* test: add datepicker too\r\n\r\n* test: restore full suite\r\n\r\n* test(vrt): update visual snapshots for af2d246 [skip ci] (#2777)\r\n\r\nCo-authored-by: UberOpenSourceBot <33560951+UberOpenSourceBot@users.noreply.github.com>,https://github.com/uber/baseweb/commit/086a8fdea491502e78d3cd822e256b6470204513,time wait; viewport resize; dropdown snapshots,Layout Difference,https://github.com/uber/baseweb/blob/086a8fdea491502e78d3cd822e256b6470204513/vrt/tests.vrt.js; https://github.com/uber/baseweb/blob/086a8fdea491502e78d3cd822e256b6470204513/vrt/config.js,jest-image-snapshot,Run on Specific Platform,manully set view port; added padding,Refactor Logic Implementation,https://github.com/uber/baseweb/pull/2728,,,,,,,,
Masonry: MasonryInfinite for infinite fetching (#307)\n\n* Masonry: MasonryInfinite for infinite fetching\r\n\r\n- Pulled fetching out from Masonry\r\n- MasornyInfinite is exported as the old Masonry\r\n and should function the same\r\n- export MasonryBeta as it can be used with custom\r\n fetching logic\r\n- This provides a graceful migration path.\r\n- Final migration will involve renaming\r\n MasonryBeta/MasonryInfinite/Masrony\r\n- Existing Masonry integration will be testing MasonryInfinite to ensure\r\n compatibility\r\n\r\n* Addressed comments\r\n\r\n* Refactored layout calculations into states\r\n\r\n* Immutable items check for isfetching\r\n\r\n* Update onmount code and tests\r\n\r\n- removed unused code\r\n- scrollFetchOnload test is updated to match\r\n existing values on master (TEST_FETCH_COUNTS === 1 when\r\n manualFetch = 1)\r\n- added timeout to fix flaky tets\r\n- added missing await\r\n\r\n* Addressed comments\r\n\r\n- renamed to onVirtualizationWindowUpdate\r\n- moved to helper function: layoutClass and statesForRendering\r\n\r\n* Changed to use onAutoMeasuring callback\r\n\r\n* Used ref callback,https://github.com/pinterest/gestalt/commit/f6c683b66b2d8b0ec87db283418459e87160a21f,time wait,Resource Rendering,https://github.com/pinterest/gestalt/blob/f6c683b66b2d8b0ec87db283418459e87160a21f/packages/gestalt/src/__integration__/loadMore.integration.js; https://github.com/pinterest/gestalt/blob/f6c683b66b2d8b0ec87db283418459e87160a21f/packages/gestalt/src/__integration__/nullItems.integration.js,Masonry,Unspecified,added timeout,Add/Increase Delay,https://github.com/pinterest/gestalt/pull/307,,,,,,,,
chore: use Base64 URI decoded avatar to avoid flaky UI tests if image loads slow,https://github.com/JetBrains/ring-ui/commit/f7bc28af06433ff22e898aacd2b3e8f0534defda,image load slow,Network Resource Loading,https://github.com/JetBrains/ring-ui/blob/f7bc28af06433ff22e898aacd2b3e8f0534defda/components/tag/tag.examples.js,Karma,Unspecified,change decoder to base64,Use Workaround,,,,,,,,,
"Fix flaky activation test\n\nMove mouse off of the button to see the ""Active"""" text.\n\nAlso",https://github.com/houndci/hound/commit/bc34c1cf6d796cca4488257dead74f8d640fd286,"mouse covered ""active"" text",Incorrect Test Runner Interaction,https://github.com/houndci/hound/blob/bc34c1cf6d796cca4488257dead74f8d640fd286/spec/features/user_activates_a_repo_spec.rb,CircleCi,Unspecified,move mouse off,Use Workaround,https://github.com/houndci/hound/pull/1503,,,,,,,,
"[CORL-645] Add Slack support for v5 (#2713)\n\n* Create preliminary schema for setting Slack channels\r\n\r\nCORL-645\r\n\r\n* Implement preliminary slack notification using tenant slack channels\r\n\r\nCORL-645\r\n\r\n* Very preliminarily get data loading with FieldArray's for slack channels\r\n\r\nCORL-645\r\n\r\n* Update settings input on schema to allow saving Slack settings to tenant\r\n\r\nCORL-645\r\n\r\n* Filter off UNMODERATED queue events from slack channels\r\n\r\nWe don't send these to slack through our filters, we only care\r\nabout pending, reported, and featured\r\n\r\nCORL-645\r\n\r\n* Include a moderation link in comments pushed to Slack\r\n\r\nCORL-645\r\n\r\n* Hook up proper callback functions for adding/removing slack channels\r\n\r\nCORL-645\r\n\r\n* Add missing translation for Slack navigation item\r\n\r\nCORL-645\r\n\r\n* Update snapshots for preliminary Slack configuration changes\r\n\r\nCORL-645\r\n\r\n* Add some FormField wrappers around slack config elements\r\n\r\nMakes the UI appear a little nicer\r\n\r\nCORL-645\r\n\r\n* Set up slack config to only provide one slack channel\r\n\r\nWe need to do this until we can get ArrayField's working\r\nin final-form.\r\n\r\nCORL-645\r\n\r\n* Disable the other trigger checkboxes when ""All Comments"""" is checked\r\n\r\nCORL-645\r\n\r\n* Clean up the formatting of Slack messages\r\n\r\nCORL-645\r\n\r\n* Add error handling around sending comments to Slack\r\n\r\nCORL-645\r\n\r\n* Add links to external Slack setup documentation\r\n\r\nCORL-645\r\n\r\n* Replace form state with wrapped field element\r\n\r\nCORL-645\r\n\r\n* Clean up fetch request sending Slack notifications\r\n\r\nCORL-645\r\n\r\n* Prefer global string replacement over RegEx\r\n\r\nCORL-645\r\n\r\n* Use URL class to construct comment URL's\r\n\r\nCORL-645\r\n\r\n* Require slack configuration in schema\r\n\r\nCORL-645\r\n\r\n* Initialize Slack in fixtures\r\n\r\nAlso fix up a flaky test that wasn't waiting\r\non form submission and on-change events.\r\n\r\nCORL-645\r\n\r\n* Preliminarily fix up styles to match other config pages\r\n\r\nCORL-645\r\n\r\n* Create placeholder add/remove buttons\r\n\r\n* Convert SlackConfigContainer to FunctionalComponent\r\n\r\nCORL-645\r\n\r\n* Add name field to slack channels\r\n\r\nCORL-645\r\n\r\n* Disable inner fields on Slack channel when not enabled\r\n\r\nCORL-645\r\n\r\n* Improve the delete channel button\r\n\r\nCORL-645\r\n\r\n* Use pureMerge to extract slack channel settings\r\n\r\nCORL-645\r\n\r\n* Do a bit of cleanup on the add channel button\r\n\r\nCORL-645""",https://github.com/coralproject/talk/commit/54296fa48417d838beb4971fc4aaee161488113c,text input propery check not waiting properly,Incorrect Resource Load Order,https://github.com/coralproject/talk/blob/54296fa48417d838beb4971fc4aaee161488113c/src/core/client/admin/test/configure/general.spec.tsx,CircleCI,Unspecified,Added await statements,Fix Await Mechanism,https://github.com/coralproject/talk/pull/2713,,,,,,,,
test(docs-infra):'avoid'click-related'CI'flake'in'e2e'test'(#29641)\n\nOne'of'the'tests'introduced'in'#29601'is'susceptible'to'a'kind'of\nWebDriver'flake'related'to'trying'to'click'elements'hidden'behind'fixed\npositioned'elements.\nThis'commit'works'around'the'issue'by'clicking'the'elements'directly\nusing'JavaScript'(instead'of'`WebElement#click()`).\n\nPR'Close'#29641,https://github.com/angular/angular/commit/deca6a60ddddb45caae97942977591204a7e56f9,WebDriver click flaky when trying to click hidden elements,DOM Selector Issue,https://github.com/angular/angular/blob/deca6a60ddddb45caae97942977591204a7e56f9/aio/tests/e2e/app.e2e-spec.ts,"WebDriver, CircleCI",Unspecified,Changed WebElement#click() to JavaScript click event,Refactor Logic Implementation,https://github.com/angular/angular/pull/29641,,,,,,,,
test(animations):'make'e2e'tests'for'animations'docs'examples'less'flaky'(#26377)\n\nPR'Close'#26377,https://github.com/angular/angular/commit/31c462ae3f5b80002b6ef364706ddd73c0ed6f82,Used sleep to wait for animations to be complete,Animation Timing Issue,https://github.com/angular/angular/blob/31c462ae3f5b80002b6ef364706ddd73c0ed6f82/aio/content/examples/animations/e2e/src/app.e2e-spec.ts,"CircleCI, Jasmine",Run on Specific Platform,Changed sleep to asynchronous wait for element height to match expected height,Fix Await Mechanism,https://github.com/angular/angular/pull/26377,,,,,,,,
"test:'menu'tests'flaky'due'to'missing'animation'flush'(#17935)\n\nFollow-up'to:'1255139a38e5d8425bb6236c63c3d231301b21da\r\n\r\nTwo'recently'added'tests'for'the'menu/mdc-menu'and'the'MDC-one'from'the\r\ninitial'commit'seem'to'miss'a'`tick`'to'flush'the'open'animation.'Without\r\nthe'flush,'the'`FakeAsyncTestZone`'will'report'a'pending'timer'on'test'completion.",https://github.com/angular/components/commit/6ae74a0eb21268d4b107a052a8cf8ae63078bf99,Missing tick call to flush animation before checking element,Animation Timing Issue,https://github.com/angular/components/blob/6ae74a0eb21268d4b107a052a8cf8ae63078bf99/src/material-experimental/mdc-menu/menu.spec.ts,"CircleCI, Jasmine",Unspecified,Added tick statement to delay check,Fix Await Mechanism,https://github.com/angular/components/pull/17935,,,,,,,,
test:'fix'flaky'slide-toggle'test'with'pending'timer'task\n\nOne'of'the'slide-toggle'tests'has'become'quite'flaky'the\nlast'days'and'after'debugging'ZoneJS'it'turns'out'that\nthis'is'related'to'the'`(focus)`'event'from'the'`FocusMonitor`\nand'we'can'safely'improve'the'stability'of'the'test'by'removing\nthe'`fakeAsync`'which'isn't'needed'anyway.\n\nFor'reference:'Other'tests'asserting'the'`click`'event'on\nthe'slide-toggle'native'element'also'have'a'`tick()`\nspecified'but'we'don't'need'to'wait'for'pending'timers\nanyway..'so'we'can'just'remove'`fakeAsync'.,https://github.com/angular/components/commit/86da318c280ec6dc10260c411352086fc87515de,Unecessary extra wait through fakeAsync function causing instability in slide-toggle test,Incorrect Test Runner Interaction,https://github.com/angular/components/blob/86da318c280ec6dc10260c411352086fc87515de/src/material/slide-toggle/slide-toggle.spec.ts,"CircleCI, Jasmine",Unspecified,Removed fakeAsync function around test,Refactor Logic Implementation,https://github.com/angular/components/pull/16102,,,,,,,,
"build:'fix'IE'and'Edge'test'flakes'(#8909)\n\n*'Fixes'the'`OverlayKeyboardDispatcher`'tests'leaking'`.cdk-overlay-container`'instances'which'can'throw'off'any'subsequent'tests.'This'seems'to'be'what'is'causing'the'current'test'flakes'in'master'that'happen'if'the'tests'are'run'in'a'minimized'browser'window.\r\n*'Gets'rid'of'the'explicit'cleanup'of'overlay'containers'in'the'overlay'container'tests.'This'can'cause'tests'to'be'even'flakier'if'there'are'any'leaks,'in'addition'to'being'unnecessary'because'there'shouldn't'be'any'containers'to'begin'with.",https://github.com/angular/components/commit/253bff61613f39a463a83b24475af66c1de667d2,Container overlays that aren't cleaned when test is run with browser minimized,Layout Difference,https://github.com/angular/components/blob/253bff61613f39a463a83b24475af66c1de667d2/src/cdk/overlay/keyboard/overlay-keyboard-dispatcher.spec.ts,"CircleCI, Jasmine",Force Environment Conditions,Call destroy method on overlay components after each test,Refactor Logic Implementation,https://github.com/angular/components/pull/8909,,,,,,,,
chore(select):'avoid'test'flakes'due'to'sub-pixel'deviations'(#7281)\n\nFixes'some'tests'that'were'failing'when'they're'run'against'Chrome'on'Windows'due'to'sub-pixel'measurement'differences.,https://github.com/angular/components/commit/3982cc8b60facd3c1d6baf493c8de955ccd0682d,Positioning test failed on Chrome on Windows due to subpixel dfferences,Platform Issue,https://github.com/angular/components/blob/3982cc8b60facd3c1d6baf493c8de955ccd0682d/src/lib/select/select.spec.ts,"CircleCI, Jasmine",Run on Specific Platform,Add rounding to dimension comparisons in tests,Refactor Logic Implementation,https://github.com/angular/components/pull/7281,,,,,,,,
test(e2e):'Fix'e2e'flakes'by'setting'default'window'size'(#3234)\n\n*'.\r\n\r\n*'Try'to'make'screenshot'image'size'same'as'before\r\n\r\n*'change'back'to'1024'x'768,https://github.com/angular/components/commit/194714ac83cca420878b80ba30b72643c59e4531,Browser window size caused screenshot test to fail,Layout Difference,https://github.com/angular/components/blob/194714ac83cca420878b80ba30b72643c59e4531/e2e/screenshot.ts,"CircleCI, Jasmine",Unspecified,Set default window size for e2e tests,Refactor Logic Implementation,https://github.com/angular/components/pull/3234,,,,,,,,
Release'8.0.2'(#1890)\n\n*'chore:'bump'version\r\n\r\n*'Update'zone.js'peer'dependency\r\n\r\n*'update'zone.js'in'all'apps\r\n\r\n*'Make'repo'apps'compatible'with'`--bundle`'(#1857)\r\n\r\n*'chore:'upgrade'app'to'latest'versions'and'webpack\r\n\r\n*'chore:'fix'incorrect'temlateUrl'in'component\r\nchore:'update'karma'config'for'latest'CLI'beta'6.0.0\r\n\r\n*'chore:'make'`router-tab-view`'example'webpack'compatible\r\n\r\n*'chore:'make'`nested-router-tab-view`'example'webpack'compatible\r\n\r\n*'chore:'fix'lazy'loaded'component'not'loading\r\n\r\n*'chore:'make'`modal-navigation-ng`'example'webpack'compatible\r\n\r\n*'chore:'add'webpack'config'due'to'issue'in'CLI'that'disregards'the'`nsconfig.json`\r\n\r\n*'chore:'update'test'app'with'latest'deps'and'remove'not'used'd.ts\r\n\r\n*'chore:'update'karma'config\r\n\r\n*'chore:'resolve'issue'caused'by'overrding'`global.__extends'`\r\n\r\n*'chore:'update'Angular'deps\r\n\r\n*'chore:'update'`nativescript-dev-webpack`'to'next\r\n\r\n*'refactor:'unit-test'configs\r\n\r\n*'test:'update'webpack'config\r\n\r\n*'refactor:'remove'deprecated'API'usage'(#1874)\r\n\r\n*'tests:'mocha'reporter'and'include'ts'files'(#1875)\r\n\r\n*'Migrate'from'ReflectiveInjector'(deprecated)'to'StaticInjector'(#1868)\r\n\r\n*'chore:'migrate'to'StaticInjector\r\n\r\n*'chore:'replace'parentInjector'in'detached-loader\r\n\r\n*'feat(tabs):'register'tabs'elements'(#1883)\r\n\r\n*'feat(tabs):'register'tabs'elements\r\n\r\n*'feat(tests-app-ng):'add'tabs'component\r\n\r\n*'chore:'fix'android28'animation'tests'(#1885)\r\n\r\n*'chore:'retry'a'flaky'test'on'failure'(#1886)\r\n\r\n*'release:'cut'the'8.0.2'release,https://github.com/NativeScript/nativescript-angular/commit/1cc842049014cd2763e4bd413dff465b06166c58,navigate and back,Test Order Dependency,https://github.com/NativeScript/nativescript-angular/blob/bbb2b0f6a118b1e17717591c101760caa6cdc14d/e2e/nested-router-tab-view/e2e/tab-view.e2e-spec.ts,"travis-ci, appium",Unspecified,Added retry,Refactor Logic Implementation,https://github.com/NativeScript/nativescript-angular/pull/1886,,,,,,,,
Tests'fixes'(#1640)\n\n*'increace'tests'timeout\r\n\r\n*'icreace'timeout\r\n\r\n*'show'crash'message\r\n\r\n*'test'fixes\r\n\r\n*'stop'app\r\n\r\n*'fix'onboarding'and'goal'tests\r\n\r\n*'fix'streamboss'and'output'settings\r\n\r\n*'clean\r\n\r\n*'disable'goal'tests\r\n\r\n*'disable'more'tests\r\n\r\n*'run'only'flaky\r\n\r\n*'disable'stream'boss'test\r\n\r\n*'add'more'logs\r\n\r\n*'disable'pause\r\n\r\n*'add'additional'logging\r\n\r\n*'add'logs\r\n\r\n*'wait'for'loader\r\n\r\n*'get'rid'of'clickWhenReady\r\n\r\n*'udpate'widget'events'listener\r\n\r\n*'return'click'to'setup'later\r\n\r\n*'change'order'of'events\r\n\r\n*'fix'listener\r\n\r\n*'optimize'form'fill\r\n\r\n*'run'all'tests\r\n\r\n*'clean'TODO\r\n\r\n*'restore'streamboss'test\r\n\r\n*'disable'websockets\r\n\r\n*'get'rid'of'logs'in'widgets,https://github.com/stream-labs/streamlabs-obs/commit/c993316b945258cce272704d925bbdeace48f62a,fill action before waiting func,Resource Rendering,https://github.com/stream-labs/streamlabs-obs/blob/c993316b945258cce272704d925bbdeace48f62a/test/widgets/goals.ts,Azure pipeline,Unspecified,put fill action as callback func,Refactor Logic Implementation,https://github.com/stream-labs/streamlabs-obs/pull/1640,,,,,,,,
Add'@flaky'flag'to'click-to-select'tests'[1852]\n\n-'Reason:'some'tests'ran'into'async'timeout'issues'on'CI.,https://github.com/plotly/plotly.js/commit/7da973b6c5e219fe6def91bf587c63fc1bba56ad,mock plot function,Resource Rendering,https://github.com/plotly/plotly.js/blob/7da973b6c5e219fe6def91bf587c63fc1bba56ad/test/jasmine/tests/select_test.js,"circle.ci, jasmine",Provide Example,added flaky tag,Mark Test as Flaky,https://github.com/plotly/plotly.js/issues/1852,,,,,,,,
feat(button):'Add'overflow'ellipsis'mixin'(#5352)\n\n*'feat(button):'Add'overflow'ellipsis'mixin\r\n\r\n*'WIP'try'to'fix'flaky'tests\r\n\r\n*'WIP'json'is'dumb,https://github.com/material-components/material-components-web/commit/47949b08e0a2ec82178c638d8074c34c745409b4,invalid textarea; delay not enough,Platform Issue,https://github.com/material-components/material-components-web/blob/05a35e675d6644a64605264f2191b22be477f18b/test/screenshot/diffing.json,"travis, jasmine, Sauce Labs, CrossBrowserTesting, karma, webdriver",Unspecified,skip,Remove Test,https://github.com/material-components/material-components-web/pull/5352,,,,,,,,
"chore(infrastructure):'Increase'IE/Edge'flake'tolerance'(#3333)\n\n###'What'it'does\r\n\r\n-'Adds'config'options'in'`diffing.json`'to'fine-tune'flaky'screenshot'test'behavior:\r\n\r\n''''-'Knobs:\r\n''''''''-'Number'of'retry'attempts\r\n''''''''-'Delay'before'retrying\r\n''''''''-'Font'loading'timeout\r\n''''-'Global'settings'for'all'browsers'and'URLs:\r\n''''''''-'`2`'retries\r\n''''''''-'`50ms`'font'load'delay:'Gives'the'browser'time'to're-render'page'content'w/'new'fonts\r\n''''''''-'`500ms`'page'load'delay'when'retrying:'Allows'janky'rendering'to'settle\r\n''''-'IE/Edge-specific'settings'for'all'URLs:\r\n''''''''-'`4`'retries:'Microsoft'browsers'flake'more'often'than'Chrome/Firefox/Safari\r\n''''''''-'`300ms`'font'load'delay:'Gives'IE/Edge'extra'time'to're-render'page'content'w/'new'fonts\r\n''''-'IE/Edge-specific'settings'for'`mdc-textfield`'and'`mdc-typography`'URLs:\r\n''''''''-'`6`'retries:'I've'seen'them'fail'up'to'5'times'before'finally'passing\r\n''''''''-'`500ms`'font'load'delay:'Gives'`MDCTextField`'jank'time'to'settle\r\n<br>\r\n\r\n-'Adds'a'`FlakeConfig`'field'to'every'`Screenshot`'so'that'specific'browsers/URLs'can'have'different'timeouts'and'tolerances\r\n\r\n-'Adds'optional'URL'query'params'to'all'test'pages:\r\n''''-'E.g.:'`focused.html?font_face_observer_timeout_ms=3000&fonts_loaded_reflow_delay_ms=100`\r\n''''-'Values'come'from'`Screenshot.flake_config`.'If'no'values'are'passed,'sensible'defaults'for'local'development'are'used.\r\n''''-'Adds'npm'dependency:'[`url-search-params-polyfill`](https://www.npmjs.com/package/url-search-params-polyfill)'(polyfill'for'[`URLSearchParams`](https://developer.mozilla.org/en-US/docs/Web/API/URLSearchParams))\r\n<br>\r\n\r\n-'Stops'uploading'empty'(0px)'diff'images'to'GCS\r\n\r\n-'Improves'Selenium'session'termination:\r\n''''-'During'session'startup,'if'one'VM'fails'by'throwing'an'error,'we'now'wait'for'all'other'browsers'to'finish'starting'up'so'that'they'can'be'terminated''normally''by'calling'`driver.quit()`.'Previously,'any'VMs'that'hadn't'finished'starting'when'another'VM'threw'an'error'would'become'zombie'sessions.'There'were'only'two'ways'to'clean'them'up:'A)'manually'kill'them'in'the'CBT'UI;'or'B)'wait'2'minutes'and'rerun'the'tests'(sessions'with'no'activity'for'at'least'2'minutes'are'automatically'killed'on'startup).\r\n''''-'`SIGINT`'(<kbd>Ctrl</kbd>+<kbd>C</kbd>)'and'`SIGTERM`'(`kill`)'handlers'wait'for'all'sessions'to'finish'starting'before'killing'them,'for'the'same'reasons'described'in'the'previous'bullet.'This'makes'the'session'termination'much'more'robust.\r\n''''-'Changes'`process.exit(code)`'to'`process.exitCode'='code`'in'`run.js`.'The'former'causes'Node'to'exit'immediately'without'waiting'for'CBT'Selenium'cancellation'requests'to'complete,'whereas'the'latter'causes'Node'to'wait'for'all'timers'and'unresolved'Promises'before'exiting.\r\n<br>\r\n\r\n-'Changes'`Metadata`'table'headings:\r\n''''-'`Author'Name`'\u2192'`Host'User`\r\n''''-'`Author'OS`'\u2192'`Host'OS`\r\n\r\n###'Example'output\r\n\r\n####'Flaky'MS'Edge'`text-field`'page'passes'after'`attempt'5'of'6`:\r\n\r\n![screenshot](https://user-images.githubusercontent.com/409245/43988127-b3aea150-9ce3-11e8-8094-d43e6619b4b7.png)",https://github.com/material-components/material-components-web/commit/f54d42e566744bd415a6515845eb08359c7fc285,render waiting time may not enough; edge broswer issue,Platform Issue,https://github.com/material-components/material-components-web/blob/f54d42e566744bd415a6515845eb08359c7fc285/test/screenshot/diffing.json,"travis, jasmine, Sauce Labs, CrossBrowserTesting, karma, webdriver",Run on Specific Platform,set config for flaky tests,Mark Test as Flaky,https://github.com/material-components/material-components-web/pull/3333,,,,,,,,
"chore(infrastructure):'Increase'SL'timeout'and'disable'N-1/N+1'browsers'(#3182)\n\n###'What'it'does\r\n\r\n*'Changes'the'timeout'for'individual'test'cases'on'Sauce'Labs'from'2'seconds'to'10'seconds\r\n*'Disables'unnecessary'browsers:'Chrome'N+1'(dev),'Chrome'N-1,'and'Firefox'N-1\r\n''''-'Our'SL'account'only'allows'`5`'concurrent'tests\r\n''''-'Unit'tests'now'run'in'`4`'browsers'instead'of'`7`:\r\n''''''''*'Chrome'latest'(desktop)\r\n''''''''*'Firefox'latest\r\n''''''''*'IE'11\r\n''''''''*'Safari'(mobile)\r\n-'Enables'[extended'debugging](https://wiki.saucelabs.com/pages/viewpage.action?pageId=70072943)'(capturing'browser'console'logs)'in'Chrome'and'Firefox\r\n\r\nAFAIK'the'only'way'to'verify'this'PR'is'to'run'it'repeatedly'on'Travis'and'look'for'the'errors'listed'below.\r\n\r\nRefs'#3191\r\n\r\n###'Why\r\n\r\nThis'PR'attempts'to'work'around'two'specific'types'of'flakes'I've'seen'repeatedly'on'Sauce'Labs:\r\n\r\n####'Timeouts'on'individual'test'cases'that'use'`requestAnimationFrame()`'or'`setTimeout()`\r\n\r\n```\r\nIE'11.0.0'(Windows'8.1.0.0)'MDCSliderFoundation'-'pointer'events'on'touchstart'takes'RTL'into'account'when'computing'the'slider's'value'using'the'X'coordinate'of'the'event'FAILED\r\n''Timeout'of'2000ms'exceeded.'For'async'tests'and'hooks,'ensure''done()''is'called;'if'returning'a'Promise,'ensure'it'resolves.\r\nIE'11.0.0'(Windows'8.1.0.0)'MDCSliderFoundation'-'pointer'events'on'touchstart'adds'the'mdc-slider--active'class'to'the'root'element'FAILED\r\n''Timeout'of'2000ms'exceeded.'For'async'tests'and'hooks,'ensure''done()''is'called;'if'returning'a'Promise,'ensure'it'resolves.\r\n........\r\nIE'11.0.0'(Windows'8.1.0.0)'MDCSliderFoundation'-'pointer'events'on'body'touchmove'updates'the'slider's'value'based'on'the'X'coordinate'of'the'event'FAILED\r\n''Timeout'of'2000ms'exceeded.'For'async'tests'and'hooks,'ensure''done()''is'called;'if'returning'a'Promise,'ensure'it'resolves.\r\n.\r\nIE'11.0.0'(Windows'8.1.0.0)'MDCSliderFoundation'-'pointer'events'on'body'touchmove'notifies'discrete'slider'pin'value'marker'to'change'value'FAILED\r\n''Timeout'of'2000ms'exceeded.'For'async'tests'and'hooks,'ensure''done()''is'called;'if'returning'a'Promise,'ensure'it'resolves.\r\nIE'11.0.0'(Windows'8.1.0.0)'MDCSliderFoundation'-'pointer'events'on'body'touchend'removes'the'mdc-slider--active'class'from'the'component'FAILED\r\n''Timeout'of'2000ms'exceeded.'For'async'tests'and'hooks,'ensure''done()''is'called;'if'returning'a'Promise,'ensure'it'resolves.\r\n```\r\n\r\n####'Concurrency'limits\r\n\r\nOur'SL'account'is'limited'to'5'concurrent'tests.'We'constantly'blow'past'that'limit'because'`karma.conf.js`'tests'_7_'browsers'on'every'single'commit.\r\n\r\nThis,'in'turn,'causes'subsequent'SL'requests'to'enqueue,'which'can'lead'to'test'suite'timeouts:\r\n\r\n```\r\nWARN'[launcher]:'Safari'on'SauceLabs'have'not'captured'in'240000'ms,'killing.\r\nINFO'[launcher]:'Trying'to'start'Safari'on'SauceLabs'again'(1/2).\r\n...\r\nWARN'[launcher]:'Safari'on'SauceLabs'have'not'captured'in'240000'ms,'killing.\r\nINFO'[launcher]:'Trying'to'start'Safari'on'SauceLabs'again'(2/2).\r\n```\r\n\r\n[SL'logs](https://saucelabs.com/beta/tests/696708e0fd284bc6b2a03ce6a8decb4f):\r\n\r\n![image](https://user-images.githubusercontent.com/409245/43157525-29256050-8f32-11e8-8e65-fb6e83fe6930.png)\r\n\r\n###'Possible'root'causes'of'flaky'unit'tests'on'SL\r\n\r\nMost'likely:\r\n\r\n*'**Concurrency'limit**:'We'have'a'free'OSS'account'on'SL,'which'gives'us'5'concurrent'tests.'We'currently'run'unit'tests'in'7'browsers,'including'Chrome'N+1,'Chrome'N-1,'and'Firefox'N-1.\r\n*'**Traffic'congestion**:'SL'might'get'overloaded'during'peak'hours'and'queue'our'tests'for'a'long'time\r\n\r\nLess'likely,'but'possible:\r\n\r\n*'Buggy'implementation'and/or'usage'of'mock'`requestAnimationFrame()`'in'[`test/unit/helpers/raf.js`](https://github.com/material-components/material-components-web/blob/bc500f247c9c0dcaaa81f9c3a9f93de22ca83480/test/unit/helpers/raf.js#L32)\r\n*'Buggy'implementation'and/or'usage'of'`lolex`'(mock'`setTimeout()`)\r\n\r\n###'Other'Sauce'Labs'errors\r\n\r\nThis'one'connected'OK,'but'kept'sending'the'`GET'title`'command'repeatedly'and'then'gave'up.\r\n\r\n[SL'logs](https://saucelabs.com/beta/tests/cd8e1a1b7c414217b140126c52f068d1):\r\n\r\n![image](https://user-images.githubusercontent.com/409245/43158106-ae96c89a-8f33-11e8-93b8-954edb71c4ea.png)",https://github.com/material-components/material-components-web/commit/ce8e724b0476d2a8a27cc3f5264da30eb02991d1,Concurrency limit; Traffic congestion,Platform Issue,https://github.com/material-components/material-components-web/blob/ce8e724b0476d2a8a27cc3f5264da30eb02991d1/karma.conf.js,"travis, jasmine, Sauce Labs, CrossBrowserTesting, karma, webdriver",Run on Specific Platform,Changes the timeout for individual test cases on Sauce Labs from 2 seconds to 10 seconds; Disables unnecessary browsers,Add/Increase Delay,https://github.com/material-components/material-components-web/pull/3333,,,,,,,,
"chore(infrastructure):'Automatically'retry'screenshots'up'to'3'times'to'reduce'flakes'(#3072)\n\n###'How'to'test\r\n\r\nRun'this'command'over'and'over,'and'scan'the'console'output'for'lines'that'start'with''Retry':\r\n\r\n```bash\r\nnpm'run'screenshot:test'--'\\\r\n''--url=mdc-button/classes/baseline-button-with-icons.html'\\\r\n''--browser=desktop_windows_ie@11\r\n```\r\n\r\n###'What'it'does\r\n\r\n-'Automatically'retries'screenshots'that'have'diffs'up'to'3'times\r\n''''-'Minimizes'noisy'diffs'due'to'flaky'browser'rendering\r\n''''-'Significantly'reduces'noise'across'all'4'browsers,'especially'IE'11'\U0001f4a9\r\n-'Compares'each'screenshot'to'its'golden'counterpart'immediately'after'capturing'it,'instead'of'waiting'until'all'screenshots'have'been'captured\r\n-'Adds'`--retries`'and'`--max-parallels`'CLI'options\r\n-'Fixes'buggy'parsing'of'`--diff-base`'local'`golden.json`'files\r\n-'Increases'the'minimum'pixel'diff'threshold'from'10'pixels'to'15'pixels\r\n''''-'Avoids'noisy'FAB'diffs'in'Edge\r\n-'Changes'the'`min-width`'button'label'text'from'`\u662f`'to'`+`\r\n''''-'Fixes'flaky'font'rendering'in'Firefox\r\n-'Updates'`golden.json`'with'new'`min-width`'button'screenshots\r\n-'Returns'a'non-zero'exit'code'from'the'`npm'run'screenshot:test`'if'there'are'any'screenshot'changes'(diffs/added/removed)\r\n''''-'Necessary'for'Travis'CI'(and'to'be'consistent'with'UNIX'conventions)\r\n-'Removes'`fixture.js`'from'`.eslintignore`\r\n-'Renames'`resemble.json`'to'`diffing.json`\r\n-'Updates'example'report'links'and'console'output'in'README\r\n\r\n###'Example'output\r\n\r\nReport'page:\r\n\r\n-'https://storage.googleapis.com/mdc-web-screenshot-tests/advorak/2018/07/14/07_08_26_379/report/report.html\r\n\r\nConsole'output:\r\n\r\n```\r\nGET'https://storage.googleapis.com/mdc-web-screenshot-tests/advorak/2018/07/14/07_25_45_444/mdc-button/classes/baseline-button-with-icons.html'>'desktop_windows_ie@11...\r\nCropped'https://storage.googleapis.com/mdc-web-screenshot-tests/advorak/2018/07/14/07_25_45_444/mdc-button/classes/baseline-button-with-icons.html'>'desktop_windows_ie@11'image'from'384x687'to'348x628\r\nRetrying'mdc-button/classes/baseline-button-with-icons.html'>'desktop_windows_ie@11'(attempt'1'of'3).'1,873'pixels'differed'(0.9%'of'348x628)\r\n```",https://github.com/material-components/material-components-web/commit/bbff28d92a81f587a504e32cb895a55e4d44c2e6,font render in firefox,Platform Issue,https://github.com/material-components/material-components-web/blob/bbff28d92a81f587a504e32cb895a55e4d44c2e6/test/screenshot/mdc-button/classes/baseline-button-without-icons.html; https://github.com/material-components/material-components-web/blob/bbff28d92a81f587a504e32cb895a55e4d44c2e6/test/screenshot/mdc-button/classes/baseline-link-without-icons.html; https://github.com/material-components/material-components-web/blob/bbff28d92a81f587a504e32cb895a55e4d44c2e6/test/screenshot/mdc-button/classes/dense-button-without-icons.html; https://github.com/material-components/material-components-web/blob/bbff28d92a81f587a504e32cb895a55e4d44c2e6/test/screenshot/mdc-button/classes/dense-link-without-icons.html; https://github.com/material-components/material-components-web/blob/bbff28d92a81f587a504e32cb895a55e4d44c2e6/test/screenshot/mdc-button/mixins/horizontal-padding-baseline.html; https://github.com/material-components/material-components-web/blob/bbff28d92a81f587a504e32cb895a55e4d44c2e6/test/screenshot/mdc-button/mixins/horizontal-padding-dense.html,"travis, jasmine, Sauce Labs, CrossBrowserTesting, karma, webdriver",Provide Steps,"changes """" to ""+""",Refactor Logic Implementation,https://github.com/material-components/material-components-web/commit/bbff28d92a81f587a504e32cb895a55e4d44c2e6,,,,,,,,
"fix(infrastructure):'Ensure'grid'pattern'renders'correctly'in'IE'(#2729)\n\n###'How'to'test\r\n\r\n```bash\r\nexport'CBT_USERNAME='...'\r\nexport'CBT_AUTHKEY='...'\r\nexport'MDC_GCLOUD_SERVICE_ACCOUNT_KEY_FILE_PATH='...'\r\n\r\nnpm'run'screenshot:build\r\nnpm'run'screenshot:test\r\n\r\necho''.mdc-button:not(:disabled){color:red}''>>'packages/mdc-button/mdc-button.scss\r\necho''.mdc-button:disabled{margin-left:10px}''>>'packages/mdc-button/mdc-button.scss\r\nnpm'run'screenshot:build\r\nnpm'run'screenshot:test'--'--mdc-include-url=button/classes/'--mdc-include-browser=ie@11\r\n```\r\n\r\n###'What'it'does\r\n\r\n-'Uses'PNG'`background-image`'instead'of'`linear-gradient`\r\n-'Adds'Webpack'loader'`base64-inline-loader`'to'base64-encode'`data:`'URIs'from'background'images'in'Sass\r\n\r\nIE'occasionally'renders'the'`linear-gradient`'version'incorrectly,'shifting'it'1px'to'the'left,'which'generates'noisy,'flaky'diffs.",https://github.com/material-components/material-components-web/commit/34f73e832f8f12cccbf981af8153f34e4e2436b9,IE occasionally renders the `linear-gradient` version incorrectly,Platform Issue,https://github.com/material-components/material-components-web/blob/34f73e832f8f12cccbf981af8153f34e4e2436b9/test/screenshot/fixture.scss,,Provide Steps,Uses PNG `background-image` instead of `linear-gradient`; Adds Webpack loader `base64-inline-loader` to base64-encode `data:` URIs from background images in Sass,Use Workaround,https://github.com/material-components/material-components-web/pull/2729,,,,,,,,
Mark'modal'window'test'as'flaky,https://github.com/qutebrowser/qutebrowser/commit/8bf7cb539ad44076deabed1740c4cfe29adb1252,Modal open/close test is flaky,Resource Rendering,https://github.com/qutebrowser/qutebrowser/blob/8bf7cb539ad44076deabed1740c4cfe29adb1252/tests/end2end/features/javascript.feature,"Travis, Conftest",Unspecified,added flaky tag,Mark Test as Flaky,,,,,,,,,
Mark'opening/closing'window'via'JS'test'as'flaky,https://github.com/qutebrowser/qutebrowser/commit/4a78519b63774661a05ed0aa2f4a4a9675bdc425,Window open/close via JS test is flaky,Resource Rendering,https://github.com/qutebrowser/qutebrowser/blob/4a78519b63774661a05ed0aa2f4a4a9675bdc425/tests/end2end/features/javascript.feature,"Travis, Conftest",Unspecified,added flaky tag,Mark Test as Flaky,,,,,,,,,
Mark'another'window.open'test'as'flaky\n\nSee'https://travis-ci.org/qutebrowser/qutebrowser/jobs/277846887,https://github.com/qutebrowser/qutebrowser/commit/192c063743328916ec00aa26c017aecd76533ced,Window open without user interaction via JS is flaky,Resource Rendering,https://github.com/qutebrowser/qutebrowser/blob/192c063743328916ec00aa26c017aecd76533ced/tests/end2end/features/javascript.feature,"Travis, Conftest",Unspecified,added flaky tag,Mark Test as Flaky,,,,,,,,,
Mark'window.open'test'as'flaky,https://github.com/qutebrowser/qutebrowser/commit/f6d878f33f863753a8729c72fdb14eed5b7ea667,Window open without user interaction with javascript.can_open_tabs_automatically set to true is flaky,Resource Rendering,https://github.com/qutebrowser/qutebrowser/blob/f6d878f33f863753a8729c72fdb14eed5b7ea667/tests/end2end/features/javascript.feature,"Travis, Conftest",Unspecified,added flaky tag,Mark Test as Flaky,,,,,,,,,
Wait'for'`entry-menu`'before'trying'to'click'it.\n\nThis'*may*'prevent'some'of'the'intermittent'errors'in'the'Timesheet'tests.'Maybe.,https://github.com/overshard/timestrap/commit/b1bc72d7e062027255bdd34285db87c2677df8a3,entry-menu intermittently not loaded before click,Resource Rendering,https://github.com/overshard/timestrap/blob/b1bc72d7e062027255bdd34285db87c2677df8a3/core/tests/tests_selenium.py,,Unspecified,added waitForPresence func,Fix Await Mechanism,,,,,,,,,
Bug'1550595'-'Disable'failing'Visual'Viewport'API'web'platform'tests'on'desktop.'r=kats\n\nWe'disable'them'rather'than'marking'them'as'expected'to'fail'because'sometimes\nthe'problems'with'them'can'manifest'as'intermittent'failures.\n\nDifferential'Revision:'https://phabricator.services.mozilla.com/D30791\n\n--HG--\nextra':'moz-landing-system':'lando,https://github.com/MrAlex94/Waterfox/commit/79a6455e3f1beb542a36b37a258257ae555c85a3,Visual Viewport API web platform tests flaky on desktop,Layout Difference,https://github.com/MrAlex94/Waterfox/blob/79a6455e3f1beb542a36b37a258257ae555c85a3/testing/web-platform/meta/visual-viewport/viewport-read-size-causes-layout.html.ini; https://github.com/MrAlex94/Waterfox/blob/79a6455e3f1beb542a36b37a258257ae555c85a3/testing/web-platform/meta/visual-viewport/viewport-scrollbars-cause-resize.html.ini; https://github.com/MrAlex94/Waterfox/blob/79a6455e3f1beb542a36b37a258257ae555c85a3/testing/web-platform/meta/visual-viewport/viewport-unscaled-size.html.ini,web-platform-tests,Run on Specific Platform,disabled,Remove Test,,,,,,,,,
"Bug'1536762'-'part4':'disable'tests'on'Android'and'Windows.'r=heycam\n\nOn'Android,'sometime'we'can't'get'the'first'frame,'which'would'cause'intermittent'fail.'See'bug1546128.\n\nOn'Windows,'sometime'we'would'get'incorrect'text'color'rendering,'which'would'also'cause'intermittent'fail.'See'bug1546133.\n\nIt'seems'that'we'won't'get'these'two'bug'fixed'recently,'so'I'm'going'to'disable'them'on'these'two'platforms.\n\nDifferential'Revision:'https://phabricator.services.mozilla.com/D28359\n\n--HG--\nextra':'moz-landing-system':'lando",https://github.com/MrAlex94/Waterfox/commit/7d4ac29915dfce2e9e2c96d4358f29fe9c81b100,"On Android, sometime we can't get the first frame, which would cause intermittent fail. See bug1546128;On Windows, sometime we would get incorrect text color rendering, which would also cause intermittent fail. See bug1546133.",Platform Issue,see commit,web-platform-tests,Run on Specific Platform,disabled,Remove Test,,,,,,,,,
"Bug'1440537'-'Fix'a'cross-origin'navigation'test'to'navigate'reliably.'r=bzbarsky\n\nThis'subtest'(of'test_iframe_sandbox_navigation.html)'starts'intermittently\nfailing'with'my'first'patch'of'this'bug.'It'relied'on'the'pres-context'being\ncreated'when'sendMouseEvent'is'called'in'order'to'navigate'away'(we'only\nnavigate'away'by'clicking'a'link'if'there's'a'link'handler).\n\nsendMouseEvent'calls'getBoundingClientRect()'which'used'to'do'this.'It'no'longer\ndoes'though.\n\nI'could'make'sendMouseEvent'do'that'automatically'using'SpecialPowers'or'such,\nor'from'the'DOMWindowUtils'code,'but'I'think'I'd'prefer'not'to'do'that.'This'is\nthe'only'test'that'wasn't'trivially'fixable,'and'this'awkwardness'can'be'removed\nwhen'bug'1218456'is'fixed.\n\nDifferential'Revision:'https://phabricator.services.mozilla.com/D28910",https://github.com/MrAlex94/Waterfox/commit/bcd4ae91c988e0b18726c69d3a5578152b24c346,"Anchor clicks are only handled if we have a pres-context, and we may not have one yet by the time this runs, and getBoundingClientRect() won't construct it after bug 1440537. So we may need to wait a few frames to make this reliable.",Incorrect Resource Load Order,https://github.com/MrAlex94/Waterfox/blob/bcd4ae91c988e0b18726c69d3a5578152b24c346/dom/html/test/file_iframe_sandbox_d_if11.html,,Unspecified,added a wait,Fix Await Mechanism,,,,,,,,,
Bug'1547890'-'Extend'the'number'of'retries'for'waitForCondition'calls'so'the'tests'pass'on'TV'runs.'r=bytesized\n\nWhen'running'these'tests'with'--verify'(e.g.'TV)'the'tests'intermittently'fail'due'to'it'taking'longer'for'the'UI'condition'to'be'met.\n\nDifferential'Revision:'https://phabricator.services.mozilla.com/D29450\n\n--HG--\nextra':'moz-landing-system':'lando,https://github.com/MrAlex94/Waterfox/commit/175703fbe576e33435aa32585c4353476bbdc769,Badge test taking longer for the UI condition to be met,Resource Rendering,https://github.com/MrAlex94/Waterfox/blob/175703fbe576e33435aa32585c4353476bbdc769/toolkit/mozapps/update/tests/browser/browser_doorhanger_bc_downloadAutoFailures_bgWin.js; https://github.com/MrAlex94/Waterfox/blob/175703fbe576e33435aa32585c4353476bbdc769/toolkit/mozapps/update/tests/browser/browser_doorhanger_bc_downloadOptIn_bgWin.js,,Provide Steps,added waiting time and instead of throwing error added a check to fail the test,Fix Await Mechanism,,,,,,,,,
"Bug'1532539'[wpt'PR'15623]'-'[Animation'Worklet]'Fix'flaky'worklet-animation-with-fill-mode.https.html,'a=testonly\n\nAutomatic'update'from'web-platform-tests\n[Animation'Worklet]'Fix'flaky'worklet-animation-with-fill-mode.https.html\n\nUse'a'more'robust'method'for'waiting'on'receiving'local'times'on'main\nthread'when'test'is'running'with'threaded'compositing.\n\nPreviously'we'would'wait'for'one'async'frame'and'some'more'time'to'ensure\nwe'have'received'the'local'times'on'main'thread.'This'can'be'flaky.\nInstead'wait'until'local'time'is'no'longer'null'which'means'worklet'has\nproduced'at'least'one'frame'and'that'frame'has'been'synced'with'main.\n\nTo'this'end'WorkletAnimation'now'exposes'its'effect'(similar'to'regular\nanimations)'and'we'use'that'to'access'the'effect's'local'time.\n\nBug:'915352\nChange-Id:'I05ab560d90a55ff68e048b2c8ed19e87435dffeb\nReviewed-on:'https://chromium-review.googlesource.com/c/1496478\nCommit-Queue:'Majid'Valipour'<majidvp@chromium.org>\nReviewed-by:'Yi'Gu'<yigu@chromium.org>\nCr-Commit-Position:'refs/heads/master@{#636970}\n\n--\n\nwpt-commits:'f8602d068887aebd4d962b77bcce88661ac2c245\nwpt-pr:'15623",https://github.com/MrAlex94/Waterfox/commit/6a29f7a20dc7b1a197a9fe84b20700e2d35838c4,Previously we would wait for one async frame and some more time to ensure we have received the local times on main thread. This can be flaky. ,Animation Timing Issue,https://github.com/MrAlex94/Waterfox/blob/6a29f7a20dc7b1a197a9fe84b20700e2d35838c4/testing/web-platform/tests/animation-worklet/worklet-animation-with-fill-mode.https.html,web-platform-tests,Unspecified,Instead wait until local time is no longer null which means worklet has produced at least one frame and that frame has been synced with main.,Fix Await Mechanism,,,,,,,,,
"Bug'1532539'[wpt'PR'15623]'-'[Animation'Worklet]'Fix'flaky'worklet-animation-with-fill-mode.https.html,'a=testonly\n\nAutomatic'update'from'web-platform-tests\n[Animation'Worklet]'Fix'flaky'worklet-animation-with-fill-mode.https.html\n\nUse'a'more'robust'method'for'waiting'on'receiving'local'times'on'main\nthread'when'test'is'running'with'threaded'compositing.\n\nPreviously'we'would'wait'for'one'async'frame'and'some'more'time'to'ensure\nwe'have'received'the'local'times'on'main'thread.'This'can'be'flaky.\nInstead'wait'until'local'time'is'no'longer'null'which'means'worklet'has\nproduced'at'least'one'frame'and'that'frame'has'been'synced'with'main.\n\nTo'this'end'WorkletAnimation'now'exposes'its'effect'(similar'to'regular\nanimations)'and'we'use'that'to'access'the'effect's'local'time.\n\nBug:'915352\nChange-Id:'I05ab560d90a55ff68e048b2c8ed19e87435dffeb\nReviewed-on:'https://chromium-review.googlesource.com/c/1496478\nCommit-Queue:'Majid'Valipour'<majidvp@chromium.org>\nReviewed-by:'Yi'Gu'<yigu@chromium.org>\nCr-Commit-Position:'refs/heads/master@{#636970}\n\n--\n\nwpt-commits:'f8602d068887aebd4d962b77bcce88661ac2c245\nwpt-pr:'15623",https://github.com/MrAlex94/Waterfox/commit/801751a046306ebb3f5cc3a0ba39a0178ecd0810,Previously we would wait for one async frame and some more time to ensure we have received the local times on main thread. This can be flaky. ,Animation Timing Issue,https://github.com/MrAlex94/Waterfox/blob/6a29f7a20dc7b1a197a9fe84b20700e2d35838c4/testing/web-platform/tests/animation-worklet/worklet-animation-with-fill-mode.https.html,web-platform-tests,Unspecified,Instead wait until local time is no longer null which means worklet has produced at least one frame and that frame has been synced with main.,Fix Await Mechanism,,,,,,,,,
"Bug'1534496'[wpt'PR'15747]'-'Fixed'flaky'playback-rate'test.,'a=testonly\n\nAutomatic'update'from'web-platform-tests\nFixed'flaky'playback-rate'test.\n\nRoot'cause'for'the'flakiness:\n''1.Due'to'crbug.com/937382,'composited'worklet'animation'current'time'is'not'identical'to'the\n''''current'time'passed'to'the'animator'instance'in'the'worklet'scope'(which'is'passed'through'to\n''''local'time'in'this'test).\n''2.Not'waiting'enough'for'the'compositing'thread'to'update'the'styles.\nThe'fix:\n''1.Changed'the'test'to'compare'against'reference'worklet'animation's'effect'local'time'that'has\n''''default'playback'rate.\n''2.Explicitly'wait'for'the'style'updates'before'comparing'to'the'expected'results.\n\nBug:'915352\nChange-Id:'I35cb3f89048568bc830aff8a6473f6d2aef5aaeb\nReviewed-on:'https://chromium-review.googlesource.com/c/chromium/src/+/1497789\nCommit-Queue:'Olga'Gerchikov'<gerchiko@microsoft.com>\nReviewed-by:'Majid'Valipour'<majidvp@chromium.org>\nCr-Commit-Position:'refs/heads/master@{#638721}\n\n--\n\nwpt-commits:'02aa554ae40ec5eef25f945420a4cb7368054d2d\nwpt-pr:'15747",https://github.com/MrAlex94/Waterfox/commit/d3cb540133b5718c470d082d6ff3258f168e2b4f,Playback rate test flaky due to incorrect animation API waiting,Animation Timing Issue,https://github.com/MrAlex94/Waterfox/blob/d3cb540133b5718c470d082d6ff3258f168e2b4f/testing/web-platform/tests/animation-worklet/playback-rate.https.html,web-platform-tests,Unspecified,Changed waiting APIs and added awaits,Fix Await Mechanism,,,,,,,,,
"Bug'1534487'[wpt'PR'15734]'-'Revert''[Animation'Worklet]'Remove'unnecessary'force'composition','a=testonly\n\nAutomatic'update'from'web-platform-tests\nRevert''[Animation'Worklet]'Remove'unnecessary'force'composition'\n\nThis'reverts'commit'b9fdefc5712d3ec3b2482ad9c2af1c2e6fa6b25a.\n\nReason'for'revert:'Removing'compositing'caused'flaky'on'Mac\n\nOriginal'change's'description:\n>'[Animation'Worklet]'Remove'unnecessary'force'composition\n>\n>'We'used'to'have'will-change:'transform'in'test'reference'but'they'are\n>'no'longer'needed.\n>\n>'Change-Id:'Ib6870863760e32de201a0560fa59f43634c72da8\n>'Reviewed-on:'https://chromium-review.googlesource.com/c/chromium/src/+/1504711\n>'Commit-Queue:'Yi'Gu'<yigu@chromium.org>\n>'Reviewed-by:'Xida'Chen'<xidachen@chromium.org>\n>'Cr-Commit-Position:'refs/heads/master@{#638107}\n\nTBR=xidachen@chromium.org,yigu@chromium.org\n\n#'Not'skipping'CQ'checks'because'original'CL'landed'>'1'day'ago.\n\nChange-Id:'I1350b6c5e53e35fd0fb5de035e33c9f44528a4c9\nReviewed-on:'https://chromium-review.googlesource.com/c/chromium/src/+/1510077\nReviewed-by:'Yi'Gu'<yigu@chromium.org>\nCommit-Queue:'Yi'Gu'<yigu@chromium.org>\nCr-Commit-Position:'refs/heads/master@{#638867}\n\n--\n\nwpt-commits:'4371a004caa7771794a31109bc019e001799f8e2\nwpt-pr:'15734",https://github.com/MrAlex94/Waterfox/commit/da46e66a2428a4088b506df84ddb40bf7aba4462, force composition value in CSS transform on Mac,Platform Issue,see commit,web-platform-tests,Unspecified,Changed transform tag in CSS,Refactor Logic Implementation,,,,,,,,,
"Bug'1532216'[wpt'PR'15607]'-'[animation-worklet]'Deflake'tests'running'with'threaded'compositing,'a=testonly\n\nAutomatic'update'from'web-platform-tests\n[animation-worklet]'Deflake'tests'running'with'threaded'compositing\n\nDon't'assume'a'certain'number'of'frames'for'receiving'style'updates\nrather'poll'everyframe'until'change'is'noticed.\n\nBug:'915352\nChange-Id:'I92c78bc94c82de561f4867a596c449eb6dd39603\nReviewed-on:'https://chromium-review.googlesource.com/c/1495227\nCommit-Queue:'Majid'Valipour'<majidvp@chromium.org>\nReviewed-by:'Yi'Gu'<yigu@chromium.org>\nCr-Commit-Position:'refs/heads/master@{#636841}\n\n--\n\nwpt-commits:'c00e66cde6cb2033da568f4dbaaddbe30a128959\nwpt-pr:'15607",https://github.com/MrAlex94/Waterfox/commit/ab8e14bb7ad69fa09a2b228372d7dc894b57722d,Animaton frame test waiting method flaky,Animation Timing Issue,see commit,web-platform-tests,Unspecified,Changed API to wait for animation frame meeting style condition instead of arbitrary number of frames,Fix Await Mechanism,,,,,,,,,
Bug'1532205'-'Intermittent'TEST-UNEXPECTED-TIMEOUT'in'Event-dispatch-on-disabled-elements.html'r=birtles\n\ntry'to'extend'the'animation'time.'I'tested'this'locally'on'repeat'50'times.\n\nDifferential'Revision:'https://phabricator.services.mozilla.com/D23498\n\n--HG--\nextra':'moz-landing-system':'lando,https://github.com/MrAlex94/Waterfox/commit/a37ef3224e23de298d4bf17e1760c11186df3072,Animation event animationiteration tests timeout without firing event,Animation Timing Issue,https://github.com/MrAlex94/Waterfox/blob/a37ef3224e23de298d4bf17e1760c11186df3072/testing/web-platform/tests/dom/events/Event-dispatch-on-disabled-elements.html,web-platform-tests,Rerun Multiple Times,Changed animation APIs to seek manually instead of relying on event types,Use Workaround,,,,,,,,,
"Bug'1519226:'browser_toolbarButtonKeyPress.js:'Wait'for'the'bookmarked'status'to'finish'updating'before'pressing'the'Bookmark'this'page'button.'r=Gijs\n\nThe'status'regarding'whether'a'page'is'bookmarked'or'not'is'updated'async.\nWhile'the'update'is'pending,'the'Bookmark'this'page'button'ignores'activation.\nThus,'the'test'must'wait'for'the'update'to'be'finished'before'trying'to'press'the'button.\nThis'fixes'intermittent'timeouts'in'this'test.\n\nDifferential'Revision:'https://phabricator.services.mozilla.com/D20978\n\n--HG--\nextra':'moz-landing-system':'lando",https://github.com/MrAlex94/Waterfox/commit/57bb4f7bf4220376e8931f354a3ee556b7b5fd4f,Bookmark button test not waiting correctly ,Resource Rendering,https://github.com/MrAlex94/Waterfox/blob/57bb4f7bf4220376e8931f354a3ee556b7b5fd4f/browser/base/content/test/keyboard/browser_toolbarButtonKeyPress.js,web-platform-tests,Unspecified,Add async waiting for button status,Fix Await Mechanism,,,,,,,,,
"Bug'1526728'[wpt'PR'15279]'-'[animation-worklet]'Basic'pause'implementation'(reland),'a=testonly\n\nAutomatic'update'from'web-platform-tests\n[animation-worklet]'Basic'pause'implementation'(reland)\n\nPausing'worklet'animation'now'holds'the'time.'This'works'as'expected'for'main\nthread'animations.'Implementing'this'for'composited'worklet'animations'will'be\ndone'in'a'follow'up'patch.\n\nMajor'changes:\n'-'Add'and'expose'pause()'method'pausing'the'animation.\n'-'Introduce'hold_time'that'is'used'when'animation'is'paused.\n'-'Rework'how'current'time'is'computed,'it'is'now'closer'to\n'''regular'animations'i.e.,'we'either'compute'it'based'on''start'time'and\n'''timeline.currentTime''or'use''hold'time'.\n'-'Instead'of'setting'start'time'we'now'set'the'current'time\n'''which'then'works'backward'to'compute'either'the'start'time'or'the'hold'time\n'''based'on'the'animation'state.\n'-'When'transitioning'animation'play'state,'we'now'always'set\n'''the'current'time.'Previously'this'was'adhoc'and'inconsistent.\n'-'Introduce'has_started_'to'differentiate'when'playing'an\n'''animation'for'the'first'time'vs'playing'it'from'pause.\n'-'Update'playback_rate'related'calculation'to'use'new'logic.\n\nRelanding:'Original'CL'was'reverted'here'[1].'Took'the'following'steps'to\naddress'this:\n\n''-'Address'flakiness'in'unit'test'by'using'more'accurate'error\n''''value'matching'other'tests.\n''-'Fix'flakiness'in'layout'test'(worklet-animation-pause.https.html)\n''''by'using'startTime'and'waiting'for'time'to'actually'advance'working'around\n''''pre-existing'animation'clock'issue'[2].'Also'got'rid'of'an'invalid'state\n''''transition'from'pause->idle.\n\n[1]'https://chromium-review.googlesource.com/c/chromium/src/+/1434815\n[2]'http://crbug.com/785940\n\nTEST:\n\n''-'wpt/animation-worklet/worklet-animation-pause.https.html:'js'test'for'basic\n''''current'time'calculations\n''-'wpt/animation-worklet/worklet-animation-pause-immediately.https.html:\n''''reftest'for'basic'pause\n''-'wpt/animation-worklet/worklet-animation-pause-result.https.html:'reftest'for\n''''pause/resume.\n''-'WorkletAnimationTest.PausePlay:'unit'test'for'basic'state\n''''transition'and'time'calc\n\nBug:'821910,\nChange-Id:'I11fd2960443081be81055904d6d56a2abc3282f5\nReviewed-on:'https://chromium-review.googlesource.com/c/1456640\nReviewed-by:'Majid'Valipour'<majidvp@chromium.org>\nReviewed-by:'Yi'Gu'<yigu@chromium.org>\nCommit-Queue:'Majid'Valipour'<majidvp@chromium.org>\nCr-Commit-Position:'refs/heads/master@{#630548}\n\n--\n\nwpt-commits:'345300fad3945a5f1441fb2b2001109ca48f36e8\nwpt-pr:'15279",https://github.com/MrAlex94/Waterfox/commit/2d8023aa3d029bcf023de3c325381179540800b8,Animation pause test flaky due to timer issue,Animation Timing Issue,https://github.com/MrAlex94/Waterfox/blob/2d8023aa3d029bcf023de3c325381179540800b8/testing/web-platform/tests/animation-worklet/worklet-animation-pause.https.html,web-platform-tests,Unspecified,Add workaround to clock issue,Use Workaround,,,,,,,,,
Bug'1528044'-'Fix'flaky'test'browser_multiselect_tabs_move_to_new_window_contextmenu.js.'r=jaws\n\nDifferential'Revision:'https://phabricator.services.mozilla.com/D20018\n\n--HG--\nextra':'moz-landing-system':'lando,https://github.com/MrAlex94/Waterfox/commit/149483e887541ab4cbd7ead56fb1bf768ae82aa4,Tab moves to new window flaky due to EndSwapDocShells not being dispatched for lazy tabs,Incorrect Test Runner Interaction,https://github.com/MrAlex94/Waterfox/blob/149483e887541ab4cbd7ead56fb1bf768ae82aa4/browser/base/content/test/tabs/browser_multiselect_tabs_move_to_new_window_contextmenu.js,web-platform-tests,Unspecified,Add proper waiting method,Fix Await Mechanism,,,,,,,,,
Bug'1524223'-'Fix'flaky'test'browser_multiselect_tabs_move_to_new_window_contextmenu.js.'r=jaws\n\nDifferential'Revision:'https://phabricator.services.mozilla.com/D18820\n\n--HG--\nextra':'moz-landing-system':'lando,https://github.com/MrAlex94/Waterfox/commit/3a0fff40b3397e0064ce123c08cb44b3f7b4e2e1,Tab moves to new window flaky due to EndSwapDocShells not being dispatched for lazy tabs,Incorrect Test Runner Interaction,https://github.com/MrAlex94/Waterfox/blob/3a0fff40b3397e0064ce123c08cb44b3f7b4e2e1/browser/base/content/test/tabs/browser_multiselect_tabs_move_to_new_window_contextmenu.js,web-platform-tests,Unspecified,Add TabClose listener to handle lazy tabs,Refactor Logic Implementation,,,,,,,,,
"Bug'1523625'-'Wait'until'the'animation'is'on'the'compositor'before'testing'if'it'is;'r=hiro\n\nThis'test'was'failing'intermittently'on'GeckoView'e10s.'The\nwaitForAnimationReadyToRestyle'helper'works'around'certain'cases'where,'due'to\nvsync,'the'animation'ends'up'starting'at'exactly'the'same'frame'time'as'when'it\nwas'created'meaning'that'restyling'may'not'get'triggered'and'hence'we'won't'have\na'chance'to'send'it'to'the'compositor.\n\nIt's'not'clear'why'this'happens'more'frequently'on'GeckoView'e10s'but'this'seems\nto'fix'the'failures'anyway.\n\nDifferential'Revision:'https://phabricator.services.mozilla.com/D18043\n\n--HG--\nextra':'moz-landing-system':'lando",https://github.com/MrAlex94/Waterfox/commit/9e3969c99aaa7c77b6c5889fd0a2bf79569afc79,Animation flaky due to vsync making start time same as create time and not tirggering restyle update,Animation Timing Issue,https://github.com/MrAlex94/Waterfox/blob/9e3969c99aaa7c77b6c5889fd0a2bf79569afc79/dom/base/test/file_domwindowutils_animation.html,web-platform-tests,Run on Specific Platform,Use waitForAnimationReadyToRestyle helper to wait for proper update,Fix Await Mechanism,,,,,,,,,
"Bug'1504929'-'Start'animations'once'after'a'MozReftestInvalidate'event'is'received.'r=sotaro\n\nWe'need'the'same'workaround'for\nhttps://bugzilla.mozilla.org/show_bug.cgi?id=1489327'.\n\nAnd'unfortunately'we'have'to'disable'animate-backface-hidden.html'on'MacOSX'opt\nbuilds'for'WebRender'because'the'test'fails'intermittently,'we'will'enable'it\nin'bug'1506758.\n\nDepends'on'D11601\n\nDifferential'Revision:'https://phabricator.services.mozilla.com/D11726\n\n--HG--\nextra':'moz-landing-system':'lando",https://github.com/MrAlex94/Waterfox/commit/23793e3a2172787eca440889a8c4ec3cc6069862,Animation test flaky on MacOSX opt builds for WebRender,Platform Issue,https://github.com/MrAlex94/Waterfox/blob/23793e3a2172787eca440889a8c4ec3cc6069862/layout/reftests/transform-3d/animate-backface-hidden.html,web-platform-tests,Run on Specific Platform,Add delay for animations,Add/Increase Delay,,,,,,,,,
"Bug'1453895'-'Avoid'reftest'startup'hang'waiting'for'focus;'r=jmaher\n\nIntermittently,'at'least'on'Windows,'reftest.jsm'finds'that'the'reftest.xul\nwindow'is'not'focused'on'startup;'focus'seems'to'be'on'the'dummy'about:blank\nwindow.'This'patch'tries'to'detect'that'condition'and'correct'it'by'bringing\nreftest.xul'(g.containingWindow)'into'focus'before'specifically'focusing\nthe'browser'element'(g.browser).",https://github.com/MrAlex94/Waterfox/commit/7fdf08e2ab80f20fedf48e812ef9efd84f045d80,Flaky focus between test window and about:blank window causes reftest to fail on Windows,Platform Issue,https://github.com/MrAlex94/Waterfox/blob/7fdf08e2ab80f20fedf48e812ef9efd84f045d80/layout/tools/reftest/reftest.jsm,web-platform-tests,Run on Specific Platform,Add code to explicitly focus on reftest window if not focused,Refactor Logic Implementation,,,,,,,,,
"Bug'1368603'-'Fix'intermittent'scrollbar'drag'test'failure'on'Linux.'r=botond\n\nOn'Linux,'when'synthesizing'mousemove'events'interleaved'with'button\npress/release'events,'the'caller'is'responsible'for'waiting'for'the\nmousemove'events'be'dispatched'before'attempting'to'synthesize'the\npress/release'buttons,'otherwise'the'events'can'be'delivered'by'the'OS\nout'of'order.'This'updates'a'few'tests'to'ensure'this'is'done'correctly.\n\nMozReview-Commit-ID:'42HkqTCWToP\n\n--HG--\nextra':'rebase_source':'57fbc84bcfbed345d8f6d90aaadb3399e691894e",https://github.com/MrAlex94/Waterfox/commit/5090ab59885b0b290d29ea4e5848337826ff3a02,Timing issue with mouse click event,Incorrect Test Runner Interaction,https://github.com/MrAlex94/Waterfox/blob/701afa46f782a0d671fda33406409096258bb27c/browser/components/extensions/test/browser/browser_ext_user_events.js,web-platform-tests,Run on Specific Platform,Change click into polling mechanism for clicks,Use Workaround,,,,,,,,,
"Bug'1379072'-'Intermittent'failure'of'browser/components/sessionstore/test/browser_354894_perwindowpb.js,'r=michal\n\nWait'for'the'tabs'to'finish'when'loading'test'tabs.",https://github.com/MrAlex94/Waterfox/commit/7f1cc2b10b9e5f637895274eacb19b31dd5645a1,loading test tabs without waiting,Incorrect Resource Load Order,https://github.com/MrAlex94/Waterfox/blob/7f1cc2b10b9e5f637895274eacb19b31dd5645a1/browser/components/sessionstore/test/browser_354894_perwindowpb.js,,Unspecified,Added await and promise,Fix Await Mechanism,,,,,,,,,
Bug'1447259:'Change'the'tested'animation'in'browser_animation_summary-graph_computed-timing-path_different-timescale.js'test'since'the'animation'can'intermittently'already'be'finished'during'selectNodeAndWaitForAnimations.'r=gl,https://github.com/MrAlex94/Waterfox/commit/361d95ecbf5c0f00f59ca1614088db1947abc565,the animation can intermittently already be finished during selectNodeAndWaitForAnimations,Animation Timing Issue,https://github.com/MrAlex94/Waterfox/blob/361d95ecbf5c0f00f59ca1614088db1947abc565/devtools/client/inspector/animation/test/browser_animation_summary-graph_computed-timing-path_different-timescale.js,,Unspecified,Changed tested animation,Use Workaround,,,,,,,,,
"Bug'1441808'[wpt'PR'9712]'-'[css-ui]'Use''Ahem''instead'of''ahem''in'tests,'a=testonly\n\nAutomatic'update'from'web-platform-tests[css-ui]'Use''Ahem''instead'of''ahem''in'tests\n\n'ahem''is'causing'flakiness'on'Windows,'so'this'patch\njust'replaces''ahem''by''Ahem''on'css-ui'WPT'tests.\n\nBUG=724392,796733\n\nChange-Id:'I956e939790319ec956164f34af8c72f109c528ef\nReviewed-on:'https://chromium-review.googlesource.com/940133\nReviewed-by:'Morten'Stenshorne'<mstensho@chromium.org>\nCommit-Queue:'Manuel'Rego'Casasnovas'<rego@igalia.com>\nCr-Commit-Position:'refs/heads/master@{#539797}\n\nwpt-commits:'98f6f9bde502771ce9939d24f27ca823351adb33\nwpt-pr:'9712\nwpt-commits:'98f6f9bde502771ce9939d24f27ca823351adb33\nwpt-pr:'9712",https://github.com/MrAlex94/Waterfox/commit/7da5f58a52c41423365cbb41bde513848a5e6b48,"font flaky, ""ahem"" is causing flakiness on Windows",Network Resource Loading,see commits,web-platform-tests,Run on Specific Platform,Changed to Ahem,Use Workaround,,,,,,,,,
"Bug'1441786'[wpt'PR'9711]'-'[css-multicol]'Use''Ahem''instead'of''ahem''in'tests,'a=testonly\n\nAutomatic'update'from'web-platform-tests[css-multicol]'Use''Ahem''instead'of''ahem''in'tests\n\n'ahem''is'causing'flakiness'on'Windows,'so'this'patch\njust'replaces''ahem''by''Ahem''on'WPT'tests.\n\nBUG=724392,794136\n\nChange-Id:'I55ce2ee7ed36b2708da571f52256716e97a072cb\nReviewed-on:'https://chromium-review.googlesource.com/940921\nReviewed-by:'Morten'Stenshorne'<mstensho@chromium.org>\nCommit-Queue:'Manuel'Rego'Casasnovas'<rego@igalia.com>\nCr-Commit-Position:'refs/heads/master@{#539780}\n\nwpt-commits:'a5e5a3d683d787be4a608d8bcd385f902c6ef2c2\nwpt-pr:'9711\nwpt-commits:'a5e5a3d683d787be4a608d8bcd385f902c6ef2c2\nwpt-pr:'9711",https://github.com/MrAlex94/Waterfox/commit/185166e6e82bca95445881af13188a295d9df2ce,"font flaky, ""ahem"" is causing flakiness on Windows",Network Resource Loading,see commits,web-platform-tests,Run on Specific Platform,Changed to Ahem,Use Workaround,,,,,,,,,
"Bug'1441760'[wpt'PR'9707]'-'[css-text]'Use''Ahem''instead'of''ahem''for'fonts'in'tests,'a=testonly\n\nAutomatic'update'from'web-platform-tests[css-text]'Use''Ahem''instead'of''ahem''for'fonts'in'tests\n\nUsing'the'lowercase'version'causes'flakiness'on'Windows\n(see'crbug.com/724392).\n\nBUG=817030\n\nChange-Id:'Ic4bdea7d40f0c2e96d6669430b3cce7a296e8d55\nReviewed-on:'https://chromium-review.googlesource.com/940123\nReviewed-by:'Koji'Ishii'<kojii@chromium.org>\nCommit-Queue:'Manuel'Rego'Casasnovas'<rego@igalia.com>\nCr-Commit-Position:'refs/heads/master@{#539748}\n\nwpt-commits:'cc52c7e80c940a475adc28142285082f2c973ed6\nwpt-pr:'9707\nwpt-commits:'cc52c7e80c940a475adc28142285082f2c973ed6\nwpt-pr:'9707",https://github.com/MrAlex94/Waterfox/commit/a7af4d1de13660f154bed4d6423633e0b75583d8,"font flaky, ""ahem"" is causing flakiness on Windows",Network Resource Loading,see commits,web-platform-tests,Run on Specific Platform,Changed to Ahem,Use Workaround,,,,,,,,,
"Fixes'part'of'#6240:'Fix'Flaky'Exploration'Card'Finding'(#8659)\n\n*'Protractor:'Fix'Flaky'Exploration'Card'Finding\r\n\r\nFinding'exploration'cards'on'the'creator'dashboard'page'was'flaky\r\nbecause'sometimes'the'protractor'test'would'search'for'the'cards'before\r\nthe'cards'had'loaded.'Further,'the'logic'used'to'identify'matching'cards\r\nfailed'when'the'card'contained'text'besides'the'exploration'title.'This\r\ncommit'resolves'these'issues'by:\r\n\r\n*'Waiting'for'an'exploration'card'to'appear'before'searching'for'them\r\n*'When'filtering'cards'by'title,'consider'cards'to'match'if'their'text\r\n''equals'the'target'title'or'begins'with'the'target'title'concatenated\r\n''with'a'newline.'This'works'because'when'other'text'is'included'in'the\r\n''card,'a'newline'separates'that'text'from'the'title.\r\n\r\n*'Style'fixes\r\n\r\n*'Replace'presenceOf'with'visibilityOf\r\n\r\nWe'were'waiting'for'a'card'to'exist'in'the'DOM'(whether'or'not'it'was\r\nvisible),'but'we'really'do'want'it'to'be'visible'before'clicking'it.\r\nFurther,'by'relying'on'`visibilityOf`,'we'can'use'existing'code.'This\r\ncommit'makes'this'switch.",https://github.com/oppia/oppia/commit/83ac09d7c391bf3446b62d9a09b0c74443bd6adb,Card test flaky due to not waiting for visibility correctly,DOM Selector Issue,https://github.com/oppia/oppia/blob/83ac09d7c391bf3446b62d9a09b0c74443bd6adb/core/tests/protractor_utils/CreatorDashboardPage.js,TravisCI,Unspecified,Added code to wait for visibility instead of DOM attachment,Fix Await Mechanism,https://github.com/oppia/oppia/pull/8659,,,,,,,,
Fix flaky overlay tests w/ nested setTimeouts (#1943),https://github.com/palantir/blueprint/commit/a133dff3190e84db84651da84bc643d841658f50,Flaky overlay tests due to setTimeout issue executing before next frame,DOM Selector Issue,https://github.com/palantir/blueprint/blob/a133dff3190e84db84651da84bc643d841658f50/packages/core/test/overlay/overlayTests.tsx,"CircleCI, Karma",Unspecified,Add nested setTimeout to delay execution of callback,Fix Await Mechanism,https://github.com/palantir/blueprint/pull/1943,,,,,,,,
"skip flaky tests, add comments mentioning FLUP issue (#1681)",https://github.com/palantir/blueprint/commit/c2aada111f8e82e074a5765143ece5d07da6c4cf,Overlay and toaster focus flaky due to DOM focusing,DOM Selector Issue,https://github.com/palantir/blueprint/blob/c2aada111f8e82e074a5765143ece5d07da6c4cf/packages/core/test/overlay/overlayTests.tsx,"CircleCI, Karma",Unspecified,Tests skipped,Remove Test,https://github.com/palantir/blueprint/pull/1681,,,,,,,,
Skip flaky test (#1514),https://github.com/palantir/blueprint/commit/dd90bfa0943dd6ac2ea1d233162cc3c21aa4e701,Overlay focus flaky,DOM Selector Issue,https://github.com/palantir/blueprint/blob/dd90bfa0943dd6ac2ea1d233162cc3c21aa4e701/packages/core/test/overlay/overlayTests.tsx,"CircleCI, Karma",Unspecified,Skipped,Remove Test,https://github.com/palantir/blueprint/pull/1514,,,,,,,,
Merge pull request #9818 from vishal423/improve-e2e-account-react\n\nreact: Fix intermittent e2e failures,https://github.com/jhipster/generator-jhipster/commit/2865e441e4b09335f88f3839ee9147f8b8b9c05e,React account e2e button tests wait for elements to be displayable instead of clickable,Resource Rendering,https://github.com/jhipster/generator-jhipster/blob/2865e441e4b09335f88f3839ee9147f8b8b9c05e/generators/client/templates/react/src/test/javascript/e2e/modules/account/account.spec.ts.ejs,Azure,Run on Specific Platform,Added function to wait until clickable,Fix Await Mechanism,https://github.com/jhipster/generator-jhipster/pull/9818,,,,,,,,
react: try to fix e2e flakiness,https://github.com/jhipster/generator-jhipster/commit/44c54f6a5ae843123e2b8b74b5be5fe0f3a199cc,e2e account test not waiting properly for browser,Incorrect Resource Load Order,https://github.com/jhipster/generator-jhipster/blob/44c54f6a5ae843123e2b8b74b5be5fe0f3a199cc/generators/client/templates/react/src/test/javascript/e2e/modules/account/account.spec.ts.ejs,Azure,Unspecified,Added browser wait until displayed,Fix Await Mechanism,https://github.com/jhipster/generator-jhipster/pull/7469,,,,,,,,
Merge pull request #167 from mozilla-services/162-fix-intermittent-datewidget-test\n\nFix intermittent DateWidget test,https://github.com/rjsf-team/react-jsonschema-form/commit/2318786b38ead5eddc7c0e3146825f19013e0beb,Button returning now value needs to have looser check on condition for slow system,Time,https://github.com/rjsf-team/react-jsonschema-form/blob/2318786b38ead5eddc7c0e3146825f19013e0beb/test/StringField_test.js,TravisCI,Unspecified,Added approximate check of +- 5 ms,Refactor Logic Implementation,https://github.com/rjsf-team/react-jsonschema-form/pull/167,,,,,,,,
test(angular1): Temporarily comment out flaky test,https://github.com/OnsenUI/OnsenUI/commit/e5f3e1a0e11a2f9aa97b0fca65d1a5544b6276dc,Flaky behavior with DOM selectors,DOM Selector Issue,https://github.com/OnsenUI/OnsenUI/blob/e5f3e1a0e11a2f9aa97b0fca65d1a5544b6276dc/bindings/angular1/test/e2e/dialog/scenarios.js,CircleCI,Unspecified,Commented out,Remove Test,,,,,,,,,
Test: Disable problematic List test (#11920)\n\n* Disable List test causing intermittent test failures.\r\n\r\n* Change files\r\n\r\n* Change change type.,https://github.com/OfficeDev/office-ui-fabric-react/commit/00b6694e2bd2f1de1713f9303fdff5dd63fcda9e,Cell calls flaky due to DOM selectors,DOM Selector Issue,https://github.com/microsoft/fluentui/blob/00b6694e2bd2f1de1713f9303fdff5dd63fcda9e/packages/office-ui-fabric-react/src/components/List/List.test.tsx,Azure ,Unspecified,Disabled test,Remove Test,https://github.com/microsoft/fluentui/pull/11920,,,,,,,,
add'treemap_coffee'to'list'of'flaky'image'tests,https://github.com/plotly/plotly.js/commit/66156054cb08b90bc50219ff9a2baeebb674c580,Flaky image loading,Network Resource Loading,https://github.com/plotly/plotly.js/blob/66156054cb08b90bc50219ff9a2baeebb674c580/test/image/compare_pixels_test.js,CircleCI,Provide Example,Added to blacklist,Blacklist Test,https://github.com/plotly/plotly.js/pull/4470,,,,,,,,
add'two'mocks'to'list'of'flaky'test'image'mocks,https://github.com/plotly/plotly.js/commit/ef28e781b326ca785bc59a1deda9734b718116a6,Flaky image loading,Network Resource Loading,https://github.com/plotly/plotly.js/blob/ef28e781b326ca785bc59a1deda9734b718116a6/test/image/compare_pixels_test.js,CircleCI,Provide Example,Added to blacklist,Blacklist Test,https://github.com/plotly/plotly.js/pull/4419,,,,,,,,
add'a'few'flaky'tags'in'transition_test.js,https://github.com/plotly/plotly.js/commit/aae0c60c6c720ef7de33333dfb7884087dae2edc,Transition timing flaky,Animation Timing Issue,https://github.com/plotly/plotly.js/blob/aae0c60c6c720ef7de33333dfb7884087dae2edc/test/jasmine/tests/transition_test.js,CircleCI,Provide Example,Added @flaky tag to test,Mark Test as Flaky,https://github.com/plotly/plotly.js/pull/4262,,,,,,,,
add'@flaky'to'editable:true'colorbar'tests,https://github.com/plotly/plotly.js/commit/cb5be64e4ab290ce92272783676e152722c95f56,Editable option affecting element selection,DOM Selector Issue,https://github.com/plotly/plotly.js/blob/cb5be64e4ab290ce92272783676e152722c95f56/test/jasmine/tests/colorbar_test.js,CircleCI,Unspecified,Added @flaky tag to tests,Mark Test as Flaky,https://github.com/plotly/plotly.js/pull/4322,,,,,,,,
Merge'pull'request'#4321'from'plotly/test-image-flaky-mocks\n\nFlaky'image'tests,https://github.com/plotly/plotly.js/commit/742b83da9f851860d3f217c7fb56b763912b541b,Flaky font loading on different machines and runs,Network Resource Loading,https://github.com/plotly/plotly.js/blob/742b83da9f851860d3f217c7fb56b763912b541b/test/image/compare_pixels_test.js,CircleCI,Unspecified,Filter out font-wishlist and mapbox tests,Mark Test as Flaky,https://github.com/plotly/plotly.js/pull/4321,,,,,,,,
add'`@flaky`'to''hover'effects'for'titles'that'used'to'be'blank''test,https://github.com/plotly/plotly.js/commit/11bc6259b47eb41e9c869d25f5d36defce02bddb,Editable option affecting element selection,DOM Selector Issue,https://github.com/plotly/plotly.js/blob/11bc6259b47eb41e9c869d25f5d36defce02bddb/test/jasmine/tests/titles_test.js,CircleCI,Unspecified,Added @flaky tag to tests,Mark Test as Flaky,https://github.com/plotly/plotly.js/pull/4321,,,,,,,,
add'one'more'flaky'tag'in'transition_test.js,https://github.com/plotly/plotly.js/commit/70bfd5074516ae1279968e060a36d4c08b75d931,Transition timing flaky causing timeout,Animation Timing Issue,https://github.com/plotly/plotly.js/blob/70bfd5074516ae1279968e060a36d4c08b75d931/test/jasmine/tests/transition_test.js,CircleCI,Provide Example,Added @flaky tag to tests,Mark Test as Flaky,https://github.com/plotly/plotly.js/pull/4273,,,,,,,,
"test:'tag'@flaky'test,':hocho:'useless'lines",https://github.com/plotly/plotly.js/commit/5160948d6813b5de162fb6a68af44bd7be1bec9b,Sorting z-axis in plot intermittently fails based on test data,Resource Rendering,https://github.com/plotly/plotly.js/blob/5160948d6813b5de162fb6a68af44bd7be1bec9b/test/jasmine/tests/histogram2d_test.js,CircleCI,Provide Example,Added @flaky tag to test,Mark Test as Flaky,https://github.com/plotly/plotly.js/pull/3827,,,,,,,,
split'`namelength`'test'to'reduce'flakiness,https://github.com/plotly/plotly.js/commit/b2975c90d9e9e388d49c37fbc5e7c255b9cfd6d8,Hover label test failed when text size was 0,Resource Rendering,https://github.com/plotly/plotly.js/blob/b2975c90d9e9e388d49c37fbc5e7c255b9cfd6d8/test/jasmine/tests/gl3d_plot_interact_test.js,CircleCI,Provide Example,Split into separate test and add code for fallback fixed length,Refactor Logic Implementation,https://github.com/plotly/plotly.js/pull/3734,,,,,,,,
should'reset'one'sankey'test'-'no'need'to'flaky'flag'as'it'fails'locally'and'on'the'CI\nset'timeout'for'the'rest'of'the'tests'in'one'suite\nadded'one'noCI'flag'to'the'sankey'test'which'is'failing'on'the'CI'and'even'locally'with'flaky'flag\nset'flaky'retry'to'5'now'that'it'runs'fast,https://github.com/plotly/plotly.js/commit/17b506815dc44ba90b1daf2d0891b822bebb2ab0,Tests timeout in CI,Network Resource Loading,https://github.com/plotly/plotly.js/blob/17b506815dc44ba90b1daf2d0891b822bebb2ab0/test/jasmine/tests/gl2d_plot_interact_test.js,CircleCI,Rerun Multiple Times,Increase timeout and flaky retry count,Add/Increase Delay,https://github.com/plotly/plotly.js/pull/3667,,,,,,,,
reduced'retries'to'2'and'3'-'marked'one'test'as'flaky,https://github.com/plotly/plotly.js/commit/8241bc8b22164683f2d265aa49d732c615498542,Test timeout in CI,Resource Rendering,https://github.com/plotly/plotly.js/blob/8241bc8b22164683f2d265aa49d732c615498542/test/jasmine/tests/sankey_test.js,CircleCI,Rerun Multiple Times,Add @flaky tag,Mark Test as Flaky,https://github.com/plotly/plotly.js/pull/3667,,,,,,,,
add'a'flaky'flag'for'one'test,https://github.com/plotly/plotly.js/commit/4eb5dafc041e51aa251e99da9abae41884e31f05,Tests times out,Resource Rendering,https://github.com/plotly/plotly.js/blob/4eb5dafc041e51aa251e99da9abae41884e31f05/test/jasmine/tests/shapes_test.js,CircleCI,Provide Example,Add @flaky tag,Mark Test as Flaky,https://github.com/plotly/plotly.js/pull/3531,,,,,,,,
add'flaky'to''responsive'after'update''test,https://github.com/plotly/plotly.js/commit/8f627dcacc40a031a7da1516c4e438dc5f795618,Test timeout in CI,Resource Rendering,https://github.com/plotly/plotly.js/blob/8f627dcacc40a031a7da1516c4e438dc5f795618/test/jasmine/tests/config_test.js,CircleCI,Provide Example,Add @flaky tag,Mark Test as Flaky,https://github.com/plotly/plotly.js/issues/3197,,,,,,,,
tag'new'select'test'as'@flaky,https://github.com/plotly/plotly.js/commit/d9d626ae53109144dd2a9eeea9c7daf5f1e45a37,Test timeout in CI,Resource Rendering,https://github.com/plotly/plotly.js/blob/d9d626ae53109144dd2a9eeea9c7daf5f1e45a37/test/jasmine/tests/select_test.js,CircleCI,Provide Example,Add @flaky tag,Mark Test as Flaky,https://github.com/plotly/plotly.js/pull/3021,,,,,,,,
mark'polar'drag'test'flaky,https://github.com/plotly/plotly.js/commit/13204a9be522b20ec030b25f1a35d0e763281776,events number triggered flaky,DOM Selector Issue,https://github.com/plotly/plotly.js/blob/13204a9be522b20ec030b25f1a35d0e763281776/test/jasmine/tests/polar_test.js,CircleCI,Provide Example,Added @flaky tag to test,Mark Test as Flaky,https://github.com/plotly/plotly.js/issues/2510,,,,,,,,
"Add'baselines,'mark'flaky'test",https://github.com/plotly/plotly.js/commit/37e054864cfec82316bdadab1b197b53164ae007,hover and click interactions flaky,DOM Selector Issue,https://github.com/plotly/plotly.js/blob/37e054864cfec82316bdadab1b197b53164ae007/test/jasmine/tests/gl2d_click_test.js,CircleCI,Unspecified,Added @flaky tag to test,Mark Test as Flaky,https://github.com/plotly/plotly.js/pull/2499,,,,,,,,
Mark'flaky'tests,https://github.com/plotly/plotly.js/commit/4e6935aede26f25466c1817ef6addb3c259ab35c,Flaky grid rendering,Resource Rendering,https://github.com/plotly/plotly.js/blob/4e6935aede26f25466c1817ef6addb3c259ab35c/test/jasmine/tests/gl2d_plot_interact_test.js,CircleCI,Unspecified,Added @flaky tag to test,Mark Test as Flaky,https://github.com/plotly/plotly.js/commit/4e6935aede26f25466c1817ef6addb3c259ab35c,,,,,,,,
@flaky'on'ordinal'constraint'snap'test,https://github.com/plotly/plotly.js/commit/fff668ace691575ecbd509f942ccd88d2b30bd1d,SVG slowing down rendering,Resource Rendering,https://github.com/plotly/plotly.js/blob/fff668ace691575ecbd509f942ccd88d2b30bd1d/test/jasmine/tests/parcoords_test.js,CircleCI,Unspecified,Added @flaky tag to test,Mark Test as Flaky,https://github.com/plotly/plotly.js/pull/2415,,,,,,,,
add'`flaky`'tag'to'scattergl'visible'toggle'test,https://github.com/plotly/plotly.js/commit/011443eb73ea89aef14e798570c4ad200ae25b5b,visible toggle flaky,Resource Rendering,https://github.com/plotly/plotly.js/blob/011443eb73ea89aef14e798570c4ad200ae25b5b/test/jasmine/tests/gl2d_plot_interact_test.js,CircleCI,Unspecified,Added @flaky tag to test,Mark Test as Flaky,https://github.com/plotly/plotly.js/pull/2429,,,,,,,,
try'marking'the'test'that's'failing'on'CI'only'as'flaky\nstill'don't'know'why'it's'failing...'but'it'seems'to'work'when'run'in'a'smaller'batch,https://github.com/plotly/plotly.js/commit/446f9f95d7539c5dc603b362e900688634eb8b0a,seems to be batch issue,Platform Issue,https://github.com/plotly/plotly.js/blob/446f9f95d7539c5dc603b362e900688634eb8b0a/test/jasmine/tests/parcoords_test.js,CircleCI,Unspecified,Added @flaky tag to test,Mark Test as Flaky,https://github.com/plotly/plotly.js/pull/2399,,,,,,,,
one'more'flaky'test'suite,https://github.com/plotly/plotly.js/commit/a2fc07a187c4d26bf2f1bcb3e2aa806b75ad24fc,Flaky transitions in grid,Animation Timing Issue,https://github.com/plotly/plotly.js/blob/a2fc07a187c4d26bf2f1bcb3e2aa806b75ad24fc/test/jasmine/tests/select_test.js,CircleCI,Provide Example,Added @flaky tag to test,Mark Test as Flaky,https://github.com/plotly/plotly.js/issues/2336,,,,,,,,
make'gl2d'drag'test'use'assets/drag\n\n...'which'should'make'things'more'robust'and'lead'to'less\n''''intermittent'ci'failures,https://github.com/plotly/plotly.js/commit/44b0ae6f9e4c1c4ea79ffb67d303647ca630c78c,Flaky transitions in grid,Animation Timing Issue,https://github.com/plotly/plotly.js/commit/44b0ae6f9e4c1c4ea79ffb67d303647ca630c78c,CircleCI,Unspecified,used asserts/drag && added then callback,Refactor Logic Implementation,https://github.com/plotly/plotly.js/pull/2258,,,,,,,,
throttle'image'export'tests\n\n-'in'an'effort'to'make'`npm'run'test-export`'not'fail'intermittently\n''on'the'(weaker-hardware)'CI'machines.,https://github.com/plotly/plotly.js/commit/667913c0796c08d03593469403a210588ba627a1,CI cannot hold this many tests,Platform Issue,https://github.com/plotly/plotly.js/blob/667913c0796c08d03593469403a210588ba627a1/test/image/export_test.js,CircleCI,Unspecified,Batched,Refactor Logic Implementation,https://github.com/plotly/plotly.js/pull/1490,,,,,,,,
"`<SocialPreview/> - resolve visual flakiness (#4536)\n\n* <SocialPreview/> - add async await for image onload\r\n\r\n* <SocialPreview/> - remove redundant code\r\n\r\n* <ImageViewer/>, <SocialPreview/> - lower the onDone timeout\r\n\r\n* <ImageViewer/>, <SocialPreview/> - make onDone be called when image is loaded",https://github.com/wix/wix-style-react/commit/f47e483581a8dac163dd96cb2467c1b4612c62c1,Visual flakiness in rendering,Resource Rendering,https://github.com/wix/wix-style-react/blob/f47e483581a8dac163dd96cb2467c1b4612c62c1/src/ImageViewer/ImageViewer.visual.js,Jest,Unspecified,Add wrapper to handle flaky resource loading,Mark Test as Flaky,https://github.com/wix/wix-style-react/pull/4536,,,,,,,,
skip flaky tests,https://github.com/wix/wix-style-react/commit/7e371bc787f220ecd9f7e3a0d43b32495ef81a71,Flaky popover rendering,Resource Rendering,https://github.com/wix/wix-style-react/blob/7e371bc787f220ecd9f7e3a0d43b32495ef81a71/src/Popover/Popover.e2e.js,Jest,Unspecified,Disabled flaky tests,Remove Test,,,,,,,,,
"<Accordion/> - skip flaky visual eyes test (#3306)\n\nAccordion has an animation when it mounts, which causes the snapshot to be flaky",https://github.com/wix/wix-style-react/commit/ddebb9fc31f3aaea7b80dea034c3baa256ec2b74,Animation flaky rendering,Animation Timing Issue,https://github.com/wix/wix-style-react/blob/ddebb9fc31f3aaea7b80dea034c3baa256ec2b74/src/Accordion/test/Accordion.visual.js,Jest,Unspecified,Disabled flaky tests,Remove Test,https://github.com/wix/wix-style-react/pull/3306,,,,,,,,
Remove dead code `src/Backoffice./ButtonLayout` (#2231)\n\n* Remove old Backoffice/ButtonLayout\r\n\r\n* Fix DatePicker flaky e2e test\r\n\r\n* Fix Flaky Text e2e test\r\n\r\n* Text e2e - remove example when not needed\r\n\r\n* Text e2e - fix before->beforeAll,https://github.com/wix/wix-style-react/commit/58ab99f4251754b2cd13b5e0af62490778651d53,Incorrect waiting for browser interaction calls,Incorrect Test Runner Interaction,https://github.com/wix/wix-style-react/blob/58ab99f4251754b2cd13b5e0af62490778651d53/src/DatePicker/DatePicker.e2e.js,Jest,Unspecified,Added await statements,Fix Await Mechanism,https://github.com/wix/wix-style-react/pull/2231,,,,,,,,
Fix radio button flaky test (#1969),https://github.com/wix/wix-style-react/commit/65c4774ef6d777ef3f57e64287b6e2e5aa3a5c70,Incorrect usage of framework API,Incorrect Test Runner Interaction,https://github.com/wix/wix-style-react/blob/65c4774ef6d777ef3f57e64287b6e2e5aa3a5c70/src/RadioGroup/RadioGroup.e2e.js,Jest,Unspecified,Refactored to properly return value,Refactor Logic Implementation,https://github.com/wix/wix-style-react/pull/1969,,,,,,,,
fix flaky loader tests (#1936),https://github.com/wix/wix-style-react/commit/3938190371f844b2540f8466dcdd4be7e3eff880,Flaky animations,Animation Timing Issue,https://github.com/wix/wix-style-react/blob/3938190371f844b2540f8466dcdd4be7e3eff880/src/Loader/Loader.e2e.js,Jest,Unspecified,Disable CSS animations,Disable Animations,https://github.com/wix/wix-style-react/pull/1936,,,,,,,,
skip flaky eyes loader test,https://github.com/wix/wix-style-react/commit/97b16c6a7dafba4afe9c6c866a36f78c27944523,Flaky animations,Animation Timing Issue,https://github.com/wix/wix-style-react/blob/97b16c6a7dafba4afe9c6c866a36f78c27944523/src/Loader/Loader.e2e.js,Jest,Unspecified,Disabled tests,Remove Test,,,,,,,,,
Fix flaky EditableSelector e2e test: add more  async/await,https://github.com/wix/wix-style-react/commit/33f4920a5eb0aa0aba79f19eb19ce25a3d84629c,Missing proper waiting,Incorrect Resource Load Order,https://github.com/wix/wix-style-react/blob/33f4920a5eb0aa0aba79f19eb19ce25a3d84629c/src/EditableSelector/EditableSelector.e2e.js,Jest,Unspecified,Added await statements,Fix Await Mechanism,,,,,,,,,
"Fix/datepicker onchange (#1631)\n\n* test(DatePicker): remove `beforeEach`\r\n\r\nand be explicit about onChange spy\r\n\r\n* test(DatePicker): move some test cases under describes\r\n\r\njust to organize tests better\r\n\r\n* test(DatePicker): refactor `placeholder` tests\r\n\r\n* test(DatePicker): refactor readonly & locale tests\r\n\r\n* fix(DatePicker): mingle only with date and not time\r\n\r\nby default react-daypicker resets the time of given value\r\nthis is undesirable and unexpected. this commit fixes so that only year,\r\nmonth and day could be adjusted by datepicker leaving time part alone\r\n\r\n* test(DatePicker): use explicit timezone in test\r\n\r\notherwise different environment will interpret it differently and thus\r\ntest becomes flaky",https://github.com/wix/wix-style-react/commit/e9ea12d6a0b2bbdee463f0b1951b4289f03c2867,Flakiness due to default timezone difference depending on platform,Platform Issue,https://github.com/wix/wix-style-react/blob/e9ea12d6a0b2bbdee463f0b1951b4289f03c2867/src/DatePicker/DatePicker.js,Jest,Unspecified,Added explicit timezone,Refactor Logic Implementation,,,,,,,,,
Fix flaky DrillView e2e test (#1645),https://github.com/wix/wix-style-react/commit/500433b98d34a6c25fc52f26f3a3632f8770c3d2,Test timeout in e2e tests,Resource Rendering,https://github.com/wix/wix-style-react/blob/500433b98d34a6c25fc52f26f3a3632f8770c3d2/src/SideMenu/DrillView/DrillView.e2e.js,Jest,Unspecified,Added await statements,Fix Await Mechanism,https://github.com/wix/wix-style-react/pull/1645,,,,,,,,
fix(eyes-flaky-caret): set caret color to transparent for e2e tests (#903)\n\nso that applitools don't fail our build because of blinking text caret,https://github.com/wix/wix-style-react/commit/8516ebc01e32c4f477e7384d92b9975bb1379466,Blinking text caret caused tests to fail,Layout Difference,https://github.com/wix/wix-style-react/blob/8516ebc01e32c4f477e7384d92b9975bb1379466/.storybook/e2e-styles.scss,Jest,Unspecified,Changed caret color to transparent,Refactor Logic Implementation,https://github.com/wix/wix-style-react/pull/903,,,,,,,,
"Fix'part'of'#3954:'Exploration'Editor'Page'Object'(#5139)\n\n*'exporting'runFromSettingsTab'and'providing'access'to'page's'components\r\n\r\n*'Refactor'for'runFromSettingsTab'and'remove'unused'references\r\n\r\n*'Adding'getSettingsTab'method'to'create'component\r\n\r\n*'Refactoring'runFromSettingsTab\r\n\r\n*'editorAndPlayer:'ExplorationEditorPage'should'provide'component'access'instead'of'direct'access\r\n\r\n*'Fix'linting'error\r\n\r\n*'Refactoring'for'runFromSettingsTab'removal\r\n\r\n*'Deleting'runFromSettingsTab\r\n\r\n*'Removing'runFromsettingsTab'dependency\r\n\r\n*'Renamed'ResponseEditor'and'properly'referencing'runFromSettingsTab\r\n\r\n*'Fix'lint'error\r\n\r\n*'Refactoring'for'removing'runFromSettingsTab\r\n\r\n*'Adding'new'objects\r\n\r\n*'Removing'runFromSettingsTab\r\n\r\n*'Renaming'delete'to'deleteResponse\r\n\r\n*'Rename'ResponseEditor'to'getResponseEditor\r\n\r\n*'Adding'FeedbackTab'page'object\r\n\r\n*'Adding'HistoryTab'page'object\r\n\r\n*'Removing'setDefaultOutcome\r\n\r\n*'Removing'setDefaultOutcome,'reduce'waitForSystem'call,''Promisify''some'clicking'action\r\n\r\n*'Fix'lint'error\r\n\r\n*'Removing'setDefaultOutcome'to'replace'with'new'getResponseEditor\r\n\r\n*''Promisify''some'clicking'to'reduce'waitForsystem'calls'and'removing'setDefaultOutcome\r\n\r\n*''Promisify''clicking'action'to'reduce'flakiness\r\n\r\n*'Adding'setLanguage'to'SettingsTab\r\n\r\n*'Properly'refactor'to'remove'callback'mechanism'for'FeedbackTab'workflow\r\n\r\n*'Adding'FeedbackTab'and'HistoryTab'to'EditorPage'object\r\n\r\n*'Refactor'editorFeatures'for'new'HistoryTab,'SettingsTab'and'FeedbackTab'objects\r\n\r\n*'Remove'fdescribe'from'editorFeatures\r\n\r\n*'Re-enable'checkForConsoleError\r\n\r\n*'Different'exploration'title'for'different'tests\r\n\r\n*'Adding'waitForAngular'statement'to'reduce'flakiness\r\n\r\n*'More'waitForangular'for'suggestion'test\r\n\r\n*'Fix'lint'error\r\n\r\n*'Addding'wait'calls'to'reduce'flakiness\r\n\r\n*'Addding'wait'calls'for'addResponse'to'reduce'flakiness\r\n\r\n*'Fix'lint'error\r\n\r\n*'Adding'more'wait'calls'to'reduce'flakiness\r\n\r\n*'Convert'some'waitForSystem'to'waitForAngular\r\n\r\n*'Refactor'editorFeatures'for'new'HistoryTab,'FeedbackTab'and'removing'callback'mechanism\r\n\r\n*'Adding'new'HistoryTab'and'FeedbackTab'objects\r\n\r\n*'Introducing'new'HistoryTab'page'object\r\n\r\n*'Introducing'new'FeedbackTab'page'object\r\n\r\n*'Adding'setLanguage'to'SettingsTab\r\n\r\n*'Refactor'workflow.js'for'new'ExplorationEditor'object\r\n\r\n*'ExplorationPlayerPage:''Promisify''some'clicking'and'add'waitForAngular'to'reduce'flakiness\r\n\r\n*'Adding'findExploration'to'libraryPage\r\n\r\n*'Removing'commented'setDefaultOutcome'in'editorFeatures\r\n\r\n*'Removing'unused''require''and'deprecated''setDefaultOutcome''statement\r\n\r\n*'ExplorationEditorPage:'Renaming'exitTutorialIfNecessary'to'exitTutorial\r\n\r\n*'Adding'a'blank'line'before''exports''statement\r\n\r\n*'LibraryPage:'Adding'getCollection'function\r\n\r\n*'CreatorDashboardPage:'Adding'editExploration'function\r\n\r\n*'FeedbackTab,HistoryTab,PlayerPage:'Refactored'isDisplayed'usage'and'reduce'wait'calls\r\n\r\n*'ExplorationEditor:'Refactoring'isDisplayed'usage'and'using'ExpectedConditions'for'stateContentEditor'element\r\n\r\n*'editorAndPlayer:'Refactoring'for'new'getCollection'and'editCollection,'some'attempts'to'improve'test'flow\r\n\r\n*'editorFeatures:'Adding'full-stop'after'each'comment':D\r\n\r\n*'Reducing'protractor'element\r\n\r\n*'Integrating'ExpectedConditions'for'better'test'flow\r\n\r\n*'Creating'new'ExplorationEditorMainTab\r\n\r\n*'workflow:'Refactoring'for'new'MainTab'object\r\n\r\n*'ExplorationEditor:'Remove'checking'for'state'and'toast'message'and'migrate'methods'to'new'ExplorationTab\r\n\r\n*'editorAndPlayer,editorFeatures':'Refactor'for'new'MainTab'object\r\n\r\n*'editorFeature:'Changing'fdescribe'to'describe\r\n\r\n*'MainTab:'Adding'tutorial'methods\r\n\r\n*'stateEditor:'Refactoring'tutorial'test'for'new'MainTab'object\r\n\r\n*'Fixing'unintentional'merged'travis'file\r\n\r\n*'TextInput/protractor:'Adding'test'for'placeholder'and'box'height\r\n\r\n*'stateEditor:'Refactor'for'new'ExplorationEditor'objects'and'running'new'tests'for'response'editor\r\n\r\n*'EditorMainTab:'Using'regex'to'parse'rule'description'and'click'element'directly'instead'of'looping'through'array'of'element\r\n\r\n*'EditorMainTab:'Adjust'for'when'ruleDescription'doesn't'have'selectors\r\n\r\n*'TextInputProtractor:Clearing'textarea'before'sending'input\r\n\r\n*'ExplorationPlayerPage:'Integrating'ExpectedConditions'to'replace'wait'calls\r\n\r\n*'SettingsTab:'Adding'parameter'functions\r\n\r\n*'Adding'protractor'classes'to'elements\r\n\r\n*'StatsTab:'Creating'new'StatsTab'object\r\n\r\n*'EditorPage:'Refactoring'for'new'StatsTab'object\r\n\r\n*'MainTab:'Hint/Solution'and'Parameter'functions\r\n\r\n*'stateEditor:'Restructure'test'for'rule'parameters,'refactor'for'new'objects\r\n\r\n*'EditorAndPlayer:'Find'exploration'before'rating'or'playing'it\r\n\r\n*'PlayerPage:'Using'ExpectedConditions'only'on'the'specific'star'to'be'clicked\r\n\r\n*'MainTab:'Making'interaction'functions'private\r\n\r\n*'MainTab:'Separating'deleteInteraction'logic'from'setInteraction\r\n\r\n*'editorPlayer,stateEditor:'Refactor'for'newly'separated'deleteInteraction\r\n\r\n*'StateEditor:'Putting'back'PieChart'error'for'Travis\r\n\r\n*'EditorPage:'Increasing'timeout'to'10s'for'toast'message\r\n\r\n*'MainTab:'Rewording'comments'and'changing'input'for'replaceAngularSelector'to'string[]'only\r\n\r\n*'stateEditor:'Deleting'interaction'before'creating'new'one\r\n\r\n*'EndExplorationProtractor:'Adding'protractor'for'EndExploration'and'write'new'test'suite'for'it'in'editorAndPlayer\r\n\r\n*'MainTab:'Replacing'Angular'Selector'with'multiple''...''instead'of'just'1\r\n\r\n*'editorAndPlayer:'Rating'test'plays'the'exploration'directly'from'/library\r\n\r\n*'stateEditor:'Adding'expectation'for'rule'parameters\r\n\r\n*'LibraryPage:'Adding'ExpectedConditions'for'viewing'rating\r\n\r\n*'MainTab:'Adding'response'body'to'element'for'better'locator\r\n\r\n*'editorAndPlayer:'Different'username'for'different'tests\r\n\r\n*'editorAndPlayer:'Username'type\r\n\r\n*'stateEditor:'Changing'expectation'input'for'feedbackInstructions\r\n\r\n*'editorAndPlayer:'Adding'wait'calls'and'find'exploration'before'playing\r\n\r\n*'MainTab:'Adding'ExpectedCondition'for'closing'tutorial\r\n\r\n*'editorAndPlayer:'Finding'exploration'before'checking'it\r\n\r\n*'HistoryTab:'Adding'ExpectedConditions'for'closing'hisotry'state\r\n\r\n*'Embedding:'Refactoring'for'new'EditorPage'objects\r\n\r\n*'Embedding:'Refactoring'for'new'EditorPage'objects\r\n\r\n*'Adding'blank'line'before'exports'statement\r\n\r\n*'Embedding:'Refactoring'for'new'EditorPage'objects\r\n\r\n*'embedding:'Creating'null'declaration'before'assigning'values\r\n\r\n*'MainTab:'Properly're-worded'comments'and'adjusting'regex'rule'for'{{abc|NonNegativeInt}}\r\n\r\n*'extensions:'Refactoring'for'new'ExplorationEditorPage'objects\r\n\r\n*'extensions:'setContent'belongs'to'MainTab'not'EditorPage\r\n\r\n*'learnerDashboard:'Re-enable'and'refactor'for'new'ExplorationEditorPage'object\r\n\r\n*'AdminPage:'Reload'exploration'without'/admin\r\n\r\n*'general:'Adding'ExpectedConditions'to'acceptAlert\r\n\r\n*'LearnerDashboard:'Adding'ExpectedConditions'to'all'workflows\r\n\r\n*'SubscriptionDashboard:'Adding'ExpectedConditions\r\n\r\n*'CreatorDashboard:'Adding'ExpectedConditions'to'workflow\r\n\r\n*'CollecitonEditor:'Adding'ExpectedConditions'to'saveModal\r\n\r\n*'publicationAndLibrary:'Refactor'for'new'ExplorationEditorPage'objects\r\n\r\n*'libraryPage:'Refactoring'playCollection/Exploration'methods'and'clear'search'before'input\r\n\r\n*'learnerDash'and'learner_dashboard.html:'Refactor'and'disable'leaving'exploration/collection'mid-play\r\n\r\n*'Creator,'LearnerDashboard:'No'ExpectedCondition'for'non-interactive'element\r\n\r\n*'learnerDashboard:'Rewording'comments'and'fix'erros\r\n\r\n*'learnerDashboard:'Remove'fit\r\n\r\n*'LibraryPage:'Getting'all'of'exploration/collections'and'clicking'first'one\r\n\r\n*'MainTab:'Adding'ExpectedConditions'for'setStatename\r\n\r\n*'LearnerDashboard:'Removing'ExpectedConditions'for'non-button\r\n\r\n*'learnerDashboard:'Directly'creating'explorations'instead'of'loading'from'admin'page\r\n\r\n*'learnerDashboard:'Remove'fit\r\n\r\n*'learnerDashboard:'Fix'exploration'name'typo'and'removing'deprecated'explorationExist\r\n\r\n*'workflow:'Refactoring'editor'out'for'new'ExplorationEditorPage'object\r\n\r\n*'userJourney:'Removing'editor.js'references'and'refactoring'for'new'ExplorationEditorPage'objects\r\n\r\n*'library:'saveChanges'is'a'ExplorationEditorPage'object\r\n\r\n*'AdminPage:'Removing'reloadingExp'and'reloadingCollection'#4887\r\n\r\n*'stateEditor:'Comments'should'end'with'periods.\r\n\r\n*'general:'Replacing'editor'references'with'new'ExplorationEditorPage'objects\r\n\r\n*'HistoryTab:'Add'openStateHistory'and'rename'node'variables\r\n\r\n*'editorFeatures:'Refactor'for'new'openStateHistory\r\n\r\n*'MainTab:'Get'state'node'from'exploration'graph'and'add'check'function'for'setStateName\r\n\r\n*'collection_editor_save_modal:'Adding'protractor'tag\r\n\r\n*'creator_dashboard:'Adding'protractor'tag\r\n\r\n*'post_publish_modal:'Adding'protractor'tags\r\n\r\n*'editorAndPlayer:'Reducing'number'of'wait'calls\r\n\r\n*'SettingsTab:'Adding'deleteInteraction'method\r\n\r\n*'ContinueProtractor:'Adding'ExpectedConditions'for'clicking'continue\r\n\r\n*'workflow:'Creating'exploration/collection'from'/creator_dashboard'and'adding'creation'methods'as'Admin\r\n\r\n*'general:'IMPORTANT'Adding'waitForLoadingMessage'methods'for'loading'new'page\r\n\r\n*'users:'Adding'waitForLoadingMessage'and'conditions'for'_completeSignup\r\n\r\n*'SubscriptionDashboard:'Adding'waitForLoadingMessage'to'get'methods\r\n\r\n*'PreferencesPage:'Adding'waitForLoadingMessage'to'get'methods\r\n\r\n*'Library:'Adding'waitForLoadingMessage'to'get,'find'and'play'methods\r\n\r\n*'LearnerDashboard:'Adding'waitForLoadingMessage'to'get'methods'and'expected'conditions'for'clicking\r\n\r\n*'ExplorationPlayer:Adding'closing'conditions'to'feedback'and'suggestion'methods\r\n\r\n*'ExplorationEditor:Adding'conditions'for'clicking\r\n\r\n*'MainTab:'Removing'clicking'on'neutral'element'and'adding'expected'condition'for'closing'modal\r\n\r\n*'FeedbackTab:'Adding'condition'for'accepting'suggestion\r\n\r\n*'CreatorDashboard:'Adding'waitForLoadingMessage'for'each'page'navigation\r\n\r\n*'CollectionEditor:'Adding'conditions'for'finding'exploration,save'and'publish\r\n\r\n*'editorFeatures:'Reduce'waitForSystem\r\n\r\n*'learnerDashboard:'Expand'tests'for'incomplete'plays'of'collection'and'exploration\r\n\r\n*'SettingsTab:'Including'ExpectedConditions\r\n\r\n*'MainTab:Remove'check'for'settting'state'name\r\n\r\n*'ExplorationEditor:'discardChanges'now'waits'for'loading'message\r\n\r\n*'MainTab:Add'ExpectedConditions'to'param'methods'and'setStateName\r\n\r\n*'CollectionEditor:'Hit'Tab'to'fill'in'found'result'anyway\r\n\r\n*'collections:'Replacing'waitForAngular'with'waitForMessage'and'reduce'waitForSystem'calls\r\n\r\n*'CollectionEditor:'Properly'define'matched\r\n\r\n*'editor:'Deleting'editor.js':D\r\n\r\n*'CollectionEditor:'Adding'ExpectedConditions'for'saveChanges\r\n\r\n*'FeedbackTab:'Adding'ECs'for'readFeedbackMsg'and'getSuggestionThreads\r\n\r\n*'AdminPage:Adding'ECs'to'updateRole','delete'unused'variable'and'add'waitForLoadingMessage'to'.get'method\r\n\r\n*'MainTab:'Adding'ECs'to'tutorial'methods'and'moveToState,'rename'variable'to'reflect'plurality\r\n\r\n*'SettingsTab:'Adding'ECs'to'PreviewSummaryTile'method\r\n\r\n*'HistoryTab:'Rename'variable'stateNode'to'reflect'plurality\r\n\r\n*'EditorPage:'Adding'waitForLoadingMessage'to'navigationToTab'that'has'loadingMessage\r\n\r\n*'EditorPage:'HistoryTab'does'have'LoadingMessage\r\n\r\n*'PlayerPage:'Adding'waitForLoadingMessage'to'Redirection'methods\r\n\r\n*'ThanksPage:'Adding'waitForLoadingMessage'to'.get'method\r\n\r\n*'general:'Adding'waitForLoadingMessage'to'openEditor'and'openPlayer'methods\r\n\r\n*'users:'Separate'.get'logic'and'add'waitForLoadingMessage'to'_completeSignup\r\n\r\n*'PreferencesPage:'Migrate'some'methods'from'userJourney'into'PreferencesPage'object\r\n\r\n*'userJourneys:'Refactor'for'existing'PreferencesPage'object,'add'waitForLoadingMessage'after'each'browser.get()'method\r\n\r\n*'Removing'waitForSystem'and'waitForAngular'calls':D\r\n\r\n*'users:'Adding'some'waiting'time'in'between'signing'in\r\n\r\n*'PreferencesPage:'Removing'unused'variable\r\n\r\n*'LibraryPage:'Adding'waitForLoadingMessage'when'create'activity'from'LibraryPage\r\n\r\n*'SettingsTab:'Adding'ECs'to'deleting'exploration\r\n\r\n*'MainTab:'Waiting'up'to'10s'for'setStateName\r\n\r\n*'AdminPage:'Adding'ECs'to'clicking'Role'tab\r\n\r\n*'learnerDashboard:'Adding'Dummy'Exploration'back\r\n\r\n*'Added'help'table'for'Number'with'Units'Interaction'(#5124)\r\n\r\n*'Add'help'table'modal\r\n\r\n*'Add'i18n'for'translation\r\n\r\n*'Change'help-table'heading.\r\n\r\n*'Add'unit'table'also.\r\n\r\n*'Add'requested'changes.\r\n\r\n*'Made'requested'changes.\r\n\r\n*'Alligned'the'columns'as'requested.\r\n\r\n*'fixed'preview'erro'in'ImageRegions'interaction'(#5149)\r\n\r\n*'Fix'#5063:'Hint'button'should'not'appear'for'terminal'or'linear'interactions'(#5125)\r\n\r\n*'Fixes'#5063:'Added'check'for'terminal'interaction\r\n\r\n*'Fixes'#5063:'Added'check'for'linear'interaction'(eg.'continue)\r\n\r\n*'Drag'and'drop'interaction:'Milestone'2.1'(#5118)\r\n\r\n*'Add'config'file'and'object.\r\n\r\n*'Add'requested'changes.\r\n\r\n*'Add'warning'and'checks'to'ensure'continuity.\r\n\r\n*'Add'continuity'check'and'helpful'message.\r\n\r\n*'Add'requested'changes.\r\n\r\n*'Made'review'changes.\r\n\r\n*'Initialize'maxPrevIndex'var.\r\n\r\n*'Remove'if'block.\r\n\r\n*'Create'Topic'Editor'(Part'5):'Added'subtopic'page'editor'(#5142)\r\n\r\n*'Merged'with'topic'editor\r\n\r\n*'Added'subtopic'title'editor\r\n\r\n*'Added'subtopic'page'editor'and'tests\r\n\r\n*'fixed'errors\r\n\r\n*'Made'review'changes\r\n\r\n*'added'local'create'and'delete'subtopic'page\r\n\r\n*'made'review'changes\r\n\r\n*'fixed'errors\r\n\r\n*'made'review'change\r\n\r\n*'Added'unit'test'for'exploration'reverts'effect'on'exploration'issues'model'(#5147)\r\n\r\n*'added'test'to'check'reverts\r\n\r\n*'fix'backend'test\r\n\r\n*'Addressed'all'review'comments\r\n\r\n*'Addressed'comment\r\n\r\n*'Playthrough'Visualisation:'Milestone'2.2'(Part'1)'(#5133)\r\n\r\n*'controller'changes'and'modified'tests\r\n\r\n*'split'into'helper'methods\r\n\r\n*'make'member'variables\r\n\r\n*'changes'addresesd\r\n\r\n*'addressed'set'of'changes\r\n\r\n*'Addressed'review'comments\r\n\r\n*'Remove'playthrough_id'field'and'modify'all'occurences\r\n\r\n*'Addressed'review'comments'and'fixed'backend'test'failures\r\n\r\n*'Final'round'of'nits'addressed,'fixed'one'backend'failure\r\n\r\n*'Minor'fix'in'getNeedsUpdateTooltipMessag.'(#5136)\r\n\r\n*'Fixed'error'isEditable\r\n\r\n*'Added'more'changes\r\n\r\n*'Playthrough'Visualisation:'Milestone'2.2'(Part'2)'(#5058)\r\n\r\n*'store'controller'now'updates'playthroughs\r\n\r\n*'completed'recording\r\n\r\n*'fixed'lint'and'injector'errors\r\n\r\n*'added'unit'tests\r\n\r\n*'addressed'review'comments\r\n\r\n*'addressed'review'comments\r\n\r\n*'addressed'review'comments\r\n\r\n*'addressed'another'set'of'review'comments\r\n\r\n*'fix'e2e'test'failures\r\n\r\n*'fix'frontemd'tests\r\n\r\n*'fixes\r\n\r\n*'manual'testing'fixes\r\n\r\n*'add'prioritizing'issues'functionality\r\n\r\n*'reorder'imports\r\n\r\n*'fixed'e2e'test\r\n\r\n*'remove'backend'changes'here\r\n\r\n*'Addressed'final'round'of'nits\r\n\r\n*'Create'Story'Editor'(Part'2):'Add'create'and'delete'story'functionalities'(#5148)\r\n\r\n*'Added'stories'list'to'topic'editor\r\n\r\n*'fixed'errors\r\n\r\n*'made'review'and'UI'changes\r\n\r\n*'Added'story'creation'and'deletion\r\n\r\n*'Made'review'changes\r\n\r\n*'modified'story'creation\r\n\r\n*'fixed'errors\r\n\r\n*'Added'prompt'before'story'creation\r\n\r\n*'added'story'delete\r\n\r\n*'made'initial'review'changes\r\n\r\n*'minor'changes\r\n\r\n*'Added'discard'draft\r\n\r\n*'changed'alt'text\r\n\r\n*'Create'Story'Editor'(Part''3):'Create'Story'Editor'UI'(#5152)\r\n\r\n*'Merged'with'story-editor-2\r\n\r\n*'created'story'editor'ui\r\n\r\n*'Added'tests\r\n\r\n*'added'story'notes'editor\r\n\r\n*'mae'review'changes\r\n\r\n*'modified'urlservice\r\n\r\n*'modified'urlservice\r\n\r\n*'Drag'and'Drop'Interaction:'Milestone'2.2'(#5137)\r\n\r\n*'Add'relevant'js'files'and'templates.\r\n\r\n*'Remove'lint'errors.\r\n\r\n*'Add'requested'changes.\r\n\r\n*'change'subitem'name\r\n\r\n*'Made'review'changes.\r\n\r\n*'Add'constant'to'enable'drag'and'drop'UI.\r\n\r\n*'Remove'constant.\r\n\r\n*'Made'review'changes.\r\n\r\n*'Milestone'2.1'&'2.2:'Lesson'translation'dashboard.'(#5122)\r\n\r\n*'Added'translation'icon'on'navbar\r\n\r\n*'2nd'commit\r\n\r\n*'Added'TranslationLangaugeService\r\n\r\n*'Added'Files\r\n\r\n*'Milestone'2.2\r\n\r\n*'Disable'translation'tab'button\r\n\r\n*'Added'review'changes\r\n\r\n*'Added'contsnt'for'enabling'translation'tab.\r\n\r\n*'Create'Story'Editor'(Part'4):'Create'story'node'editor'(#5159)\r\n\r\n*'Merged'with'story'editor'ui\r\n\r\n*'Added'story'node'outline'editor\r\n\r\n*'fixed'errors\r\n\r\n*'Added'destination'node'id'editor\r\n\r\n*'fixed'errors\r\n\r\n*'added'node'outline'finalized\r\n\r\n*'made'review'changes\r\n\r\n*'fixed'errors\r\n\r\n*'Playthrough'Visualisation:'Milestone'2.2'(Part'3)'(#5156)\r\n\r\n*'Introduce'a'probabilistic'chance'of'storing'playthroughs\r\n\r\n*'Added'docstring\r\n\r\n*'Use'math.random()'explicitly\r\n\r\n*'Remove'extra'variable'definition\r\n\r\n*'Rename'variables\r\n\r\n*'Fix'frontend'tests\r\n\r\n*'Modified'private'functions\r\n\r\n*'Generalized'Review'System'-'Milestone'1.2':'Suggestion'controllers'and'wiring'up'to'frontend'(#5093)\r\n\r\n*'added'controllers\r\n\r\n*'Added'controllers'and'linked'to'frontend\r\n\r\n*'linting'fixes\r\n\r\n*'more'linting'fixes\r\n\r\n*'review'changes(1)'--'fix'backend'tests'and'use'separate'URLs,'removed'conditionals'from'tests\r\n\r\n*'linting'fix\r\n\r\n*'minor'fix\r\n\r\n*'changed'access'control'logic,'added'tests,'and'fix'travis\r\n\r\n*'linting'fixes\r\n\r\n*'made'more'review'changes\r\n\r\n*'propagated'changes'to'frontend'and'added'text'field'for'review'changes\r\n\r\n*'linting'fix\r\n\r\n*'fix'travis'test\r\n\r\n*'fixed'frontend'tests\r\n\r\n*'made'some'review'changes\r\n\r\n*'linting'fix\r\n\r\n*'made'changes'to'decorators,'URLs'as'discussed\r\n\r\n*'linting'fixes'and'more'checks\r\n\r\n*'made'review'changes\r\n\r\n*'review'changes\r\n\r\n*'linting'fixes\r\n\r\n*'fix'typo\r\n\r\n*'Rename'flag'for'enabling'playthroughs'(#5165)\r\n\r\n*'Rename'flag\r\n\r\n*'Ordered'imports\r\n\r\n*'Swap'services'in'import'order\r\n\r\n*'Final'fixes\r\n\r\n*'Added'validation'one-off'job'for'CKEditor'-'Milestone'2'(#5161)\r\n\r\n*'Added'validating'list'for'CKEditor\r\n\r\n*'Added'Validation'job'for'CKEditor\r\n\r\n*'addressed'review'comments\r\n\r\n*'Added'MigrationValidation'one-off'job'for'CKEditor'-'Milestone'2'(#5169)\r\n\r\n*'Added'MigrationValidation'job'for'CKEditor\r\n\r\n*'Added'test'for'ckeditor'conversion'functions'in'html_cleaner.py\r\n\r\n*'updated'conversion'for'ol'and'ul'tags\r\n\r\n*'fix'naming'of'rte'formats'and'comments\r\n\r\n*'Added'lots'of'comments,'updated'conversion'for'list'and'block'components\r\n\r\n*'removed'spaces'from'rte'names,'made'comments'informative,'removed'code'repetition\r\n\r\n*'capitalized'constant'names,'made'regex'better\r\n\r\n*'Milestone'2.3:'Lesson'translation'dashboard.'(#5163)\r\n\r\n*'Added'translation'icon'on'navbar\r\n\r\n*'2nd'commit\r\n\r\n*'Added'TranslationLangaugeService\r\n\r\n*'Added'Files\r\n\r\n*'Milestone'2.2\r\n\r\n*'Disable'translation'tab'button\r\n\r\n*'Added'review'changes\r\n\r\n*'Added'Translation'graph'directive\r\n\r\n*'Added'graph'in'translation'tab\r\n\r\n*'Made'changes'in'e2e'for'exploration'graph\r\n\r\n*'Added'review'changes\r\n\r\n*'Modify'html'indent'function'(#5171)\r\n\r\n*'Modify'check\r\n\r\n*'Fix'indent'and'placing'errors\r\n\r\n*'Remove'trailing'spaces\r\n\r\n*'Modify'echo'statements'in'install_third_party.sh\r\n\r\n*'Adjust'tags'and'text\r\n\r\n*'Correct'text'indent\r\n\r\n*'Adjust'text\r\n\r\n*'Add'arg'name'to'arg'with'default'values.'(#5180)\r\n\r\n*'Rename'AudioLanguage's''text''attribute'to''description''and'update'e2e'documentation'for'running'individual'suite'(#5126)\r\n\r\n*'Renaming'text'to'description\r\n\r\n*'Reduce'the'number'of'files'that'are'uploaded'to'production.'(#5181)\r\n\r\n*'Reduce'daysUntilStale'to'7'(#5187)\r\n\r\n*'Updated'Migration'process'on'the'basis'of'cases'obtained'from'test'server'(#5185)\r\n\r\n*'Update'CODEOWNERS'to'include'all'storage'models'&'add'Sean'as'an'owner'(#5186)\r\n\r\n*'Update'CODEOWNERS'to'include'all'storage'models'&'add'Sean'as'an'owner\r\n\r\n*'Update'Sean's'username.\r\n\r\n*'Generalised'Review'System'Milestone'2:'Add'user'contribution'scoring'models'(#5128)\r\n\r\n*'added'gae'model'for'user'contribution'scoring\r\n\r\n*'added'services,'domain'object'and'tests\r\n\r\n*'linting'fixes\r\n\r\n*'review'changes'1\r\n\r\n*'removed'extra'newline\r\n\r\n*'review'changes\r\n\r\n*'linting'fix\r\n\r\n*'review'changes\r\n\r\n*'linting'fixes\r\n\r\n*'fix'backend'tests\r\n\r\n*'Generalised'review'system:'Validation'job'for'the'suggestion'migration'(#5174)\r\n\r\n*'Add'job'to'validate'the'suggestion'migration'job\r\n\r\n*'Extract'relevant'commits'from'change'list'in'ExplorationStateIdMapping'(#5189)\r\n\r\nMR'job\r\n\r\n*'Create'Topic'Editor'(Part'6):'Added'skill'id'management'for'subtopics'(#5166)\r\n\r\n*'Added'skill'id'management'to'subtopic'editor\r\n\r\n*'Added'create'and'delete'subtopic\r\n\r\n*'minor'change\r\n\r\n*'Changed'skill'card'to'show'description\r\n\r\n*'Added'link'to'skill'editor\r\n\r\n*'added'delete'subtopic'management\r\n\r\n*'changed'the'management'mechanism\r\n\r\n*'disabled'new'structures\r\n\r\n*'changed'delete'subtopic'algorithm'and'other'review'changes\r\n\r\n*'addressed'review'comments\r\n\r\n*'added'comments\r\n\r\n*'made'initial'review'changes\r\n\r\n*'made'review'changes\r\n\r\n*'Added'send'email'when'deleted'skills'encountered\r\n\r\n*'Added'logging\r\n\r\n*'Fixing'merge'conflict'due'to'deleting'editor.js\r\n\r\n*'Missing'files'from'rebasing\r\n\r\n*'general:'Adding'inline'comment'for'waitForLoadingMessage\r\n\r\n*'learnerDashboard:'Correcting'nits\r\n\r\n*'HistoryTab,'MainTab:'Breaking'after'('for'long'comments\r\n\r\n*'learnerDashboard,general:'Abstracting'safeAcceptAlert()'away'and'add'details'for'it\r\n\r\n*'MainTab:'Reverting'changes'to'tutorial'functions,'just'add'ECs'to'them.\r\n\r\n*'users:'Adding'wait'calls'when'logging'out'and'removing'waitForSystem'from'signup'method\r\n\r\n*'Fixing'travis'file'due'to'merge\r\n\r\n*'Added'validations'to'story'editor'(#5195)\r\n\r\n*'Added'check'before'returning'to'topic\r\n\r\n*'Created'the'files\r\n\r\n*'Added'initial'validations'and'tests\r\n\r\n*'fixed'errors\r\n\r\n*'Added'story'graph'validations\r\n\r\n*'Added'tests\r\n\r\n*'fixed'errors\r\n\r\n*'minor'change\r\n\r\n*'fixed'bugs'in'stories'list\r\n\r\n*'modified'story'validations\r\n\r\n*'made'review'changes\r\n\r\n*'removing'the'code'that'uploaded'the'filepath'as'an'object'instead'of'\u2026'(#5173)\r\n\r\n*'removing'the'code'that'uploaded'the'filepath'as'an'object'instead'of'filename\r\n\r\n*'removing'the'setting\r\n\r\n*'Removed'it'from'the'imagePath\r\n\r\n*'spelling'following\r\n\r\n*'renamed'filepathObject'to'filename\r\n\r\n*'made'the'changes'as'said'in'the'comment.\r\n\r\n*'made'the'changes\r\n\r\n*'vscode\r\n\r\n*'Added'validations'to'topic'editor'(#5178)\r\n\r\n*'Added'topic'validation\r\n\r\n*'Merged'with'subtopic'skill'editor\r\n\r\n*'Added'tests\r\n\r\n*'Added'some'more'validations\r\n\r\n*'made'review'changes\r\n\r\n*'minor'changes\r\n\r\n*'modified'topic'validations\r\n\r\n*'made'review'changes\r\n\r\n*'exploration_editor:'Removing'duplicated'directives\r\n\r\n*'Checking'out'.travis'and're-enable'learnerDashboard\r\n\r\n*'Checking'out'app.yaml'from'upstream/develop",https://github.com/oppia/oppia/commit/36949e2f4e3d5690ff9f4ded0163410af7cb018d,Dashboard button clicking flaky,DOM Selector Issue,https://github.com/oppia/oppia/blob/36949e2f4e3d5690ff9f4ded0163410af7cb018d/core/tests/protractor_utils/workflow.js,TravisCI,Unspecified,Add wait code to click handlers,Fix Await Mechanism,https://github.com/oppia/oppia/pull/5139,,,,,,,,
fix(tests): fix flaky dashboards e2e test,https://github.com/influxdata/influxdb/commit/0bd62f468fb2d4edc393a51087f60103c188729b,Selecting element on page flaky,DOM Selector Issue,https://github.com/influxdata/influxdb/blob/0bd62f468fb2d4edc393a51087f60103c188729b/ui/cypress/e2e/dashboardsIndex.test.ts,Cypress,Unspecified,Add check to code ensuring element is selected before attempting to interact,Refactor Logic Implementation,https://github.com/influxdata/influxdb/pull/13378,,,,,,,,
Test: Try to fix flaky test\n\n#895,https://github.com/styleguidist/react-styleguidist/commit/6c37120804561860dcf44e5d8f471fffe0b78843,Hit bug in Cypress API,Platform Issue,https://github.com/styleguidist/react-styleguidist/blob/6c37120804561860dcf44e5d8f471fffe0b78843/test/cypress/integration/component_spec.js,Cypress,Unspecified,Updated Cypress version,Update/Revert Library Version,https://github.com/styleguidist/react-styleguidist/issues/895,,,,,,,,
fix: Unknown Slack users should be able to search team accessible docs (#1049)\n\n* fix: Unknown Slack users should be able to search team accessible docs\r\n\r\n* test: fix flaky test\r\n\r\n* test: remove obsolete snapshot\r\n\r\n* lint\r\n\r\n* flow\r\n\r\n* fix: Spelling mistake,https://github.com/outline/outline/commit/b1a1d24f9c2611d4ae8631321a6ba37e754f30b0,Comparison of element contents too strict,Unordered Collections,https://github.com/outline/outline/blob/b1a1d24f9c2611d4ae8631321a6ba37e754f30b0/server/api/users.test.js,CircleCI,Unspecified,Changed one comparison on parent elemtn to multiple comparisons on children elements,Refactor Logic Implementation,https://github.com/outline/outline/pull/1049,,,,,,,,
Increase timeout for flaky Mutation test.,https://github.com/apollographql/react-apollo/commit/b81e58427b1888b6ec4286cbd910d0a529095126,timeout not enough,Resource Rendering,https://github.com/apollographql/react-apollo/blob/b81e58427b1888b6ec4286cbd910d0a529095126/test/client/Mutation.test.tsx,circleci,Unspecified,changed 200 timeout to 500,Add/Increase Delay,,,,,,,,,
Flow tweaks (#752)\n\n* increase setTimeout for intermittent test failre\r\n\r\n* fix some flow types from usage\r\n\r\n* update changelog and version\r\n\r\n* better tupe respone\r\n\r\n* ignore apollo client flow tests,https://github.com/apollographql/react-apollo/commit/2baa0564d82ff29aafd4f8bdbec06143acbfd939,Flaky resource loading,Network Resource Loading,https://github.com/apollographql/react-apollo/blob/0ea299625a1e3ae1e61cdd31abe1a172159a331e/test/react-web/client/graphql/mutations/queries.test.tsx,CircleCI,Unspecified,Disabled,Remove Test,,,,,,,,,
feat: Respond to fixture changes (#549)\n\n* Respond to fixture source changes\r\n\r\n* Keep context bound to latest input\r\n\r\n* Fix arg naming in generic test renderer\r\n\r\n* Remove unnecessary fixture prop mocking\r\n\r\n* Preserve fixture updates until fixture is reset\r\n\r\n* Make Cypress tests less flaky\r\n\r\n* Remove unused const\r\n\r\n* v3.2.0-0\r\n\r\n* No longer expect fixture prop to update in proxies\r\n\r\n* Preserve fixture edit on fixture HMR\r\n\r\n* v3.2.0-1\r\n\r\n* Clarify language regarding to fixture source change\r\n\r\n* Simplify test language\r\n\r\n* Always re-create context to ensure latest proxies and components are used\r\n\r\n* v3.2.0-2\r\n\r\n* Prevent from loading a missing fixture\r\n\r\n* v3.2.0-3,https://github.com/react-cosmos/react-cosmos/commit/dae289fb72796b9c1d95d423a66c296d7402812d,should check was not as a Promise,Incorrect Resource Load Order,https://github.com/react-cosmos/react-cosmos/blob/d01e0bd78a6b1fdadfc611a4eadaf29c119cfa9a/cypress/integration/example-local-state.js,cypress,Provide Example,changed the should check as a resolve ,Fix Await Mechanism,https://github.com/react-cosmos/react-cosmos/pull/549,,,,,,,,
"feat: Headless Testing API (#534)\n\n* Remove forgotten Lerna option\r\n\r\n* Create react-cosmos-mount with basic functionality\r\n\r\n* Add ref hook to createContext options\r\n\r\n* Move createContext API to react-cosmos-loader\r\n\r\n* Update createContext API in Playground tests\r\n\r\n* Use latest packages for async scheduling\r\n\r\n* Add getter and setter to create-context\r\n\r\n* Only wait after component ref when mounting class components\r\n\r\n* Move isComponentClass to own file\r\n\r\n* Refactor createContext\r\n\r\n* Adapt react-cosmos-telescope to createContext\r\n\r\n* Extract Loader types\r\n\r\n* Add type for fixtureSelect message\r\n\r\n* Add connectLoader with partial functionality\r\n\r\n* Remove RefCallbackProxy leftover\r\n\r\n* Refactor createContext\r\n\r\n* Add fixtureUpdate event to connectLoader\r\n\r\n* Enhance connectLoader tests to reflect filtering of serializable fixture part\r\n\r\n* Add fixtureEdit event to connectLoader\r\n\r\n* Remove updated method of createContext\r\n\r\n* Add fixtureListUpdate event to connectLoader\r\n\r\n* Update type name\r\n\r\n* Handle selecting of missing fixture\r\n\r\n* Clear instance between context mounts by default\r\n\r\n* Add more clarity to connectLoader\r\n\r\n* Centralize shared Jest helpers\r\n\r\n* Restrict context to one mounted instance per page\r\n\r\n* Add some docs to connectLoader\r\n\r\n* Refactored Loader.mount to use connectLoader\r\n\r\n* Use loaderOpts consistently\r\n\r\n* Remove deprecated RemoteLoader\r\n\r\n* Fix ""SF"""" font on Firefox/Safari\r\n\r\n* Remove unneeded default\r\n\r\n* Update docs\r\n\r\n* Send ref instead of getter to fixture.init\r\n\r\n* Add minimal doc for Loader package\r\n\r\n* Export ContextArgs type\r\n\r\n* Add react-cosmos-enzyme package\r\n\r\n* Fix type\r\n\r\n* Test react-cosmos-voyager\r\n\r\n* Make test more predictible\r\n\r\n* Re: Make tests more predictible\r\n\r\n* Add friendly error messages for unmounted context\r\n\r\n* Install traverse only where it's used\r\n\r\n* Add optional rendererOptions to createContext\r\n\r\n* Mock prop callbacks automatically in Jest env\r\n\r\n* Update all Component tests to createContext\r\n\r\n* Extract generic test API\r\n\r\n* Increase wait timout to prevent flaky tests\r\n\r\n* Upgrade async-until dep\r\n\r\n* Reset fixture state when context remounts\r\n\r\n* v3.1.0-0\r\n\r\n* Include entry files in react-cosmos-test package\r\n\r\n* v3.1.0-1\r\n\r\n* Increase async timeout in tests to avoid flaky tests on Travis\r\n\r\n* Use other than default port for Playground Cosmos instance\r\n\r\n* Ignore test files from webpack context\r\n\r\n* v3.1.0-2\r\n\r\n* Add docs on test API\r\n\r\n* Tweak test-api docs\r\n\r\n* Add context.getField as alias to context.get\r\n\r\n* v3.1.0-3""",https://github.com/react-cosmos/react-cosmos/commit/0c6a26550961e36c1a7535f3dd9c151ebdd459e7,no time out setting,Incorrect Resource Load Order,https://github.com/react-cosmos/react-cosmos/blob/3883953338460e95886bbf14392f2259c1da8942/packages/react-cosmos-shared/src/jest/index.js; https://github.com/react-cosmos/react-cosmos/blob/317b5cdeb408f7498897b4fb0fa6bc3a3842e4e8/packages/react-cosmos-loader/src/__tests__/connect-loader/_shared.js,"jestmock, travis",Unspecified,added timeout,Add/Increase Delay,https://github.com/react-cosmos/react-cosmos/pull/534,,,,,,,,
Attempting to squash intermittent phantomjs testing error.,https://github.com/HospitalRun/hospitalrun-frontend/commit/6754d71e79f4e5433bc0489e45ad18fefb1b7e30,not waiting for element appear,Resource Rendering,https://github.com/HospitalRun/hospitalrun-frontend/blob/6754d71e79f4e5433bc0489e45ad18fefb1b7e30/tests/acceptance/imaging-test.js,travis,Unspecified,added wait function,Fix Await Mechanism,,,,,,,,,
Fix flaky test,https://github.com/gotify/server/commit/3069867fcc1a545db59829ed827e576f32ebb893,Test not properly waiting for element,Resource Rendering,https://github.com/gotify/server/blob/3069867fcc1a545db59829ed827e576f32ebb893/ui/src/tests/plugin.test.ts,TravisCI,Unspecified,Refactored wait function,Fix Await Mechanism,https://github.com/gotify/server/pull/222,,,,,,,,
Make messages test less flaky,https://github.com/gotify/server/commit/865aaa3f8588841b6ab80edaf4f67ad5a42f8e3e,Test not properly waiting for element,Resource Rendering,https://github.com/gotify/server/blob/865aaa3f8588841b6ab80edaf4f67ad5a42f8e3e/ui/src/tests/message.test.ts,TravisCI,Unspecified,Refactored wait function to add expected count ,Fix Await Mechanism,https://github.com/gotify/server/pull/60,,,,,,,,
"Remove second autoFocus example (#1390)\n\n* Remove second autoFocus example\r\n\r\nhero_example already has autoFocus, and having two inputs\r\nfocused by default dosn't make sense.\r\n\r\nFixes #1212 #1334\r\n\r\n* Fix flaky test again",https://github.com/Hacker0x01/react-datepicker/commit/67f05e99786815cb1c5ca77530169067177d384b,Incorrect option causes date picker to display a date twice when testing on last week of the month,Platform Issue,https://github.com/Hacker0x01/react-datepicker/blob/67f05e99786815cb1c5ca77530169067177d384b/test/datepicker_test.js,TravisCI,Provide Example,Added conditional check on option,Refactor Logic Implementation,https://github.com/Hacker0x01/react-datepicker/issues/1212,,,,,,,,
Fix flaky failing test (#1050),https://github.com/Hacker0x01/react-datepicker/commit/db64f070d72ff0705239f613bd5bba9602d3742f,Incorrect option causes date picker to display arrows twice when first two days of the month,Platform Issue,https://github.com/Hacker0x01/react-datepicker/blob/db64f070d72ff0705239f613bd5bba9602d3742f/test/datepicker_test.js,TravisCI,Force Environment Conditions,Changed value used in test for option,Use Workaround,https://github.com/Hacker0x01/react-datepicker/pull/1050,,,,,,,,
fix(test): retry flakey e2e tests (#2959)\n\n* chore(build): move flakey range test to unreliable\r\n\r\n* chore(build): retry flakey data-table e2e test\r\n\r\n* fix(test): lint,https://github.com/uber/baseweb/commit/f6c6d3c52f13bca7475ee6b773c6a5519013705f,Test timeout in e2e run,Resource Rendering,https://github.com/uber/baseweb/blob/f6c6d3c52f13bca7475ee6b773c6a5519013705f/src/datepicker/__tests__/datepicker-unreliable.e2e.js,"BuildKite, Jest",Unspecified,Moved to separate unreliable test file,Mark Test as Flaky,https://github.com/uber/baseweb/pull/2959,,,,,,,,
feat(data-table): enables column resizing (#2486)\n\n* feat(data-table): resize column POC\r\n\r\n* feat(data-table): draw full-height ruler\r\n\r\n* feat(data-table): improves ruler performance\r\n\r\n* feat(data-table): model resize as deltas\r\n\r\n* feat(data-table): clamps to min/max widths\r\n\r\n* fix(data-table): lint\r\n\r\n* fix(data-table): add wait to flakey test\r\n\r\nCo-authored-by: Gergely Nemeth <gergelyke@users.noreply.github.com>,https://github.com/uber/baseweb/commit/447bd7a279c0137daeab5a0147fdf9fceb1d59f7,No wait before performing check on ui change,Resource Rendering,https://github.com/uber/baseweb/blob/447bd7a279c0137daeab5a0147fdf9fceb1d59f7/src/data-table/__tests__/data-table-columns.e2e.js,"BuildKite, Jest",Unspecified,Added delay between actions,Add/Increase Delay,https://github.com/uber/baseweb/pull/2486,,,,,,,,
test(vrt): fix flakey vrt tests (#2311),https://github.com/uber/baseweb/commit/766ced1cfbf5a7c7ad8ec7b559064cb18ef03890,Layout changes during resource load,Layout Difference,https://github.com/uber/baseweb/blob/766ced1cfbf5a7c7ad8ec7b559064cb18ef03890/vrt/tests.vrt.js,"BuildKite, Jest",Unspecified,Fixed window dimensions for screenshots,Refactor Logic Implementation,https://github.com/uber/baseweb/pull/2311,,,,,,,,
fix(e2e): moves flakey test to end of suite (#1876)\n\n* fix(e2e): moves flakey test to end of suite\r\n\r\n* fix(e2e): adds comment\r\n\r\n* fix(e2e): removes flakey datepicker e2e test,https://github.com/uber/baseweb/commit/32942dec7bcd8d71ee4cce9f957ec31404d97192,Flaky datepicker rendering,Resource Rendering,https://github.com/uber/baseweb/blob/32942dec7bcd8d71ee4cce9f957ec31404d97192/src/datepicker/__tests__/datepicker.e2e.js,"BuildKite, Jest",Unspecified,Removed test,Remove Test,https://github.com/uber/baseweb/pull/1876,,,,,,,,
fix(screener): remove flaky modal test (#1530),https://github.com/uber/baseweb/commit/ac6e513a505d3ceb0d2409700bbb9975e3940969,Flaky modal rendering,Resource Rendering,see commit,"BuildKite, Jest",Unspecified,Removed test,Remove Test,https://github.com/uber/baseweb/pull/1530,,,,,,,,
feat(timezone-picker): Timezone Picker (#1156)\n\n* feat(timezone-picker): adds timezone-support pkg\r\n\r\n* feat(timezone-picker): adds component\r\n\r\n* feat(timezone-picker): adds type descriptions\r\n\r\n* feat(timezone-picker): clarify in-line comments\r\n\r\n* fix(timezone-picker): clean up scenario file\r\n\r\n* feat(timezone-picker): add example to docs site\r\n\r\n* feat(timezone-picker): adds tests\r\n\r\n* feat(timezone-picker): adds optional label transformation\r\n\r\n* Update src/datepicker/types.js\r\n\r\n* feat(timezone-picker): updates options if date changes\r\n\r\n* fix(timezone-picker): adds delay to e2e test\r\n\r\n* fix(timezone-picker): removes flakey e2e test\r\n\r\n* fix(timepicker): removes flakey test,https://github.com/uber/baseweb/commit/ed160d775eec8d15f14e025d53248bb1876d268f,Timepicker timeout in e2e tests,Resource Rendering,https://github.com/uber/baseweb/blob/ed160d775eec8d15f14e025d53248bb1876d268f/src/datepicker/__tests__/timezone-picker.e2e.js,"BuildKite, Jest",Unspecified,Added delay,Add/Increase Delay,https://github.com/uber/baseweb/pull/1156,,,,,,,,
Fixed flakey integration test (#410)\n\n* Fixed flakey integration test\r\n\r\n* Updated change log,https://github.com/pinterest/gestalt/commit/0463b6da50f43c8bc53738ca522d5c5ba619ef35,Integration test fails due to components not ready,Resource Rendering,https://github.com/pinterest/gestalt/blob/0463b6da50f43c8bc53738ca522d5c5ba619ef35/packages/gestalt/src/__integration__/optimizedRemount.integration.js,React Testing Library,Unspecified,Added delay,Add/Increase Delay,https://github.com/pinterest/gestalt/pull/410,,,,,,,,
Masonry: add missing defaultProps and handleResize (#313)\n\nalso added missing await waitFor to fix flaky test,https://github.com/pinterest/gestalt/commit/865e67fe30debbcb846c704b2bc3b1b57a2edde0,Component not rendered fully before interacting,Resource Rendering,https://github.com/pinterest/gestalt/blob/865e67fe30debbcb846c704b2bc3b1b57a2edde0/packages/gestalt/src/__integration__/virtualizationWithScrollContainer.integration.js,React Testing Library,Unspecified,Added delay,Add/Increase Delay,https://github.com/pinterest/gestalt/pull/313,,,,,,,,
remove'flaky'pos'bottom'test'which'is'effect'by'unit'scroll'pos,https://github.com/twbs/bootstrap/commit/3b2418e6885d31d9cd1eab33b4cb952e876f8cf7,Flaky bottom test from scrolling,Layout Difference,https://github.com/twbs/bootstrap/blob/3b2418e6885d31d9cd1eab33b4cb952e876f8cf7/dist/js/bootstrap.js,Github Actions,Unspecified,Removed flaky tests,Remove Test,,,,,,,,,
Skip flaky Gemini test in IE instead of changing tolerance,https://github.com/JetBrains/ring-ui/commit/5d9f96d6ffa3a3c99722047677d5a545c02bdd80,Flaky select input test has rendering artifact due to IE rendering,Platform Issue,https://github.com/JetBrains/ring-ui/blob/5d9f96d6ffa3a3c99722047677d5a545c02bdd80/components/select/select.gemini.js,TeamCity,Run on Specific Platform,Removed test,Remove Test,,,,,,,,,
Increase tolerance for select popup test to (hopefully) get rid of flakiness,https://github.com/JetBrains/ring-ui/commit/8a35b37d6885a03fad4ec88a4595c31c5731ad58,Input component test has rendering artifact in IE,Platform Issue,https://github.com/JetBrains/ring-ui/blob/8a35b37d6885a03fad4ec88a4595c31c5731ad58/components/select/select.gemini.js,TeamCity,Unspecified,Added tolerance to test,Refactor Logic Implementation,,,,,,,,,
test(react-ui-screenshot-tests): fix flaky tests,https://github.com/skbkontur/retail-ui/pull/1284/commits/a006fdf0e0e65d5fde07134c6909870666e7947f,Dropdown box goes offscreen depending oon browser's default window size,Layout Difference,packages/react-ui-screenshot-tests/gemini/dropdownContainer.js,TeamCity,Unspecified,Specify default window size,Refactor Logic Implementation,https://github.com/skbkontur/retail-ui/pull/1284,,,,,,,,
UI: Fix a couple flaky tests,https://github.com/hashicorp/nomad/pull/4167/commits/69251628f7a3f03ce603abfea5c8f48b4804c39e,Random string with spaces causes issue,Randomness,,CircleCI,Unspecified,Add code to turn spaces into dashes,Use Workaround,https://github.com/hashicorp/nomad/pull/4167,,,,,,,,
Mobile,,,,,,,,,,,,,,,,,
chore(select): fix flaky positioning test,https://github.com/angular/components/pull/12496, position within the viewport on repeat openings is flaky on ios 10,Platform Issue,https://github.com/angular/components/pull/12496/commits/279ce73640f757d6aad7df8baaa38aaab2aa1661,Angular,Specify Problematic Platform,Fixed by modifying the comparision check from toBeGreaterThan to toBeGreaterThanOrEqual,Refactor Logic Implementation,,,,,,,,,
Fix flaky FragmentScenarioTest.fragmentWithOptionsMenu,https://github.com/androidx/androidx/commit/69bc66bc5e929bb76a00ef1cc33792a1c1ce5217,,Incorrect Test Runner Interaction,,,Unspecified,Not fixed,Remove Test,,,,,,,,,
Fix flaky UI tests,https://github.com/fossasia/susi_android/issues/1015,"RuntimeException, permissions not granted for some UI tests",Incorrect Resource Load Order,,Espresso,Unspecified,Add permission,	Fix API Access,https://github.com/fossasia/susi_android/pull/1031,,,,,,,,
Fix RxSwipeDismissBehavior flaky test,https://github.com/JakeWharton/RxBinding/issues/263,SLOW swipe wasn't triggering the actual dismissal,Animation Timing Issue,https://github.com/JakeWharton/RxBinding/pull/287/commits/11af21c6519755e221a26d928f1f3eb30b09ff31,Espresso,Change Timing Interval,changing the swipe speed on the test from SLOW to FAST fixes the flakiness,Add/Increase Delay,,,,,,,,,
Many UI Tests are flaky,https://github.com/mozilla-mobile/focus-android/issues/4470,"waitFor method on the uiautomator objects with a relatively small timeout(4 seconds), the required processing is not done within timeout.",Resource Rendering,,CI test,Change Timing Interval,"Not fixed, mark as flaky",Remove Test,,,,,,,,,
Use EditText's background for the filled text field and fix underline flakiness,https://github.com/material-components/material-components-android/commit/ef919e870a330da1758bd75cc60d3354d8521690,underline used to not meet the edges until drawableStateChanged() was called after a layout pass.,Layout Difference,https://github.com/material-components/material-components-android/commit/ef919e870a330da1758bd75cc60d3354d8521690#diff-4a0626013f6d7ae777224f2a3f475a74,Espresso,Unspecified,"Changed from From set the {@link EditText}'s background to an outlined box -> set the {@link EditText}'s background to an outlined or filled box. TextInputLayout was attempting to use EditText's pre-existing underline, and the bounds of that Drawable weren't known in order to modify them until after drawableStateChanged()",Refactor Logic Implementation,,,,,,,,,
Change the UI Tests to use internal site,https://github.com/mozilla-mobile/focus-android/issues/2254,MismatchTest() failing intermittently while loading external site,Network Resource Loading,,Not mentioned,Force Environment Conditions,"Not fixed, change to internal site",Refactor Logic Implementation,,,,,,,,,
Fix Appium tests with iOS,https://github.com/thaliproject/postcardapp/issues/126, iOS tests broken after updating Cordova 6,Incorrect Resource Load Order,,Appium,Specify Problematic Platform,replacing 'safeEval' with 'eval' - tests with 'safeEval' commands will fail. make sure 'waitForElementByCss' after changing page with 'click()' . don't use 'waitForConditionInBrowser' to wait for browser conditions!,Fix Await Mechanism,,,,,,,,,
Idling Resource - Message indicating that the resource has transitioned from busy to idle was never sent,https://github.com/apollographql/apollo-android/issues/849,apolloClient.idleCallback() not run,Incorrect Resource Load Order,,Espresso,Provide Code Snippet,Moving the callback to the isIdleNow() method,Fix Await Mechanism,,,,,,,,,
UI test problems,https://github.com/lambdasoup/watchlater/issues/18,MockWebServer.shutdown throws Exception about Executor not terminating fast enough,Resource Rendering,,,Change Timing Interval,"add dispatcher to the MockWebserver that allows resetting the canned responses in each teardown, with start/shutdown per class only.",Fix Await Mechanism,,,,,,,,,
 Calabash query is unreliable on Samsung Galaxy S5 running Android 5.0 ,https://github.com/calabash/calabash-android/issues/610,concurrency bug in getLocationOnScreen causing flakiness,Incorrect Resource Load Order,https://github.com/calabash/calabash-android-server/commit/06513f5dc0d35b20eb8715770b9fdaef7be88d91,android.test,Specify Problematic Platform,"getLocationOnScreen, reimplemented as viewwrapper",Refactor Logic Implementation,,,,,,,,,
[appium-uiautomator2-server] UiScrollable().scrollIntoView() is flaky,https://github.com/appium/appium/issues/9328,appium-uiautomator2-server can not scroll to element in scrollable context via UiScrollable().scrollIntoView(),Incorrect Test Runner Interaction,,"Appium, UIautomator2",Provide Code Snippet,Not fixed,Remove Test,,,,,,,,,
[scan] Failures with error \Exit status: 65\,https://github.com/fastlane/fastlane/issues/13190,the simulator boot time taking to long,Resource Rendering,,FastLane,Run Tests Outside of Test Suite Contextreset,use a cleanup/simulator reset lane to remove all apps from the simulator and kill any running simulator processes before running the build/test lane,Refactor Logic Implementation,,,,,,,,,
[UI Test Intermittent] clickTopSite_loadTopSite(HomeTest.java:85),https://github.com/mozilla-tw/FirefoxLite/issues/2549,Espresso performs a 'long click' action instead of a 'click' action,Incorrect Test Runner Interaction,,espresso,Unspecified,Increase the long press timeout,	Fix API Access,,,,,,,,,
Add cron job to Log Out Everywhere test user,https://github.com/Automattic/wp-e2e-tests/issues/1801,Too many session tokens saved cause test flaky,Test Order Dependency,https://circleci.com/gh/Automattic/wp-e2e-tests/26357,,Run Tests Outside of Test Suite Contextreset,add cron job which will log out default test user from all saved sessions,Refactor Logic Implementation,,,,,,,,,
Add option to disable ripples globally,https://github.com/angular/components/issues/1776,ripple animations causes flakiness in screendiff testing,Animation Timing Issue,https://github.com/angular/components/blob/fb75a136e72489d75c44ca8e68d99352dc71afef/src/lib/core/ripple/ripple.ts#L20,Angular,Force Environment Conditions,Globally diable ripple animations for screen diff testing.,Disable Animations,,,,,,,,,
Adoption of maven-android-sdk-deployer,https://github.com/stephanenicolas/Quality-Tools-for-Android/commit/d98d82b62b6b35e48a19041c97428b0acd916173,UI Automater tests are flaky,Resource Rendering,,android.test,Unspecified,added FlakyFlag to increase robustness of build,Remove Test,,,,,,,,,
Android devices should have system animations disabled,https://github.com/microsoft/appcenter/issues/731,"Device animations are not disabled on APP Center, which conflict with Espresso",Platform Issue,,"App center, Espresso",Force Environment Conditions,Not fix by app center,Remove Test,,,,,,,,,
Change the UI Tests to use internal site,https://github.com/mozilla-mobile/focus-android/issues/2251,TrashTest() failing intermittently while loading external site ,Network Resource Loading,,Not mentioned,Force Environment Conditions,"Not fixed, change to internal site",Refactor Logic Implementation,,,,,,,,,
Change the UI Tests to use internal site,https://github.com/mozilla-mobile/focus-android/issues/2252,SystemBarTest() failing intermittently while loading external site  SystemBarTest(),Network Resource Loading,,Not mentioned,Force Environment Conditions,"Not fixed, change to internal site",Refactor Logic Implementation,,,,,,,,,
clickOnButton(String) working differently Debug vs Run in Android Studio,https://github.com/RobotiumTech/robotium/issues/735,slower execution causes flakiness,Resource Rendering,https://github.com/RobotiumTech/robotium/issues/735 https://github.com/robotiumtech/robotium/issues/656,"Robotium, JUnit",Force Environment Conditions,"During debug, the execution is so much slower and therefore the tests are more flaky. If you put a large sleep in front of it you will see that it does indeed click.",Add/Increase Delay,,,,,,,,,
ConcurrentModificationException when resetting the server,https://github.com/andrzejchm/RESTMock/issues/103,Concurrency,Test Order Dependency,"invoke RestMockServer.reset() after a test, at the same time the method getMatchedRequests() is iterating the matchableCalls list because some background thread made a request after the test already ended.",Espresso,Run Tests Outside of Test Suite Contextreset,"using IdlingResources to make Espresso wait for our background tasks, replacing the matchableCalls type from LinkedList to CopyOnWriteArrayList.",Fix Await Mechanism,,,,,,,,,
Consecutive app launches fail at times,https://github.com/wix/Detox/issues/1599,"Launching an app dynamically is performed by moving to the recent-apps view on the device, and then selecting the app by using UIAutomator. Instead of showing the app name, the recent-apps view shows the full activity name instead. UIAutomator can't cope with that.",Incorrect Test Runner Interaction,Launch app may fail when the app is already running in the foreground https://github.com/wix/Detox/blob/c982798e8904b8384e4966f4ed20700b66921b39/detox/test/e2e/20.background-foreground.transitions.test.js,UIAutomator,Run Tests Outside of Test Suite Contextreset,Change the way handles app-launching invoked at runtime(do not use UIAutomator),	Fix API Access,https://github.com/wix/Detox/pull/1690,,,,,,,,
Disable animation while running Espresso test,https://github.com/bitrise-steplib/steps-virtual-device-testing-for-android/issues/25,"animations are not off by defaultm, cannot place a step before or after this step to Disable Animations as the emulator will not exist during those times, and the Virtual Device Testing step for Android does not support custom ADB commands.",Platform Issue,,"Espresso, bitrise",Force Environment Conditions,(Suggestion) have the option to run a script after the emulator has booted to allow custom configuration,Remove Test,,,,,,,,,
Disable NewerVersionAvailable lint check,https://github.com/firebase/FirebaseUI-Android/pull/542,"update dependency versions to always be newest could sacrifice stability, gradle dependecy causes build to be flaky and travis to fail",Platform Issue,https://github.com/firebase/FirebaseUI-Android/commit/6226138ffcec77384fda1a2baf49b3a935233a45,"AndroidCI, JUnit",Unspecified,disable GradleDependency to make our builds less flaky,Change Library Version,,,,,,,,,
Disable old 1461 test,https://github.com/xamarin/Xamarin.Forms/pull/5605, flaky on iOS 10 and causes the next test in line (1469) to randomly fail because the 1461 page doesn't go away,Platform Issue,https://github.com/xamarin/Xamarin.Forms/pull/5605/commits/dd5bd1016ff35e131fd0bdf5dc3810e062778d11,Xamarin ,Specify Problematic Platform,"tests work on other platfroms, doesnt work on ios 10, disabled",Remove Test,,,,,,,,,
Enable testing Android states on Travis,https://github.com/servo/saltfs/commit/b80f1bd296cef8d63dcb70b2b7517790d41fc39e,resource limits cause Android testing states to be flaky,Resource Rendering,,,Unspecified,"Use --filter to only download and extract necessary SDK components. This is faster, uses less resources and gets around Travis disk space limits.",Refactor Logic Implementation,https://github.com/servo/saltfs/commit/b80f1bd296cef8d63dcb70b2b7517790d41fc39e,,,,,,,,
Espresso.openActionBarOverflowOrOptionsMenu sometimes performs long click,https://github.com/android/android-test/issues/423,ViewActions.click() interpret short-clicks as long-clicks,Incorrect Test Runner Interaction,"Run an Espresso test which calls openActionBarOverflowOrOptionsMenu on A.) slow device, or B.) any device with a very short long-click timeout",Espresso,Force Environment Conditions,Not fixed,Remove Test,,,,,,,,,
Fix flaky FragmentScenarioTest.fragmentWithOptionsMenu,https://github.com/androidx/androidx/commit/94cccecb2072a95acc92675b354ebd6b797d126c,The test was flaky due to openActionBarOverflowOrOptionsMenu(). That method works well API level 28 and below but is very flaky after 29.,Incorrect Test Runner Interaction,,Espresso,Unspecified,"added Activity#openOptionsMenu() call which opens menu if it is not displayed yet otherwise no-op. Unfortunately, we still need to keep both calls because openOptionsMenu() has the same flakiness on API level 28 an below. The long-term solution should be in Espresso.",	Fix API Access,,,,,,,,,
Fix some flaky tests,https://github.com/xamarin/Xamarin.Forms/pull/6510,The test Bugzilla 31333 doesnt wait for the input to take focus (so on a fast machine it fail).,Resource Rendering,https://github.com/xamarin/Xamarin.Forms/pull/6510/commits/57044aace50074150161d9970b342b08d63de8fa,Xamarin ,Change Timing Interval,added a wait for focus,Fix Await Mechanism,,,,,,,,,
Fix tests,https://github.com/JakeWharton/RxBinding/pull/534,"different search views, use an Activity to create the Views instead of the application context it works",Platform Issue,https://travis-ci.org/github/JakeWharton/RxBinding/jobs/604574684,,Specify Problematic Platform,,Refactor Logic Implementation,,,,,,,,,
Fix/Optimize test_shouldBeWatered() which might break down test,https://github.com/android/sunflower/pull/212, using Random()causes unpredictable test failures ,Randomness,https://github.com/android/sunflower/commit/f99cf1829cae25f87b1d5fc922c24ff1ba3f9c71,JUnit,Unspecified,replaced random with a fixed value,Refactor Logic Implementation,,,,,,,,,
"Flake on test run with latest code today, New breakages in OkHttp tests on Android AOSP/master",https://github.com/square/okhttp/issues/1640,Race condition in worker thread takes down the test process,Incorrect Test Runner Interaction,MockSpdyPeer crashed if close() was called before readAndWriteFrames() started https://github.com/square/okhttp/blob/49dfda04ae9df1b915ccea17ca1e70ff48e06e6c/okhttp-tests/src/test/java/okhttp3/internal/framed/Spdy3ConnectionTest.java,junit tests,Unspecified,Used syncronized threads to close the socket if MockSpdyPeer executor thread is shutdown,Refactor Logic Implementation,,,,,,,,,
Flaky test for Android if test contains scroll,https://github.com/wix/Detox/issues/1406,Android recognize swipe as tap,Incorrect Test Runner Interaction,"If the scrollview contains clickable/touchable children from edge to edge, the scroll attempt will instantly trigger the onPress/onLongPress method and break the test.",Espresso,Specify Problematic Platform,"Prepare all associated motion events in advance and then inject all of them as a sequence, rather than one by one",	Fix API Access,https://github.com/wix/Detox/pull/1517/commits/f374ed3b79ee468fdb9153619db134b6681f6143,,,,,,,,
Flaky test on engine-gecko-nightly GeckoEngineSessionTest.kt:272,https://github.com/mozilla-mobile/android-components/issues/1083,Funtion call error,Incorrect Resource Load Order,saveState() test failed on taskcluster,,Unspecified,Update handler method,Refactor Logic Implementation,https://github.com/mozilla-mobile/android-components/pull/1163,,,,,,,,
Misc touch issues,https://github.com/yol/xbmc/issues/43,touch method error,Incorrect Test Runner Interaction,"touch support is generally a little flaky in Kodi, press and hold sometimes does not seem to work",,Unspecified,Update the touch method,	Fix API Access,https://github.com/xbmc/xbmc/pull/12617,,,,,,,,
"PageVisitTest intermittently fails with: Error performing 'single click - At Coordinates: 751, 170 and precision: 16, 16' on view 'with id: org.mozilla.focus.debug:id/whats_new'.",https://github.com/mozilla-mobile/focus-android/issues/2231,"menu item is getting tapped too early, new page are failing to load",Resource Rendering,,Espresso,Unspecified,Ignore,Remove Test,,,,,,,,,
RequestQueueIntegrationTest is flaky,https://github.com/google/volley/issues/56,Time delay not long enough,Resource Rendering,add_requestProcessedInCorrectOrder FAILED https://travis-ci.org/github/google/volley/builds/254582777?utm_medium=notification&utm_source=github_status,Travis CI,Change Timing Interval,migrate to new Mockito APIs and dramatically increase timeouts to try and avoid flakiness.,Add/Increase Delay; Fix API Access,https://github.com/AndroidKotlinID/volley/pull/9,,,,,,,,
RxSwipeDismissBehaviorTest.dismisses failing with v24 dependencies,https://github.com/JakeWharton/RxBinding/commit/affa7a4f58e5becec4ad8b49d30f525d6ad4c2a6,,Animation Timing Issue,https://github.com/JakeWharton/RxBinding/commit/affa7a4f58e5becec4ad8b49d30f525d6ad4c2a6,Junit,Change Timing Interval,Changed GeneralSwipeAction Swipe.SLOW to Swipe.Fast,Add/Increase Delay,,,,,,,,,
Saving notifications settings for New posts is flaky,https://github.com/wordpress-mobile/WordPress-Android/issues/7796,NullPointerException crash when event.error is null,Test Order Dependency,change the setting for a deleted blog cause app crash,"Pixel, Android 8.1.0, WPAndroid alpha-110",Unspecified,Update the handleUpdatedSubscription method to assign the OnSubscriptionUpdated event error from the SubscriptionResponsePayload payload rather than creating a new SubscriptionError,Refactor Logic Implementation,https://github.com/wordpress-mobile/WordPress-Android/pull/7835,,,,,,,,
Speed up core UI tests and reduce flakiness,https://github.com/xamarin/Xamarin.Forms/pull/6395,Slow ViewUITests causes flakiness,Animation Timing Issue,https://github.com/kvpt/Xamarin.Forms/commit/c1272163fd39849d80d873c6733784dca9a12011,Xamarin ,Run Tests Outside of Test Suite Context,Add delay before trying to dismiss dialogs so they can fully appear,Add/Increase Delay,,,,,,,,,
Stabilize flaky self animations e2e on Android,https://github.com/wix/Detox/issues/1171,Naive logic cause Espresso premature interrogate whether idle,Animation Timing Issue,Sometimes after-animation text doesn't appear,Espresso,Provide Code Snippet,Stop considering any real timer (non-repeating and <1500ms) in queue as holding the system busy,Fix Await Mechanism,https://github.com/wix/Detox/pull/1186/commits/b92271b8a89ba6070f624bde033cf3e5dcb09fc8https://github.com/wix/Detox/pull/1186/commits/b92271b8a89ba6070f624bde033cf3e5dcb09fc8,,,,,,,,
Testing: Some UI tests are flaky,https://github.com/wordpress-mobile/gutenberg-mobile/issues/1663,"Concurrency: exceeded Saucelabs concurrency limit: one PR can use up all slots, causing other test waiting to timeout",Resource Rendering,,Saucelabs / CircleCI,Specify Problematic Platform,not fixed,Remove Test,,,,,,,,,
Testing: Some UI tests are flaky,https://github.com/wordpress-mobile/gutenberg-mobile/issues/1662,"Android does not always insert all the text we ""type"" in our e2e tests",Incorrect Test Runner Interaction,,e2e test,Unspecified,"Do not use adb command to insert test, use type command in Appium instead",	Fix API Access,,,,,,,,,
Testing: UI tests that consume magic links sometimes fail after opening Safari,https://github.com/wordpress-mobile/WordPress-iOS/issues/12608,"testEmailMagicLinkLogin and testEmailSignup failed when open safari,  error: Failed to get matching snapshots: Error getting main window kAXErrorServerNotFound",Resource Rendering,,"circleCI test, Xcode",Force Environment Conditions,not fix,Remove Test,,,,,,,,,0
UI Tests - Fix tests failing on Bitrise scheduled build,https://github.com/mozilla-lockwise/lockwise-android/issues/654,"testDisconnectDisclaimer failed because didn't find string ""Disconnect Firefox Lockbox""",DOM Selector Issue,,Bitrise,Run Tests Outside of Test Suite Context,test looks for the Disconnect button instead,Refactor Logic Implementation,,,,,,,,,
"Update everything, remove deprecated stuff from updates, make Travis builds less flaky, and update storage sample",https://github.com/firebase/FirebaseUI-Android/pull/559,"update dependency versions to always be newest could sacrifice stability, gradle dependecy causes build to be flaky and travis to fail",Platform Issue,https://github.com/firebase/FirebaseUI-Android/commit/11280c763621156d502e25d72af69271abdfe5d4,"AndroidCI, JUnit",Unspecified,disable GradleDependency to make our builds less flaky,Change Library Version,,,,,,,,,
Use PollingCheck instead of sleep in AppBarWithCollapsingToolbarTest,https://github.com/material-components/material-components-android/commit/1985a0c0dd9da91917fa794aa280480228b96ef9,using  SystemClock.sleep() for waiting,Animation Timing Issue,https://github.com/material-components/material-components-android/commit/1985a0c0dd9da91917fa794aa280480228b96ef9#diff-b08509be6aa195838778bd10c94c680b,JUnit,Unspecified,Used PollingCheck instead of system clock,Refactor Logic Implementation,,,,,,,,,
Using a font with an unsupported font weight leads to flaky behavior,https://github.com/flutter/flutter/issues/31212,fonts order in a font family's SkFontStyleSet not consistent,Randomness,"The test includes font weights of 500 and 700 for Roboto. When the test code uses font weight 600, rendering becomes flaky as sometimes 500 is chosen and other times 700.",Android Studio,Unspecified,sorts the typefaces in the SkFontStyleSet before converting them into a Minikin font family,Refactor Logic Implementation,https://github.com/flutter/engine/pull/11056,,,,,,,,
wait for test to finish so it doesn't break later tests,https://github.com/xamarin/Xamarin.Forms/pull/6562,test failure due to flakiness,Animation Timing Issue,https://github.com/xamarin/Xamarin.Forms/pull/6562/commits/d3a9211cbb886b5bb5e912113b3276a04a1841c0,Xamarin ,Run Tests Outside of Test Suite Contextreset,added a wait for the test to load and finish,Fix Await Mechanism,,,,,,,,,
[FlexibleHeader] Flaky Test,https://github.com/material-components/material-components-ios/issues/2190,UITest failing on the iPhone  if the value that the random number generator returns is bigger than the minimumHeight.,Randomness,,Xcode,Unspecified,Not fixed,Remove Test,,,,,,,,,
Fix flaky UI tests (#2403),https://github.com/mapbox/mapbox-navigation-android/pull/2463,"put all dependencies for unit test and ui test in one module, which caused crash",Incorrect Resource Load Order,,Robolectric,Run Tests Outside of Test Suite Contextreset,Split into two modules,	Fix API Access,,,,,,,,,
Fix startLogin being called on every configuration change with only one provider enabled,https://github.com/firebase/FirebaseUI-Android/pull/552,"update dependency versions to always be newest could sacrifice stability, gradle dependecy causes build to be flaky and travis to fail",Platform Issue,https://github.com/firebase/FirebaseUI-Android/pull/552/files,"AndroidCI, JUnit",Unspecified,disable GradleDependency to make our builds less flaky,Change Library Version,,,,,,,,,
Fix tests,https://github.com/JakeWharton/RxBinding/pull/534,Waited for the root of the view hierarchy to have window focus and not request layout for 10 seconds.,Incorrect Resource Load Order,https://travis-ci.org/github/JakeWharton/RxBinding/jobs/604616957,Espresso,Specify Problematic Platform,,Refactor Logic Implementation,https://github.com/JakeWharton/RxBinding/pull/534/commits/68ff3b5336f0b64d1b17f8f575109f453c10cb10,,,,,,,,
"In API 26, sometimes system notifications text is not detected by uiautomator",https://github.com/mozilla-mobile/focus-android/issues/2281,"In API 26 uiautomator fails to detect ""Download complete"" text in the notification pulldown",Incorrect Test Runner Interaction,,UIAutomator,Unspecified,Not fixed,Remove Test,,,,,,,,,
Not able to access menu items during unit test,https://github.com/RobotiumTech/robotium/issues/567," unreliable clicks on different platforms, probably due to incorrect exception handling on resource load, ",Platform Issue,https://github.com/robotiumtech/robotium/issues/488,"Robotium, JUnit",Specify Problematic Platform,use the latest dev version of Robotium instead. ClickOnMenuItem has been improved in this version.,Change Library Version,,,,,,,,,
RxSwipeRefreshLayoutTest is flaky,https://github.com/JakeWharton/RxBinding/issues/72,"flakiness due to .setRefresh(false) (stopping the refresh animation) could happen to be called between the swipe release and the actual loading/refreshing animation, causing the animation to stop and listener never to be called",Animation Timing Issue,https://github.com/JakeWharton/RxBinding/pull/261/files/1c77a27ca8b47b3b886225cd5f1f04bb4ba73bb6..59e38933480b3d9990228a2baae7ca8e6463b6b0#diff-16f2c3fe10e8c6e52ab6a0058df6a1da,Espresso,Unspecified,post refresh stop on actionup for 300ms  after the first touch on a view happens,Add/Increase Delay,https://github.com/JakeWharton/RxBinding/pull/261,,,,,,,,
[Bug] Collections do not get saved intermittently in low level x86 VM ,https://github.com/mozilla-mobile/fenix/issues/5793,intermittently fails to create the second collection,Platform Issue,,x86 emulator VM,Specify Problematic Platform,"Not fixed, disable test",Remove Test,,,,,,,,,
[Bug] Disabled toggleSearchSuggestions test due to flakyness on firebase,https://github.com/mozilla-mobile/fenix/issues/8174,toggleSearchSuggestions test works locally but fails on firebase,Platform Issue,toggleSearchSuggestions test works locally but fails on firebase,Firebase,Specify Problematic Platform,Not fixed,Remove Test,,,,,,,,,
"[Bug] Fix intermittent error on UI Bookmarks tests - Nexus 6, Virtual, API Level 25",https://github.com/mozilla-mobile/fenix/issues/7417,"failing intermittently on Firebase on Nexus 6, API Level 25, for Pixel 2 API 28 tests are working.",Platform Issue,"deleteMultipleSelectionTest, multipleBookmarkDeletions failing intermittently on Firebase",Firebase,Specify Problematic Platform,Not fixed,Remove Test,,,,,,,,,
[UI Test Intermittent] restoreEmptyTab_addNewTabThenRelaunch(SaveRestoreTabsTest.java:61),https://github.com/mozilla-tw/Rocket/issues/2548,Espresso performs a 'long click' action instead of a 'click' action,Incorrect Test Runner Interaction,,espresso,Unspecified,Increase the long press timeout,	Fix API Access,,,,,,,,,
Build failure on TravisCI due to flaky tests,https://github.com/JakeWharton/RxBinding/pull/136,child views loading animations and sounds so it took more than 45 seconds to load the activity on some emulators,Resource Rendering,https://github.com/JakeWharton/RxBinding/commit/edcf58a98be61a8ae369658b4ae585216b9a757f,Espresso,Change Timing Interval,disabled animations and sounds,Disable Animations,,,,,,,,,
Change flaky swipe tests to test correct paging or just require movement,https://github.com/material-components/material-components-android/commit/440eec12728017f71f5e0d96d71f7af7f9fb5de9,swipte tests are flaky,Platform Issue,https://github.com/material-components/material-components-android/commit/440eec12728017f71f5e0d96d71f7af7f9fb5de9#diff-5a66687ea1b0dfbbea02cbf8f9303daf,AndroidX Test,Run Tests Outside of Test Suite Context,"Added @VisibleForTesting tag, Denotes that the class, method or field has its visibility relaxed, so that it is more widely visible than otherwise necessary to make code testable. Added a listener with idling resource that guarantees the call to getSelection() is not null.",Remove Test,,,,,,,,,
Change the UI Tests to use internal site,https://github.com/mozilla-mobile/focus-android/issues/2253,SimpleToggleTest() failing intermittently while loading external site ,Network Resource Loading,,Not mentioned,Force Environment Conditions,"Not fixed, change to internal site",Refactor Logic Implementation,,,,,,,,,
Dialog click not working on Pixel 3 ,https://github.com/android/android-test/issues/444,"On Pixel 3 ExampleInstrumentedTest fails individually but if we run the entire class with multiple tests, that is when they become flaky",Platform Issue,,Espresso,Specify Problematic Platform,Not fixed,Remove Test,,,,,,,,,
Espresso is not waiting for drawer to close,https://github.com/android/testing-samples/issues/289,Espresso not waiting for the drawer to be closed before performing the action ViewActions.click(),Platform Issue,,Espresso,Specify Problematic Platform,Rollback the androidx's navigation version from 2.1.0 to 2.0.0,Change Library Version,,,,,,,,,
EventActivityTest flaky test,https://github.com/gdg-x/frisbee/issues/715,No description,Platform Issue,,,Unspecified,Not fixed,Remove Test,,,,,,,,,
Fix flakiness in BottomSheet test,https://github.com/material-components/material-components-android/commit/8005572becc2ed0ef7af4d0011a13650ea31611e,Running all tests on activityTestRule.runOnUiThread might be leading to a race condition causing flakiness,Incorrect Test Runner Interaction,https://github.com/material-components/material-components-android/commit/8005572becc2ed0ef7af4d0011a13650ea31611e#diff-a50f1ac266216ea75798b7d9c856c4ed,Espresso,Unspecified,Reorganized imports and added an @After testcase runs close the dialog,Change Library Version,,,,,,,,,
Flaky NavigationViewOrientationTest,https://github.com/mapbox/mapbox-navigation-android/issues/1209,Directions API network calls / double initialization of the NavigationView causing map crashes,Incorrect Resource Load Order,,Firebase,Provide Code Snippet,reset up the OnNavigationReadyIdlingResource,Refactor Logic Implementation,https://github.com/mapbox/mapbox-navigation-android/pull/1548/commits/66e1968e9de7e28566e28de0ae064f0b56e2dbb1,,,,,,,,
Make bottom navigation item pool non-static,https://github.com/material-components/material-components-android/commit/3bd7fdf7c19937dbdccb87977252178757bfe80b,items acquired from the pool were still attached to their old parent,Test Order Dependency,https://github.com/material-components/material-components-android/commit/3bd7fdf7c19937dbdccb87977252178757bfe80b#diff-11cec69dd863bc6f1d54bc04ea4672b1,Espresso,Unspecified,Added  removeAllViews(); on buildMenuView,Refactor Logic Implementation,,,,,,,,,
Notify ViewPager on data set change in the same UI event,https://github.com/material-components/material-components-android/commit/c2894bfee5cef3d47186c9aba4846f0d2033ac1a,notifyAdapterContentChange was flaky as it was not in the same UI event,Incorrect Resource Load Order,https://github.com/material-components/material-components-android/commit/c2894bfee5cef3d47186c9aba4846f0d2033ac1a#diff-6e40be210ffc4af38b9767a605852e68,Espresso,Unspecified,Moved notifyAdapterContentChange code to the test in the same UI event addItemToPager,Refactor Logic Implementation,,,,,,,,,
Overslept and turned a tap into a long press should immediately fail test,https://github.com/android/android-test/issues/438, single click turns into long click at random which does not correctly nav to next screen which then leads to no matching view and test failure,Incorrect Test Runner Interaction,,Espresso,Provide Code Snippet,Not fixed,Remove Test,,,,,,,,,
rxbinding-appcompat-v7 has a flaky test,https://github.com/firebase/FirebaseUI-Android/pull/552,click emulation interactions are flaky for SnackbarActionOnSubscribe,DOM Selector Issue,https://github.com/JakeWharton/RxBinding/pull/302,Expresso,Unspecified,emulate a click on the action from within the tests,Refactor Logic Implementation,,,,,,,,,
Split ScreenGrabTest into multiple tests,https://github.com/mozilla-mobile/focus-android/pull/1505,low step number of .swipeDown() can cause unpredictable results,Incorrect Resource Load Order,,Espresso,Run Tests Outside of Test Suite Contextreset,experimenting with longer distance,	Fix API Access,,,,,,,,,
Use a different API to slide snackbars on JB,https://github.com/material-components/material-components-android/commit/b0725338909699f9dbe0e14ad0f219ca266f182c,platform flakiness with setTranslationY,Platform Issue,https://github.com/material-components/material-components-android/commit/b0725338909699f9dbe0e14ad0f219ca266f182c#diff-2a10f5fd9c08fb01b03f9b759e08a9b1,AndroidX Test,Specify Problematic Platform,Added an if/else to check platform and use different api to add offset,	Fix API Access,,,,,,,,,
vanadium-android-build is flaky in presubmits ,https://github.com/vanadium/issues/issues/1095,Improper Java profile,Test Order Dependency,v.io/c/19292 was trying to upgradev.io/c/19331 the java profile and failed in its first presubmit with causing the Java profile to be broken on node 76 ,,Unspecified,Disabled the test,Remove Test,,,,,,,,,
flaky test at RecyclerView module,https://github.com/JakeWharton/RxBinding/pull/534,Espresso idling resources register adds complexity and breaks encapsualtion leading to unintended events (Source https://stackoverflow.com/questions/47078005/why-is-espressos-registeridlingresources-deprecated-and-what-replaces-it),Incorrect Test Runner Interaction,,Espresso,Specify Problematic Platform,Use IdlingRegistry.register instead of Espresso.registerIdlingResources,	Fix API Access,https://github.com/JakeWharton/RxBinding/commit/7353edeae7911221c5f109da66d9020add2154d0,,,,,,,,
Remove flakiness / race condition in snackbar tests,https://github.com/material-components/material-components-android/commit/1c047f4d1ded69564e9fbc0641509e28ff5a1878,artifical timeouts and race condition in waiting for snackbar's dismissal in a loop,Animation Timing Issue,https://github.com/material-components/material-components-android/commit/1c047f4d1ded69564e9fbc0641509e28ff5a1878,Espresso,Unspecified,use Espresso's IdlingResource to reliably wait until the snackbar has been shown or dismissed.,Fix Await Mechanism,,,,,,,,,
Fix some flaky tests,https://github.com/xamarin/Xamarin.Forms/pull/6510,The test Issue1733 use the current culture to parse number which can fail (and indeed fail on my machine).,Test Order Dependency,https://github.com/xamarin/Xamarin.Forms/pull/6510/commits/57044aace50074150161d9970b342b08d63de8fa,Xamarin ,Unspecified,Using CultureInfo.InvariantCulture to persist data in a culture-independent format,Refactor Logic Implementation,,,,,,,,,
Invites: Accepting an invite occasionally logs user out signing up,https://github.com/Automattic/wp-calypso/issues/6014,New user log out after register,Incorrect Resource Load Order,,,Unspecified,https://github.com/Automattic/wp-e2e-tests/pull/71,Refactor Logic Implementation,,,,,,,,,
Autocomplete: Incompatible with protractor tests,https://github.com/angular/components/issues/4467, protractor tests flaky due to stale data or wait,DOM Selector Issue,,Angular,Unspecified, A solution has been to use NoopAnimationsModule instead of BrowserAnimationsModule,Disable Animations,,,,,,,,,
Closes #7687: Temp disable UI test verifyContextCopyImageLocation and verifyContextSaveImage and verifyContextOpenImageNewTab,https://github.com/mozilla-mobile/fenix/pull/7688,Nexus 6 (API 25) intermittent issues,Platform Issue,,,Specify Problematic Platform,"Not fixed, disable these tests",Remove Test,,,,,,,,,
Fix flaky Snackbar tests,https://github.com/material-components/material-components-android/commit/271e6fe12200a73874114b11a733af5fcea35bcf,In some cases the snackbar would be dismissed by the timeout too quickly. test duration timing can be flaky when run in the emulator,Resource Rendering,https://github.com/material-components/material-components-android/commit/271e6fe12200a73874114b11a733af5fcea35bcf#diff-34cc221b3b9c1eda97b20536db8e7086,AndroidX Test,Change Timing Interval,Changed Snackbar.LENGTH_LONG to Snackbar.LENGTH_INDEFINITE in test files,Add/Increase Delay,,,,,,,,,